[2019-04-29 13:29:15,149] {__init__.py:1139} INFO - Dependencies all met for <TaskInstance: demo_XCOM1.read_df 2019-04-28T00:00:00+00:00 [queued]>
[2019-04-29 13:29:15,151] {__init__.py:1139} INFO - Dependencies all met for <TaskInstance: demo_XCOM1.read_df 2019-04-28T00:00:00+00:00 [queued]>
[2019-04-29 13:29:15,152] {__init__.py:1353} INFO - 
--------------------------------------------------------------------------------
[2019-04-29 13:29:15,152] {__init__.py:1354} INFO - Starting attempt 1 of 1
[2019-04-29 13:29:15,152] {__init__.py:1355} INFO - 
--------------------------------------------------------------------------------
[2019-04-29 13:29:15,160] {__init__.py:1374} INFO - Executing <Task(PythonOperator): read_df> on 2019-04-28T00:00:00+00:00
[2019-04-29 13:29:15,160] {base_task_runner.py:119} INFO - Running: ['airflow', 'run', 'demo_XCOM1', 'read_df', '2019-04-28T00:00:00+00:00', '--job_id', '171', '--raw', '-sd', 'DAGS_FOLDER/XCOM_challenge.py', '--cfg_path', '/tmp/tmptmeg8p16']
[2019-04-29 13:29:15,419] {base_task_runner.py:101} INFO - Job 171: Subtask read_df /home/mjcarleb/anaconda3/envs/airflow4/lib/python3.7/site-packages/airflow/configuration.py:214: FutureWarning: The task_runner setting in [core] has the old default value of 'BashTaskRunner'. This value has been changed to 'StandardTaskRunner' in the running config, but please update your config before Apache Airflow 2.0.
[2019-04-29 13:29:15,419] {base_task_runner.py:101} INFO - Job 171: Subtask read_df   FutureWarning,
[2019-04-29 13:29:15,565] {base_task_runner.py:101} INFO - Job 171: Subtask read_df [2019-04-29 13:29:15,565] {__init__.py:51} INFO - Using executor SequentialExecutor
[2019-04-29 13:29:15,719] {base_task_runner.py:101} INFO - Job 171: Subtask read_df [2019-04-29 13:29:15,719] {__init__.py:305} INFO - Filling up the DagBag from /home/mjcarleb/HESWork/CSCI-E29/2019sp-airflow_project-mjcarleb/dags/XCOM_challenge.py
[2019-04-29 13:29:15,866] {base_task_runner.py:101} INFO - Job 171: Subtask read_df [2019-04-29 13:29:15,866] {cli.py:517} INFO - Running <TaskInstance: demo_XCOM1.read_df 2019-04-28T00:00:00+00:00 [running]> on host localhost.localdomain
[2019-04-29 13:29:15,871] {python_operator.py:104} INFO - Exporting the following env vars:
AIRFLOW_CTX_DAG_ID=demo_XCOM1
AIRFLOW_CTX_TASK_ID=read_df
AIRFLOW_CTX_EXECUTION_DATE=2019-04-28T00:00:00+00:00
AIRFLOW_CTX_DAG_RUN_ID=scheduled__2019-04-28T00:00:00+00:00
[2019-04-29 13:29:15,871] {logging_mixin.py:95} INFO - hello, MarkJoseph
[2019-04-29 13:29:15,945] {logging_mixin.py:95} INFO - (10000, 9)
[2019-04-29 13:29:15,945] {python_operator.py:113} INFO - Done. Returned value was: Whatever you return gets printed in logs
[2019-04-29 13:29:20,159] {logging_mixin.py:95} INFO - [2019-04-29 13:29:20,159] {jobs.py:2562} INFO - Task exited with return code 0
