[2019-05-01 19:01:14,599] {__init__.py:1139} INFO - Dependencies all met for <TaskInstance: Content_Addressable_DAG.5.Sense_S3_Source 2019-05-01T23:00:29.268587+00:00 [queued]>
[2019-05-01 19:01:14,604] {__init__.py:1139} INFO - Dependencies all met for <TaskInstance: Content_Addressable_DAG.5.Sense_S3_Source 2019-05-01T23:00:29.268587+00:00 [queued]>
[2019-05-01 19:01:14,604] {__init__.py:1353} INFO - 
--------------------------------------------------------------------------------
[2019-05-01 19:01:14,604] {__init__.py:1354} INFO - Starting attempt 1 of 1
[2019-05-01 19:01:14,604] {__init__.py:1355} INFO - 
--------------------------------------------------------------------------------
[2019-05-01 19:01:14,612] {__init__.py:1374} INFO - Executing <Task(S3KeySensor): 5.Sense_S3_Source> on 2019-05-01T23:00:29.268587+00:00
[2019-05-01 19:01:14,612] {base_task_runner.py:119} INFO - Running: ['airflow', 'run', 'Content_Addressable_DAG', '5.Sense_S3_Source', '2019-05-01T23:00:29.268587+00:00', '--job_id', '424', '--raw', '-sd', 'DAGS_FOLDER/content_addressable_dag.py', '--cfg_path', '/tmp/tmptitjtr3_']
[2019-05-01 19:01:14,884] {base_task_runner.py:101} INFO - Job 424: Subtask 5.Sense_S3_Source /home/mjcarleb/anaconda3/envs/airflow5/lib/python3.7/site-packages/airflow/configuration.py:214: FutureWarning: The task_runner setting in [core] has the old default value of 'BashTaskRunner'. This value has been changed to 'StandardTaskRunner' in the running config, but please update your config before Apache Airflow 2.0.
[2019-05-01 19:01:14,884] {base_task_runner.py:101} INFO - Job 424: Subtask 5.Sense_S3_Source   FutureWarning,
[2019-05-01 19:01:15,033] {base_task_runner.py:101} INFO - Job 424: Subtask 5.Sense_S3_Source [2019-05-01 19:01:15,033] {__init__.py:51} INFO - Using executor SequentialExecutor
[2019-05-01 19:01:15,170] {base_task_runner.py:101} INFO - Job 424: Subtask 5.Sense_S3_Source [2019-05-01 19:01:15,169] {__init__.py:305} INFO - Filling up the DagBag from /home/mjcarleb/HESWork/CSCI-E29/2019sp-airflow_project-mjcarleb/dags/content_addressable_dag.py
[2019-05-01 19:01:15,310] {base_task_runner.py:101} INFO - Job 424: Subtask 5.Sense_S3_Source [2019-05-01 19:01:15,310] {cli.py:517} INFO - Running <TaskInstance: Content_Addressable_DAG.5.Sense_S3_Source 2019-05-01T23:00:29.268587+00:00 [running]> on host localhost.localdomain
[2019-05-01 19:01:15,369] {s3_key_sensor.py:88} INFO - Poking for key : s3://cscie29-data/pset5/yelp_data/yeld_subset_1.csv
[2019-05-01 19:01:15,385] {logging_mixin.py:95} INFO - [2019-05-01 19:01:15,385] {credentials.py:1046} INFO - Found credentials in shared credentials file: ~/.aws/credentials
[2019-05-01 19:01:15,942] {logging_mixin.py:95} INFO - [2019-05-01 19:01:15,942] {S3_hook.py:201} INFO - Not Found
[2019-05-01 19:01:20,946] {s3_key_sensor.py:88} INFO - Poking for key : s3://cscie29-data/pset5/yelp_data/yeld_subset_1.csv
[2019-05-01 19:01:20,990] {logging_mixin.py:95} INFO - [2019-05-01 19:01:20,990] {credentials.py:1046} INFO - Found credentials in shared credentials file: ~/.aws/credentials
[2019-05-01 19:01:21,303] {logging_mixin.py:95} INFO - [2019-05-01 19:01:21,303] {S3_hook.py:201} INFO - Not Found
[2019-05-01 19:01:21,315] {__init__.py:1580} ERROR - Snap. Time is OUT.
Traceback (most recent call last):
  File "/home/mjcarleb/anaconda3/envs/airflow5/lib/python3.7/site-packages/airflow/models/__init__.py", line 1441, in _run_raw_task
    result = task_copy.execute(context=context)
  File "/home/mjcarleb/anaconda3/envs/airflow5/lib/python3.7/site-packages/airflow/sensors/base_sensor_operator.py", line 117, in execute
    raise AirflowSensorTimeout('Snap. Time is OUT.')
airflow.exceptions.AirflowSensorTimeout: Snap. Time is OUT.
[2019-05-01 19:01:21,319] {__init__.py:1611} INFO - Marking task as FAILED.
[2019-05-01 19:01:21,351] {base_task_runner.py:101} INFO - Job 424: Subtask 5.Sense_S3_Source Traceback (most recent call last):
[2019-05-01 19:01:21,351] {base_task_runner.py:101} INFO - Job 424: Subtask 5.Sense_S3_Source   File "/home/mjcarleb/anaconda3/envs/airflow5/bin/airflow", line 32, in <module>
[2019-05-01 19:01:21,351] {base_task_runner.py:101} INFO - Job 424: Subtask 5.Sense_S3_Source     args.func(args)
[2019-05-01 19:01:21,351] {base_task_runner.py:101} INFO - Job 424: Subtask 5.Sense_S3_Source   File "/home/mjcarleb/anaconda3/envs/airflow5/lib/python3.7/site-packages/airflow/utils/cli.py", line 74, in wrapper
[2019-05-01 19:01:21,351] {base_task_runner.py:101} INFO - Job 424: Subtask 5.Sense_S3_Source     return f(*args, **kwargs)
[2019-05-01 19:01:21,351] {base_task_runner.py:101} INFO - Job 424: Subtask 5.Sense_S3_Source   File "/home/mjcarleb/anaconda3/envs/airflow5/lib/python3.7/site-packages/airflow/bin/cli.py", line 523, in run
[2019-05-01 19:01:21,351] {base_task_runner.py:101} INFO - Job 424: Subtask 5.Sense_S3_Source     _run(args, dag, ti)
[2019-05-01 19:01:21,351] {base_task_runner.py:101} INFO - Job 424: Subtask 5.Sense_S3_Source   File "/home/mjcarleb/anaconda3/envs/airflow5/lib/python3.7/site-packages/airflow/bin/cli.py", line 442, in _run
[2019-05-01 19:01:21,351] {base_task_runner.py:101} INFO - Job 424: Subtask 5.Sense_S3_Source     pool=args.pool,
[2019-05-01 19:01:21,351] {base_task_runner.py:101} INFO - Job 424: Subtask 5.Sense_S3_Source   File "/home/mjcarleb/anaconda3/envs/airflow5/lib/python3.7/site-packages/airflow/utils/db.py", line 73, in wrapper
[2019-05-01 19:01:21,352] {base_task_runner.py:101} INFO - Job 424: Subtask 5.Sense_S3_Source     return func(*args, **kwargs)
[2019-05-01 19:01:21,352] {base_task_runner.py:101} INFO - Job 424: Subtask 5.Sense_S3_Source   File "/home/mjcarleb/anaconda3/envs/airflow5/lib/python3.7/site-packages/airflow/models/__init__.py", line 1441, in _run_raw_task
[2019-05-01 19:01:21,352] {base_task_runner.py:101} INFO - Job 424: Subtask 5.Sense_S3_Source     result = task_copy.execute(context=context)
[2019-05-01 19:01:21,352] {base_task_runner.py:101} INFO - Job 424: Subtask 5.Sense_S3_Source   File "/home/mjcarleb/anaconda3/envs/airflow5/lib/python3.7/site-packages/airflow/sensors/base_sensor_operator.py", line 117, in execute
[2019-05-01 19:01:21,352] {base_task_runner.py:101} INFO - Job 424: Subtask 5.Sense_S3_Source     raise AirflowSensorTimeout('Snap. Time is OUT.')
[2019-05-01 19:01:21,352] {base_task_runner.py:101} INFO - Job 424: Subtask 5.Sense_S3_Source airflow.exceptions.AirflowSensorTimeout: Snap. Time is OUT.
[2019-05-01 19:01:24,651] {logging_mixin.py:95} INFO - [2019-05-01 19:01:24,650] {jobs.py:2562} INFO - Task exited with return code 1
