[2019-05-02 20:27:08,299] {__init__.py:1139} INFO - Dependencies all met for <TaskInstance: Content_Addressable_DAG.1.Generate_DAG_hash 2019-05-03T00:27:06.417743+00:00 [queued]>
[2019-05-02 20:27:08,301] {__init__.py:1139} INFO - Dependencies all met for <TaskInstance: Content_Addressable_DAG.1.Generate_DAG_hash 2019-05-03T00:27:06.417743+00:00 [queued]>
[2019-05-02 20:27:08,301] {__init__.py:1353} INFO - 
--------------------------------------------------------------------------------
[2019-05-02 20:27:08,301] {__init__.py:1354} INFO - Starting attempt 1 of 1
[2019-05-02 20:27:08,301] {__init__.py:1355} INFO - 
--------------------------------------------------------------------------------
[2019-05-02 20:27:08,310] {__init__.py:1374} INFO - Executing <Task(PythonOperator): 1.Generate_DAG_hash> on 2019-05-03T00:27:06.417743+00:00
[2019-05-02 20:27:08,310] {base_task_runner.py:119} INFO - Running: ['airflow', 'run', 'Content_Addressable_DAG', '1.Generate_DAG_hash', '2019-05-03T00:27:06.417743+00:00', '--job_id', '426', '--raw', '-sd', 'DAGS_FOLDER/content_addressable_dag.py', '--cfg_path', '/tmp/tmpfz693ps4']
[2019-05-02 20:27:08,579] {base_task_runner.py:101} INFO - Job 426: Subtask 1.Generate_DAG_hash /home/mjcarleb/anaconda3/envs/airflow5/lib/python3.7/site-packages/airflow/configuration.py:214: FutureWarning: The task_runner setting in [core] has the old default value of 'BashTaskRunner'. This value has been changed to 'StandardTaskRunner' in the running config, but please update your config before Apache Airflow 2.0.
[2019-05-02 20:27:08,579] {base_task_runner.py:101} INFO - Job 426: Subtask 1.Generate_DAG_hash   FutureWarning,
[2019-05-02 20:27:08,737] {base_task_runner.py:101} INFO - Job 426: Subtask 1.Generate_DAG_hash [2019-05-02 20:27:08,737] {__init__.py:51} INFO - Using executor SequentialExecutor
[2019-05-02 20:27:08,884] {base_task_runner.py:101} INFO - Job 426: Subtask 1.Generate_DAG_hash [2019-05-02 20:27:08,884] {__init__.py:305} INFO - Filling up the DagBag from /home/mjcarleb/HESWork/CSCI-E29/2019sp-airflow_project-mjcarleb/dags/content_addressable_dag.py
[2019-05-02 20:27:09,034] {base_task_runner.py:101} INFO - Job 426: Subtask 1.Generate_DAG_hash [2019-05-02 20:27:09,033] {cli.py:517} INFO - Running <TaskInstance: Content_Addressable_DAG.1.Generate_DAG_hash 2019-05-03T00:27:06.417743+00:00 [running]> on host localhost.localdomain
[2019-05-02 20:27:09,039] {python_operator.py:104} INFO - Exporting the following env vars:
AIRFLOW_CTX_DAG_ID=Content_Addressable_DAG
AIRFLOW_CTX_TASK_ID=1.Generate_DAG_hash
AIRFLOW_CTX_EXECUTION_DATE=2019-05-03T00:27:06.417743+00:00
AIRFLOW_CTX_DAG_RUN_ID=manual__2019-05-03T00:27:06.417743+00:00
[2019-05-02 20:27:09,050] {python_operator.py:113} INFO - Done. Returned value was: Pushed DAG_hash to XCOM f1330a4e
[2019-05-02 20:27:13,311] {logging_mixin.py:95} INFO - [2019-05-02 20:27:13,311] {jobs.py:2562} INFO - Task exited with return code 0
