[2019-04-29 09:24:32,741] {models.py:1359} INFO - Dependencies all met for <TaskInstance: s3_read_yelp3_files.change_dir 2019-04-28T00:00:00+00:00 [queued]>
[2019-04-29 09:24:32,744] {models.py:1359} INFO - Dependencies all met for <TaskInstance: s3_read_yelp3_files.change_dir 2019-04-28T00:00:00+00:00 [queued]>
[2019-04-29 09:24:32,744] {models.py:1571} INFO - 
--------------------------------------------------------------------------------
Starting attempt 1 of 2
--------------------------------------------------------------------------------

[2019-04-29 09:24:32,753] {models.py:1593} INFO - Executing <Task(BashOperator): change_dir> on 2019-04-28T00:00:00+00:00
[2019-04-29 09:24:32,753] {base_task_runner.py:118} INFO - Running: ['bash', '-c', 'airflow run s3_read_yelp3_files change_dir 2019-04-28T00:00:00+00:00 --job_id 117 --raw -sd DAGS_FOLDER/S3_Read_Yelp_into_df.py --cfg_path /tmp/tmpxss6t970']
[2019-04-29 09:24:33,229] {base_task_runner.py:101} INFO - Job 117: Subtask change_dir [2019-04-29 09:24:33,228] {__init__.py:51} INFO - Using executor SequentialExecutor
[2019-04-29 09:24:33,388] {base_task_runner.py:101} INFO - Job 117: Subtask change_dir [2019-04-29 09:24:33,388] {models.py:273} INFO - Filling up the DagBag from /home/mjcarleb/HESWork/CSCI-E29/2019sp-airflow_project-mjcarleb/dags/S3_Read_Yelp_into_df.py
[2019-04-29 09:24:33,426] {base_task_runner.py:101} INFO - Job 117: Subtask change_dir [2019-04-29 09:24:33,426] {cli.py:520} INFO - Running <TaskInstance: s3_read_yelp3_files.change_dir 2019-04-28T00:00:00+00:00 [running]> on host localhost.localdomain
[2019-04-29 09:24:33,433] {bash_operator.py:77} INFO - Tmp dir root location: 
 /tmp
[2019-04-29 09:24:33,434] {bash_operator.py:86} INFO - Exporting the following env vars:
AIRFLOW_CTX_TASK_ID=change_dir
AIRFLOW_CTX_DAG_RUN_ID=scheduled__2019-04-28T00:00:00+00:00
AIRFLOW_CTX_EXECUTION_DATE=2019-04-28T00:00:00+00:00
AIRFLOW_CTX_DAG_ID=s3_read_yelp3_files
[2019-04-29 09:24:33,435] {bash_operator.py:100} INFO - Temporary script location: /tmp/airflowtmpuj_t4pny/change_dirgmo8a9n8
[2019-04-29 09:24:33,435] {bash_operator.py:110} INFO - Running command: cd $AIRFLOW_HOME
[2019-04-29 09:24:33,437] {bash_operator.py:119} INFO - Output:
[2019-04-29 09:24:33,438] {bash_operator.py:127} INFO - Command exited with return code 0
[2019-04-29 09:24:33,452] {base_task_runner.py:101} INFO - Job 117: Subtask change_dir /home/mjcarleb/anaconda3/envs/airflow/lib/python3.5/site-packages/airflow/utils/helpers.py:356: DeprecationWarning: Importing 'BashOperator' directly from 'airflow.operators' has been deprecated. Please import from 'airflow.operators.[operator_module]' instead. Support for direct imports will be dropped entirely in Airflow 2.0.
[2019-04-29 09:24:33,452] {base_task_runner.py:101} INFO - Job 117: Subtask change_dir   DeprecationWarning)
[2019-04-29 09:24:37,751] {logging_mixin.py:95} INFO - [2019-04-29 09:24:37,750] {jobs.py:2527} INFO - Task exited with return code 0
