[2019-05-01 18:22:42,326] {__init__.py:1139} INFO - Dependencies all met for <TaskInstance: Content_Addressable_DAG.3.Sense_Transformed.hash 2019-05-01T22:22:21.802856+00:00 [queued]>
[2019-05-01 18:22:42,330] {__init__.py:1139} INFO - Dependencies all met for <TaskInstance: Content_Addressable_DAG.3.Sense_Transformed.hash 2019-05-01T22:22:21.802856+00:00 [queued]>
[2019-05-01 18:22:42,330] {__init__.py:1353} INFO - 
--------------------------------------------------------------------------------
[2019-05-01 18:22:42,330] {__init__.py:1354} INFO - Starting attempt 1 of 1
[2019-05-01 18:22:42,330] {__init__.py:1355} INFO - 
--------------------------------------------------------------------------------
[2019-05-01 18:22:42,338] {__init__.py:1374} INFO - Executing <Task(FileSensor): 3.Sense_Transformed.hash> on 2019-05-01T22:22:21.802856+00:00
[2019-05-01 18:22:42,338] {base_task_runner.py:119} INFO - Running: ['airflow', 'run', 'Content_Addressable_DAG', '3.Sense_Transformed.hash', '2019-05-01T22:22:21.802856+00:00', '--job_id', '396', '--raw', '-sd', 'DAGS_FOLDER/content_addressable_dag.py', '--cfg_path', '/tmp/tmpxj9o738g']
[2019-05-01 18:22:42,594] {base_task_runner.py:101} INFO - Job 396: Subtask 3.Sense_Transformed.hash /home/mjcarleb/anaconda3/envs/airflow5/lib/python3.7/site-packages/airflow/configuration.py:214: FutureWarning: The task_runner setting in [core] has the old default value of 'BashTaskRunner'. This value has been changed to 'StandardTaskRunner' in the running config, but please update your config before Apache Airflow 2.0.
[2019-05-01 18:22:42,595] {base_task_runner.py:101} INFO - Job 396: Subtask 3.Sense_Transformed.hash   FutureWarning,
[2019-05-01 18:22:42,764] {base_task_runner.py:101} INFO - Job 396: Subtask 3.Sense_Transformed.hash [2019-05-01 18:22:42,764] {__init__.py:51} INFO - Using executor SequentialExecutor
[2019-05-01 18:22:42,910] {base_task_runner.py:101} INFO - Job 396: Subtask 3.Sense_Transformed.hash [2019-05-01 18:22:42,909] {__init__.py:305} INFO - Filling up the DagBag from /home/mjcarleb/HESWork/CSCI-E29/2019sp-airflow_project-mjcarleb/dags/content_addressable_dag.py
[2019-05-01 18:22:43,051] {base_task_runner.py:101} INFO - Job 396: Subtask 3.Sense_Transformed.hash [2019-05-01 18:22:43,051] {cli.py:517} INFO - Running <TaskInstance: Content_Addressable_DAG.3.Sense_Transformed.hash 2019-05-01T22:22:21.802856+00:00 [running]> on host localhost.localdomain
[2019-05-01 18:22:43,060] {file_sensor.py:60} INFO - Poking for file /home/mjcarleb/HESWork/CSCI-E29/2019sp-airflow_project-mjcarleb/transformed_data/yelp_subset_1.f1330a4e.parquet
[2019-05-01 18:22:48,068] {file_sensor.py:60} INFO - Poking for file /home/mjcarleb/HESWork/CSCI-E29/2019sp-airflow_project-mjcarleb/transformed_data/yelp_subset_1.f1330a4e.parquet
[2019-05-01 18:22:48,076] {__init__.py:1580} ERROR - Snap. Time is OUT.
Traceback (most recent call last):
  File "/home/mjcarleb/anaconda3/envs/airflow5/lib/python3.7/site-packages/airflow/models/__init__.py", line 1441, in _run_raw_task
    result = task_copy.execute(context=context)
  File "/home/mjcarleb/anaconda3/envs/airflow5/lib/python3.7/site-packages/airflow/sensors/base_sensor_operator.py", line 117, in execute
    raise AirflowSensorTimeout('Snap. Time is OUT.')
airflow.exceptions.AirflowSensorTimeout: Snap. Time is OUT.
[2019-05-01 18:22:48,079] {__init__.py:1611} INFO - Marking task as FAILED.
[2019-05-01 18:22:48,107] {base_task_runner.py:101} INFO - Job 396: Subtask 3.Sense_Transformed.hash Traceback (most recent call last):
[2019-05-01 18:22:48,108] {base_task_runner.py:101} INFO - Job 396: Subtask 3.Sense_Transformed.hash   File "/home/mjcarleb/anaconda3/envs/airflow5/bin/airflow", line 32, in <module>
[2019-05-01 18:22:48,108] {base_task_runner.py:101} INFO - Job 396: Subtask 3.Sense_Transformed.hash     args.func(args)
[2019-05-01 18:22:48,108] {base_task_runner.py:101} INFO - Job 396: Subtask 3.Sense_Transformed.hash   File "/home/mjcarleb/anaconda3/envs/airflow5/lib/python3.7/site-packages/airflow/utils/cli.py", line 74, in wrapper
[2019-05-01 18:22:48,108] {base_task_runner.py:101} INFO - Job 396: Subtask 3.Sense_Transformed.hash     return f(*args, **kwargs)
[2019-05-01 18:22:48,108] {base_task_runner.py:101} INFO - Job 396: Subtask 3.Sense_Transformed.hash   File "/home/mjcarleb/anaconda3/envs/airflow5/lib/python3.7/site-packages/airflow/bin/cli.py", line 523, in run
[2019-05-01 18:22:48,109] {base_task_runner.py:101} INFO - Job 396: Subtask 3.Sense_Transformed.hash     _run(args, dag, ti)
[2019-05-01 18:22:48,109] {base_task_runner.py:101} INFO - Job 396: Subtask 3.Sense_Transformed.hash   File "/home/mjcarleb/anaconda3/envs/airflow5/lib/python3.7/site-packages/airflow/bin/cli.py", line 442, in _run
[2019-05-01 18:22:48,109] {base_task_runner.py:101} INFO - Job 396: Subtask 3.Sense_Transformed.hash     pool=args.pool,
[2019-05-01 18:22:48,109] {base_task_runner.py:101} INFO - Job 396: Subtask 3.Sense_Transformed.hash   File "/home/mjcarleb/anaconda3/envs/airflow5/lib/python3.7/site-packages/airflow/utils/db.py", line 73, in wrapper
[2019-05-01 18:22:48,109] {base_task_runner.py:101} INFO - Job 396: Subtask 3.Sense_Transformed.hash     return func(*args, **kwargs)
[2019-05-01 18:22:48,109] {base_task_runner.py:101} INFO - Job 396: Subtask 3.Sense_Transformed.hash   File "/home/mjcarleb/anaconda3/envs/airflow5/lib/python3.7/site-packages/airflow/models/__init__.py", line 1441, in _run_raw_task
[2019-05-01 18:22:48,110] {base_task_runner.py:101} INFO - Job 396: Subtask 3.Sense_Transformed.hash     result = task_copy.execute(context=context)
[2019-05-01 18:22:48,110] {base_task_runner.py:101} INFO - Job 396: Subtask 3.Sense_Transformed.hash   File "/home/mjcarleb/anaconda3/envs/airflow5/lib/python3.7/site-packages/airflow/sensors/base_sensor_operator.py", line 117, in execute
[2019-05-01 18:22:48,110] {base_task_runner.py:101} INFO - Job 396: Subtask 3.Sense_Transformed.hash     raise AirflowSensorTimeout('Snap. Time is OUT.')
[2019-05-01 18:22:48,110] {base_task_runner.py:101} INFO - Job 396: Subtask 3.Sense_Transformed.hash airflow.exceptions.AirflowSensorTimeout: Snap. Time is OUT.
[2019-05-01 18:22:52,366] {logging_mixin.py:95} INFO - [2019-05-01 18:22:52,366] {jobs.py:2562} INFO - Task exited with return code 1
