[2019-04-29 13:06:31,479] {__init__.py:1139} INFO - Dependencies all met for <TaskInstance: pass_arg_print_name.change_dir 2019-04-28T00:00:00+00:00 [queued]>
[2019-04-29 13:06:31,483] {__init__.py:1139} INFO - Dependencies all met for <TaskInstance: pass_arg_print_name.change_dir 2019-04-28T00:00:00+00:00 [queued]>
[2019-04-29 13:06:31,483] {__init__.py:1353} INFO - 
--------------------------------------------------------------------------------
[2019-04-29 13:06:31,483] {__init__.py:1354} INFO - Starting attempt 1 of 1
[2019-04-29 13:06:31,483] {__init__.py:1355} INFO - 
--------------------------------------------------------------------------------
[2019-04-29 13:06:31,492] {__init__.py:1374} INFO - Executing <Task(BashOperator): change_dir> on 2019-04-28T00:00:00+00:00
[2019-04-29 13:06:31,492] {base_task_runner.py:119} INFO - Running: ['airflow', 'run', 'pass_arg_print_name', 'change_dir', '2019-04-28T00:00:00+00:00', '--job_id', '161', '--raw', '-sd', 'DAGS_FOLDER/arg_passing.py', '--cfg_path', '/tmp/tmp4hd5qw0b']
[2019-04-29 13:06:31,777] {base_task_runner.py:101} INFO - Job 161: Subtask change_dir /home/mjcarleb/anaconda3/envs/airflow4/lib/python3.7/site-packages/airflow/configuration.py:214: FutureWarning: The task_runner setting in [core] has the old default value of 'BashTaskRunner'. This value has been changed to 'StandardTaskRunner' in the running config, but please update your config before Apache Airflow 2.0.
[2019-04-29 13:06:31,777] {base_task_runner.py:101} INFO - Job 161: Subtask change_dir   FutureWarning,
[2019-04-29 13:06:31,936] {base_task_runner.py:101} INFO - Job 161: Subtask change_dir [2019-04-29 13:06:31,936] {__init__.py:51} INFO - Using executor SequentialExecutor
[2019-04-29 13:06:32,086] {base_task_runner.py:101} INFO - Job 161: Subtask change_dir [2019-04-29 13:06:32,086] {__init__.py:305} INFO - Filling up the DagBag from /home/mjcarleb/HESWork/CSCI-E29/2019sp-airflow_project-mjcarleb/dags/arg_passing.py
[2019-04-29 13:06:32,222] {base_task_runner.py:101} INFO - Job 161: Subtask change_dir [2019-04-29 13:06:32,222] {cli.py:517} INFO - Running <TaskInstance: pass_arg_print_name.change_dir 2019-04-28T00:00:00+00:00 [running]> on host localhost.localdomain
[2019-04-29 13:06:32,228] {bash_operator.py:81} INFO - Tmp dir root location: 
 /tmp
[2019-04-29 13:06:32,228] {bash_operator.py:90} INFO - Exporting the following env vars:
AIRFLOW_CTX_DAG_ID=pass_arg_print_name
AIRFLOW_CTX_TASK_ID=change_dir
AIRFLOW_CTX_EXECUTION_DATE=2019-04-28T00:00:00+00:00
AIRFLOW_CTX_DAG_RUN_ID=scheduled__2019-04-28T00:00:00+00:00
[2019-04-29 13:06:32,229] {bash_operator.py:104} INFO - Temporary script location: /tmp/airflowtmp9khbagi6/change_dirgjg47uyf
[2019-04-29 13:06:32,229] {bash_operator.py:114} INFO - Running command: cd $AIRFLOW_HOME
[2019-04-29 13:06:32,232] {bash_operator.py:123} INFO - Output:
[2019-04-29 13:06:32,233] {bash_operator.py:131} INFO - Command exited with return code 0
[2019-04-29 13:06:36,494] {logging_mixin.py:95} INFO - [2019-04-29 13:06:36,494] {jobs.py:2562} INFO - Task exited with return code 0
