[2019-04-30 23:10:25,171] {__init__.py:1139} INFO - Dependencies all met for <TaskInstance: bash_xcom_pull_POC.push_and_return_xcom_values 2019-05-01T03:10:21.274330+00:00 [queued]>
[2019-04-30 23:10:25,174] {__init__.py:1139} INFO - Dependencies all met for <TaskInstance: bash_xcom_pull_POC.push_and_return_xcom_values 2019-05-01T03:10:21.274330+00:00 [queued]>
[2019-04-30 23:10:25,174] {__init__.py:1353} INFO - 
--------------------------------------------------------------------------------
[2019-04-30 23:10:25,174] {__init__.py:1354} INFO - Starting attempt 1 of 1
[2019-04-30 23:10:25,174] {__init__.py:1355} INFO - 
--------------------------------------------------------------------------------
[2019-04-30 23:10:25,184] {__init__.py:1374} INFO - Executing <Task(PythonOperator): push_and_return_xcom_values> on 2019-05-01T03:10:21.274330+00:00
[2019-04-30 23:10:25,184] {base_task_runner.py:119} INFO - Running: ['airflow', 'run', 'bash_xcom_pull_POC', 'push_and_return_xcom_values', '2019-05-01T03:10:21.274330+00:00', '--job_id', '252', '--raw', '-sd', 'DAGS_FOLDER/get_xcom_values.py', '--cfg_path', '/tmp/tmp0uanvu9j']
[2019-04-30 23:10:25,447] {base_task_runner.py:101} INFO - Job 252: Subtask push_and_return_xcom_values /home/mjcarleb/anaconda3/envs/airflow4/lib/python3.7/site-packages/airflow/configuration.py:214: FutureWarning: The task_runner setting in [core] has the old default value of 'BashTaskRunner'. This value has been changed to 'StandardTaskRunner' in the running config, but please update your config before Apache Airflow 2.0.
[2019-04-30 23:10:25,448] {base_task_runner.py:101} INFO - Job 252: Subtask push_and_return_xcom_values   FutureWarning,
[2019-04-30 23:10:25,598] {base_task_runner.py:101} INFO - Job 252: Subtask push_and_return_xcom_values [2019-04-30 23:10:25,597] {__init__.py:51} INFO - Using executor SequentialExecutor
[2019-04-30 23:10:25,752] {base_task_runner.py:101} INFO - Job 252: Subtask push_and_return_xcom_values [2019-04-30 23:10:25,752] {__init__.py:305} INFO - Filling up the DagBag from /home/mjcarleb/HESWork/CSCI-E29/2019sp-airflow_project-mjcarleb/dags/get_xcom_values.py
[2019-04-30 23:10:25,773] {base_task_runner.py:101} INFO - Job 252: Subtask push_and_return_xcom_values [2019-04-30 23:10:25,773] {cli.py:517} INFO - Running <TaskInstance: bash_xcom_pull_POC.push_and_return_xcom_values 2019-05-01T03:10:21.274330+00:00 [running]> on host localhost.localdomain
[2019-04-30 23:10:25,779] {python_operator.py:104} INFO - Exporting the following env vars:
AIRFLOW_CTX_DAG_ID=bash_xcom_pull_POC
AIRFLOW_CTX_TASK_ID=push_and_return_xcom_values
AIRFLOW_CTX_EXECUTION_DATE=2019-05-01T03:10:21.274330+00:00
AIRFLOW_CTX_DAG_RUN_ID=manual__2019-05-01T03:10:21.274330+00:00
[2019-04-30 23:10:25,790] {python_operator.py:113} INFO - Done. Returned value was: returning phone hash=27
[2019-04-30 23:10:30,180] {logging_mixin.py:95} INFO - [2019-04-30 23:10:30,180] {jobs.py:2562} INFO - Task exited with return code 0
