[2019-04-28 20:38:54,295] {models.py:1359} INFO - Dependencies all met for <TaskInstance: localfile6.echo3 2019-04-28T00:00:00+00:00 [queued]>
[2019-04-28 20:38:54,298] {models.py:1359} INFO - Dependencies all met for <TaskInstance: localfile6.echo3 2019-04-28T00:00:00+00:00 [queued]>
[2019-04-28 20:38:54,298] {models.py:1571} INFO - 
--------------------------------------------------------------------------------
Starting attempt 1 of 2
--------------------------------------------------------------------------------

[2019-04-28 20:38:54,307] {models.py:1593} INFO - Executing <Task(BashOperator): echo3> on 2019-04-28T00:00:00+00:00
[2019-04-28 20:38:54,307] {base_task_runner.py:118} INFO - Running: ['bash', '-c', 'airflow run localfile6 echo3 2019-04-28T00:00:00+00:00 --job_id 89 --raw -sd DAGS_FOLDER/second_challenge.py --cfg_path /tmp/tmp228mj10j']
[2019-04-28 20:38:54,682] {base_task_runner.py:101} INFO - Job 89: Subtask echo3 [2019-04-28 20:38:54,681] {__init__.py:51} INFO - Using executor SequentialExecutor
[2019-04-28 20:38:54,866] {base_task_runner.py:101} INFO - Job 89: Subtask echo3 [2019-04-28 20:38:54,866] {models.py:273} INFO - Filling up the DagBag from /home/mjcarleb/HESWork/CSCI-E29/2019sp-airflow_project-mjcarleb/dags/second_challenge.py
[2019-04-28 20:38:54,875] {base_task_runner.py:101} INFO - Job 89: Subtask echo3 [2019-04-28 20:38:54,875] {cli.py:520} INFO - Running <TaskInstance: localfile6.echo3 2019-04-28T00:00:00+00:00 [running]> on host localhost.localdomain
[2019-04-28 20:38:54,883] {bash_operator.py:77} INFO - Tmp dir root location: 
 /tmp
[2019-04-28 20:38:54,883] {bash_operator.py:86} INFO - Exporting the following env vars:
AIRFLOW_CTX_EXECUTION_DATE=2019-04-28T00:00:00+00:00
AIRFLOW_CTX_DAG_RUN_ID=scheduled__2019-04-28T00:00:00+00:00
AIRFLOW_CTX_DAG_ID=localfile6
AIRFLOW_CTX_TASK_ID=echo3
[2019-04-28 20:38:54,883] {bash_operator.py:100} INFO - Temporary script location: /tmp/airflowtmp7qr8n15p/echo3o9bfuv5c
[2019-04-28 20:38:54,883] {bash_operator.py:110} INFO - Running command: echo 3
[2019-04-28 20:38:54,886] {bash_operator.py:119} INFO - Output:
[2019-04-28 20:38:54,887] {bash_operator.py:123} INFO - 3
[2019-04-28 20:38:54,887] {bash_operator.py:127} INFO - Command exited with return code 0
[2019-04-28 20:38:59,318] {logging_mixin.py:95} INFO - [2019-04-28 20:38:59,316] {jobs.py:2527} INFO - Task exited with return code 0
