[2019-05-01 12:14:05,720] {__init__.py:1139} INFO - Dependencies all met for <TaskInstance: Salted_Graph_Practice1.1.Generate_DAG_hash 2019-05-01T16:14:02.962852+00:00 [queued]>
[2019-05-01 12:14:05,722] {__init__.py:1139} INFO - Dependencies all met for <TaskInstance: Salted_Graph_Practice1.1.Generate_DAG_hash 2019-05-01T16:14:02.962852+00:00 [queued]>
[2019-05-01 12:14:05,722] {__init__.py:1353} INFO - 
--------------------------------------------------------------------------------
[2019-05-01 12:14:05,722] {__init__.py:1354} INFO - Starting attempt 1 of 1
[2019-05-01 12:14:05,722] {__init__.py:1355} INFO - 
--------------------------------------------------------------------------------
[2019-05-01 12:14:05,740] {__init__.py:1374} INFO - Executing <Task(PythonOperator): 1.Generate_DAG_hash> on 2019-05-01T16:14:02.962852+00:00
[2019-05-01 12:14:05,740] {base_task_runner.py:119} INFO - Running: ['airflow', 'run', 'Salted_Graph_Practice1', '1.Generate_DAG_hash', '2019-05-01T16:14:02.962852+00:00', '--job_id', '290', '--raw', '-sd', 'DAGS_FOLDER/salted_graph.py', '--cfg_path', '/tmp/tmpqlx_bm2g']
[2019-05-01 12:14:06,016] {base_task_runner.py:101} INFO - Job 290: Subtask 1.Generate_DAG_hash /home/mjcarleb/anaconda3/envs/airflow4/lib/python3.7/site-packages/airflow/configuration.py:214: FutureWarning: The task_runner setting in [core] has the old default value of 'BashTaskRunner'. This value has been changed to 'StandardTaskRunner' in the running config, but please update your config before Apache Airflow 2.0.
[2019-05-01 12:14:06,017] {base_task_runner.py:101} INFO - Job 290: Subtask 1.Generate_DAG_hash   FutureWarning,
[2019-05-01 12:14:06,165] {base_task_runner.py:101} INFO - Job 290: Subtask 1.Generate_DAG_hash [2019-05-01 12:14:06,164] {__init__.py:51} INFO - Using executor SequentialExecutor
[2019-05-01 12:14:06,300] {base_task_runner.py:101} INFO - Job 290: Subtask 1.Generate_DAG_hash [2019-05-01 12:14:06,300] {__init__.py:305} INFO - Filling up the DagBag from /home/mjcarleb/HESWork/CSCI-E29/2019sp-airflow_project-mjcarleb/dags/salted_graph.py
[2019-05-01 12:14:06,320] {base_task_runner.py:101} INFO - Job 290: Subtask 1.Generate_DAG_hash [2019-05-01 12:14:06,320] {cli.py:517} INFO - Running <TaskInstance: Salted_Graph_Practice1.1.Generate_DAG_hash 2019-05-01T16:14:02.962852+00:00 [running]> on host localhost.localdomain
[2019-05-01 12:14:06,325] {python_operator.py:104} INFO - Exporting the following env vars:
AIRFLOW_CTX_DAG_ID=Salted_Graph_Practice1
AIRFLOW_CTX_TASK_ID=1.Generate_DAG_hash
AIRFLOW_CTX_EXECUTION_DATE=2019-05-01T16:14:02.962852+00:00
AIRFLOW_CTX_DAG_RUN_ID=manual__2019-05-01T16:14:02.962852+00:00
[2019-05-01 12:14:06,334] {python_operator.py:113} INFO - Done. Returned value was: Pushed DAG_hash to XCOM feef3de2
[2019-05-01 12:14:10,731] {logging_mixin.py:95} INFO - [2019-05-01 12:14:10,731] {jobs.py:2562} INFO - Task exited with return code 0
