[2019-04-29 20:31:41,224] {__init__.py:1139} INFO - Dependencies all met for <TaskInstance: local_sensor1.rename_file 2019-04-28T00:00:00+00:00 [queued]>
[2019-04-29 20:31:41,228] {__init__.py:1139} INFO - Dependencies all met for <TaskInstance: local_sensor1.rename_file 2019-04-28T00:00:00+00:00 [queued]>
[2019-04-29 20:31:41,228] {__init__.py:1353} INFO - 
--------------------------------------------------------------------------------
[2019-04-29 20:31:41,228] {__init__.py:1354} INFO - Starting attempt 1 of 1
[2019-04-29 20:31:41,228] {__init__.py:1355} INFO - 
--------------------------------------------------------------------------------
[2019-04-29 20:31:41,237] {__init__.py:1374} INFO - Executing <Task(BashOperator): rename_file> on 2019-04-28T00:00:00+00:00
[2019-04-29 20:31:41,237] {base_task_runner.py:119} INFO - Running: ['airflow', 'run', 'local_sensor1', 'rename_file', '2019-04-28T00:00:00+00:00', '--job_id', '177', '--raw', '-sd', 'DAGS_FOLDER/first_dag.py', '--cfg_path', '/tmp/tmpv_fge98p']
[2019-04-29 20:31:41,491] {base_task_runner.py:101} INFO - Job 177: Subtask rename_file /home/mjcarleb/anaconda3/envs/airflow4/lib/python3.7/site-packages/airflow/configuration.py:214: FutureWarning: The task_runner setting in [core] has the old default value of 'BashTaskRunner'. This value has been changed to 'StandardTaskRunner' in the running config, but please update your config before Apache Airflow 2.0.
[2019-04-29 20:31:41,492] {base_task_runner.py:101} INFO - Job 177: Subtask rename_file   FutureWarning,
[2019-04-29 20:31:41,647] {base_task_runner.py:101} INFO - Job 177: Subtask rename_file [2019-04-29 20:31:41,646] {__init__.py:51} INFO - Using executor SequentialExecutor
[2019-04-29 20:31:41,805] {base_task_runner.py:101} INFO - Job 177: Subtask rename_file [2019-04-29 20:31:41,805] {__init__.py:305} INFO - Filling up the DagBag from /home/mjcarleb/HESWork/CSCI-E29/2019sp-airflow_project-mjcarleb/dags/first_dag.py
[2019-04-29 20:31:41,814] {base_task_runner.py:101} INFO - Job 177: Subtask rename_file [2019-04-29 20:31:41,814] {cli.py:517} INFO - Running <TaskInstance: local_sensor1.rename_file 2019-04-28T00:00:00+00:00 [running]> on host localhost.localdomain
[2019-04-29 20:31:41,821] {bash_operator.py:81} INFO - Tmp dir root location: 
 /tmp
[2019-04-29 20:31:41,822] {bash_operator.py:90} INFO - Exporting the following env vars:
AIRFLOW_CTX_DAG_ID=local_sensor1
AIRFLOW_CTX_TASK_ID=rename_file
AIRFLOW_CTX_EXECUTION_DATE=2019-04-28T00:00:00+00:00
AIRFLOW_CTX_DAG_RUN_ID=scheduled__2019-04-28T00:00:00+00:00
[2019-04-29 20:31:41,822] {bash_operator.py:104} INFO - Temporary script location: /tmp/airflowtmpiaajnanl/rename_filewnjyu8z6
[2019-04-29 20:31:41,822] {bash_operator.py:114} INFO - Running command: mv $AIRFLOW_HOME/local_file.txt $AIRFLOW_HOME/local_file.bak
[2019-04-29 20:31:41,826] {bash_operator.py:123} INFO - Output:
[2019-04-29 20:31:41,828] {bash_operator.py:131} INFO - Command exited with return code 0
[2019-04-29 20:31:46,233] {logging_mixin.py:95} INFO - [2019-04-29 20:31:46,233] {jobs.py:2562} INFO - Task exited with return code 0
