[2019-04-29 09:24:45,747] {models.py:1359} INFO - Dependencies all met for <TaskInstance: s3_read_yelp3_files.touch_as_proof 2019-04-28T00:00:00+00:00 [queued]>
[2019-04-29 09:24:45,750] {models.py:1359} INFO - Dependencies all met for <TaskInstance: s3_read_yelp3_files.touch_as_proof 2019-04-28T00:00:00+00:00 [queued]>
[2019-04-29 09:24:45,750] {models.py:1571} INFO - 
--------------------------------------------------------------------------------
Starting attempt 1 of 2
--------------------------------------------------------------------------------

[2019-04-29 09:24:45,759] {models.py:1593} INFO - Executing <Task(BashOperator): touch_as_proof> on 2019-04-28T00:00:00+00:00
[2019-04-29 09:24:45,759] {base_task_runner.py:118} INFO - Running: ['bash', '-c', 'airflow run s3_read_yelp3_files touch_as_proof 2019-04-28T00:00:00+00:00 --job_id 118 --raw -sd DAGS_FOLDER/S3_Read_Yelp_into_df.py --cfg_path /tmp/tmp7jy0v6pt']
[2019-04-29 09:24:46,212] {base_task_runner.py:101} INFO - Job 118: Subtask touch_as_proof [2019-04-29 09:24:46,212] {__init__.py:51} INFO - Using executor SequentialExecutor
[2019-04-29 09:24:46,356] {base_task_runner.py:101} INFO - Job 118: Subtask touch_as_proof [2019-04-29 09:24:46,356] {models.py:273} INFO - Filling up the DagBag from /home/mjcarleb/HESWork/CSCI-E29/2019sp-airflow_project-mjcarleb/dags/S3_Read_Yelp_into_df.py
[2019-04-29 09:24:46,391] {base_task_runner.py:101} INFO - Job 118: Subtask touch_as_proof [2019-04-29 09:24:46,390] {cli.py:520} INFO - Running <TaskInstance: s3_read_yelp3_files.touch_as_proof 2019-04-28T00:00:00+00:00 [running]> on host localhost.localdomain
[2019-04-29 09:24:46,397] {bash_operator.py:77} INFO - Tmp dir root location: 
 /tmp
[2019-04-29 09:24:46,398] {bash_operator.py:86} INFO - Exporting the following env vars:
AIRFLOW_CTX_DAG_RUN_ID=scheduled__2019-04-28T00:00:00+00:00
AIRFLOW_CTX_EXECUTION_DATE=2019-04-28T00:00:00+00:00
AIRFLOW_CTX_DAG_ID=s3_read_yelp3_files
AIRFLOW_CTX_TASK_ID=touch_as_proof
[2019-04-29 09:24:46,398] {bash_operator.py:100} INFO - Temporary script location: /tmp/airflowtmpksqccp0m/touch_as_proof8athtui4
[2019-04-29 09:24:46,398] {bash_operator.py:110} INFO - Running command: touch ~/iwashere.txt
[2019-04-29 09:24:46,401] {bash_operator.py:119} INFO - Output:
[2019-04-29 09:24:46,402] {bash_operator.py:127} INFO - Command exited with return code 0
[2019-04-29 09:24:46,415] {base_task_runner.py:101} INFO - Job 118: Subtask touch_as_proof /home/mjcarleb/anaconda3/envs/airflow/lib/python3.5/site-packages/airflow/utils/helpers.py:356: DeprecationWarning: Importing 'BashOperator' directly from 'airflow.operators' has been deprecated. Please import from 'airflow.operators.[operator_module]' instead. Support for direct imports will be dropped entirely in Airflow 2.0.
[2019-04-29 09:24:46,415] {base_task_runner.py:101} INFO - Job 118: Subtask touch_as_proof   DeprecationWarning)
[2019-04-29 09:24:50,754] {logging_mixin.py:95} INFO - [2019-04-29 09:24:50,753] {jobs.py:2527} INFO - Task exited with return code 0
