[2019-04-30 17:22:17,863] {__init__.py:1139} INFO - Dependencies all met for <TaskInstance: Mixed_Failing_Demo.6b_change_dir2 2019-04-30T21:21:31.051930+00:00 [queued]>
[2019-04-30 17:22:17,867] {__init__.py:1139} INFO - Dependencies all met for <TaskInstance: Mixed_Failing_Demo.6b_change_dir2 2019-04-30T21:21:31.051930+00:00 [queued]>
[2019-04-30 17:22:17,867] {__init__.py:1353} INFO - 
--------------------------------------------------------------------------------
[2019-04-30 17:22:17,867] {__init__.py:1354} INFO - Starting attempt 1 of 1
[2019-04-30 17:22:17,867] {__init__.py:1355} INFO - 
--------------------------------------------------------------------------------
[2019-04-30 17:22:17,875] {__init__.py:1374} INFO - Executing <Task(BashOperator): 6b_change_dir2> on 2019-04-30T21:21:31.051930+00:00
[2019-04-30 17:22:17,876] {base_task_runner.py:119} INFO - Running: ['airflow', 'run', 'Mixed_Failing_Demo', '6b_change_dir2', '2019-04-30T21:21:31.051930+00:00', '--job_id', '242', '--raw', '-sd', 'DAGS_FOLDER/mixed_failing.py', '--cfg_path', '/tmp/tmp5iwkbmtq']
[2019-04-30 17:22:18,132] {base_task_runner.py:101} INFO - Job 242: Subtask 6b_change_dir2 /home/mjcarleb/anaconda3/envs/airflow4/lib/python3.7/site-packages/airflow/configuration.py:214: FutureWarning: The task_runner setting in [core] has the old default value of 'BashTaskRunner'. This value has been changed to 'StandardTaskRunner' in the running config, but please update your config before Apache Airflow 2.0.
[2019-04-30 17:22:18,132] {base_task_runner.py:101} INFO - Job 242: Subtask 6b_change_dir2   FutureWarning,
[2019-04-30 17:22:18,280] {base_task_runner.py:101} INFO - Job 242: Subtask 6b_change_dir2 [2019-04-30 17:22:18,280] {__init__.py:51} INFO - Using executor SequentialExecutor
[2019-04-30 17:22:18,422] {base_task_runner.py:101} INFO - Job 242: Subtask 6b_change_dir2 [2019-04-30 17:22:18,422] {__init__.py:305} INFO - Filling up the DagBag from /home/mjcarleb/HESWork/CSCI-E29/2019sp-airflow_project-mjcarleb/dags/mixed_failing.py
[2019-04-30 17:22:18,442] {base_task_runner.py:101} INFO - Job 242: Subtask 6b_change_dir2 [2019-04-30 17:22:18,442] {cli.py:517} INFO - Running <TaskInstance: Mixed_Failing_Demo.6b_change_dir2 2019-04-30T21:21:31.051930+00:00 [running]> on host localhost.localdomain
[2019-04-30 17:22:18,448] {bash_operator.py:81} INFO - Tmp dir root location: 
 /tmp
[2019-04-30 17:22:18,448] {bash_operator.py:90} INFO - Exporting the following env vars:
AIRFLOW_CTX_DAG_ID=Mixed_Failing_Demo
AIRFLOW_CTX_TASK_ID=6b_change_dir2
AIRFLOW_CTX_EXECUTION_DATE=2019-04-30T21:21:31.051930+00:00
AIRFLOW_CTX_DAG_RUN_ID=manual__2019-04-30T21:21:31.051930+00:00
[2019-04-30 17:22:18,449] {bash_operator.py:104} INFO - Temporary script location: /tmp/airflowtmp_mmmfuuo/6b_change_dir2uea6ldn5
[2019-04-30 17:22:18,449] {bash_operator.py:114} INFO - Running command: cd $AIRFLOW_HOME
[2019-04-30 17:22:18,452] {bash_operator.py:123} INFO - Output:
[2019-04-30 17:22:18,453] {bash_operator.py:131} INFO - Command exited with return code 0
[2019-04-30 17:22:22,874] {logging_mixin.py:95} INFO - [2019-04-30 17:22:22,874] {jobs.py:2562} INFO - Task exited with return code 0
