[2019-04-30 18:30:19,237] {__init__.py:1139} INFO - Dependencies all met for <TaskInstance: Salted_Graph_Practice2.read_some_xcom_values 2019-04-30T22:30:14.052668+00:00 [queued]>
[2019-04-30 18:30:19,240] {__init__.py:1139} INFO - Dependencies all met for <TaskInstance: Salted_Graph_Practice2.read_some_xcom_values 2019-04-30T22:30:14.052668+00:00 [queued]>
[2019-04-30 18:30:19,240] {__init__.py:1353} INFO - 
--------------------------------------------------------------------------------
[2019-04-30 18:30:19,240] {__init__.py:1354} INFO - Starting attempt 1 of 1
[2019-04-30 18:30:19,240] {__init__.py:1355} INFO - 
--------------------------------------------------------------------------------
[2019-04-30 18:30:19,248] {__init__.py:1374} INFO - Executing <Task(PythonOperator): read_some_xcom_values> on 2019-04-30T22:30:14.052668+00:00
[2019-04-30 18:30:19,248] {base_task_runner.py:119} INFO - Running: ['airflow', 'run', 'Salted_Graph_Practice2', 'read_some_xcom_values', '2019-04-30T22:30:14.052668+00:00', '--job_id', '248', '--raw', '-sd', 'DAGS_FOLDER/get_xcom_values.py', '--cfg_path', '/tmp/tmppuu439h2']
[2019-04-30 18:30:19,517] {base_task_runner.py:101} INFO - Job 248: Subtask read_some_xcom_values /home/mjcarleb/anaconda3/envs/airflow4/lib/python3.7/site-packages/airflow/configuration.py:214: FutureWarning: The task_runner setting in [core] has the old default value of 'BashTaskRunner'. This value has been changed to 'StandardTaskRunner' in the running config, but please update your config before Apache Airflow 2.0.
[2019-04-30 18:30:19,517] {base_task_runner.py:101} INFO - Job 248: Subtask read_some_xcom_values   FutureWarning,
[2019-04-30 18:30:19,677] {base_task_runner.py:101} INFO - Job 248: Subtask read_some_xcom_values [2019-04-30 18:30:19,677] {__init__.py:51} INFO - Using executor SequentialExecutor
[2019-04-30 18:30:19,829] {base_task_runner.py:101} INFO - Job 248: Subtask read_some_xcom_values [2019-04-30 18:30:19,828] {__init__.py:305} INFO - Filling up the DagBag from /home/mjcarleb/HESWork/CSCI-E29/2019sp-airflow_project-mjcarleb/dags/get_xcom_values.py
[2019-04-30 18:30:19,851] {base_task_runner.py:101} INFO - Job 248: Subtask read_some_xcom_values [2019-04-30 18:30:19,851] {cli.py:517} INFO - Running <TaskInstance: Salted_Graph_Practice2.read_some_xcom_values 2019-04-30T22:30:14.052668+00:00 [running]> on host localhost.localdomain
[2019-04-30 18:30:19,857] {python_operator.py:104} INFO - Exporting the following env vars:
AIRFLOW_CTX_DAG_ID=Salted_Graph_Practice2
AIRFLOW_CTX_TASK_ID=read_some_xcom_values
AIRFLOW_CTX_EXECUTION_DATE=2019-04-30T22:30:14.052668+00:00
AIRFLOW_CTX_DAG_RUN_ID=manual__2019-04-30T22:30:14.052668+00:00
[2019-04-30 18:30:19,867] {python_operator.py:113} INFO - Done. Returned value was: copy of old key value=None
[2019-04-30 18:30:24,246] {logging_mixin.py:95} INFO - [2019-04-30 18:30:24,246] {jobs.py:2562} INFO - Task exited with return code 0
