[2019-04-30 23:24:56,025] {__init__.py:1139} INFO - Dependencies all met for <TaskInstance: bash_xcom_pull_POC.pull_from_bash 2019-05-01T03:24:39.934741+00:00 [queued]>
[2019-04-30 23:24:56,030] {__init__.py:1139} INFO - Dependencies all met for <TaskInstance: bash_xcom_pull_POC.pull_from_bash 2019-05-01T03:24:39.934741+00:00 [queued]>
[2019-04-30 23:24:56,030] {__init__.py:1353} INFO - 
--------------------------------------------------------------------------------
[2019-04-30 23:24:56,030] {__init__.py:1354} INFO - Starting attempt 1 of 1
[2019-04-30 23:24:56,030] {__init__.py:1355} INFO - 
--------------------------------------------------------------------------------
[2019-04-30 23:24:56,038] {__init__.py:1374} INFO - Executing <Task(BashOperator): pull_from_bash> on 2019-05-01T03:24:39.934741+00:00
[2019-04-30 23:24:56,038] {base_task_runner.py:119} INFO - Running: ['airflow', 'run', 'bash_xcom_pull_POC', 'pull_from_bash', '2019-05-01T03:24:39.934741+00:00', '--job_id', '263', '--raw', '-sd', 'DAGS_FOLDER/get_xcom_values.py', '--cfg_path', '/tmp/tmpfgi5g81c']
[2019-04-30 23:24:56,300] {base_task_runner.py:101} INFO - Job 263: Subtask pull_from_bash /home/mjcarleb/anaconda3/envs/airflow4/lib/python3.7/site-packages/airflow/configuration.py:214: FutureWarning: The task_runner setting in [core] has the old default value of 'BashTaskRunner'. This value has been changed to 'StandardTaskRunner' in the running config, but please update your config before Apache Airflow 2.0.
[2019-04-30 23:24:56,300] {base_task_runner.py:101} INFO - Job 263: Subtask pull_from_bash   FutureWarning,
[2019-04-30 23:24:56,449] {base_task_runner.py:101} INFO - Job 263: Subtask pull_from_bash [2019-04-30 23:24:56,449] {__init__.py:51} INFO - Using executor SequentialExecutor
[2019-04-30 23:24:56,591] {base_task_runner.py:101} INFO - Job 263: Subtask pull_from_bash [2019-04-30 23:24:56,591] {__init__.py:305} INFO - Filling up the DagBag from /home/mjcarleb/HESWork/CSCI-E29/2019sp-airflow_project-mjcarleb/dags/get_xcom_values.py
[2019-04-30 23:24:56,613] {base_task_runner.py:101} INFO - Job 263: Subtask pull_from_bash [2019-04-30 23:24:56,613] {cli.py:517} INFO - Running <TaskInstance: bash_xcom_pull_POC.pull_from_bash 2019-05-01T03:24:39.934741+00:00 [running]> on host localhost.localdomain
[2019-04-30 23:24:56,633] {bash_operator.py:81} INFO - Tmp dir root location: 
 /tmp
[2019-04-30 23:24:56,633] {bash_operator.py:90} INFO - Exporting the following env vars:
AIRFLOW_CTX_DAG_ID=bash_xcom_pull_POC
AIRFLOW_CTX_TASK_ID=pull_from_bash
AIRFLOW_CTX_EXECUTION_DATE=2019-05-01T03:24:39.934741+00:00
AIRFLOW_CTX_DAG_RUN_ID=manual__2019-05-01T03:24:39.934741+00:00
[2019-04-30 23:24:56,633] {bash_operator.py:104} INFO - Temporary script location: /tmp/airflowtmp7r0c4bgg/pull_from_bashxhn19aw5
[2019-04-30 23:24:56,633] {bash_operator.py:114} INFO - Running command: touch bash.tmp
[2019-04-30 23:24:56,637] {bash_operator.py:123} INFO - Output:
[2019-04-30 23:24:56,640] {bash_operator.py:131} INFO - Command exited with return code 0
[2019-04-30 23:25:01,043] {logging_mixin.py:95} INFO - [2019-04-30 23:25:01,042] {jobs.py:2562} INFO - Task exited with return code 0
