[2019-04-29 10:36:18,732] {models.py:1359} INFO - Dependencies all met for <TaskInstance: play_with_python_op2.touch_as_proof 2019-04-28T00:00:00+00:00 [queued]>
[2019-04-29 10:36:18,735] {models.py:1359} INFO - Dependencies all met for <TaskInstance: play_with_python_op2.touch_as_proof 2019-04-28T00:00:00+00:00 [queued]>
[2019-04-29 10:36:18,735] {models.py:1571} INFO - 
--------------------------------------------------------------------------------
Starting attempt 1 of 1
--------------------------------------------------------------------------------

[2019-04-29 10:36:18,746] {models.py:1593} INFO - Executing <Task(BashOperator): touch_as_proof> on 2019-04-28T00:00:00+00:00
[2019-04-29 10:36:18,747] {base_task_runner.py:118} INFO - Running: ['bash', '-c', 'airflow run play_with_python_op2 touch_as_proof 2019-04-28T00:00:00+00:00 --job_id 127 --raw -sd DAGS_FOLDER/python_operator_challenge.py --cfg_path /tmp/tmpgstetnsn']
[2019-04-29 10:36:19,212] {base_task_runner.py:101} INFO - Job 127: Subtask touch_as_proof [2019-04-29 10:36:19,211] {__init__.py:51} INFO - Using executor SequentialExecutor
[2019-04-29 10:36:19,358] {base_task_runner.py:101} INFO - Job 127: Subtask touch_as_proof [2019-04-29 10:36:19,357] {models.py:273} INFO - Filling up the DagBag from /home/mjcarleb/HESWork/CSCI-E29/2019sp-airflow_project-mjcarleb/dags/python_operator_challenge.py
[2019-04-29 10:36:19,391] {base_task_runner.py:101} INFO - Job 127: Subtask touch_as_proof [2019-04-29 10:36:19,391] {cli.py:520} INFO - Running <TaskInstance: play_with_python_op2.touch_as_proof 2019-04-28T00:00:00+00:00 [running]> on host localhost.localdomain
[2019-04-29 10:36:19,398] {bash_operator.py:77} INFO - Tmp dir root location: 
 /tmp
[2019-04-29 10:36:19,398] {bash_operator.py:86} INFO - Exporting the following env vars:
AIRFLOW_CTX_EXECUTION_DATE=2019-04-28T00:00:00+00:00
AIRFLOW_CTX_DAG_RUN_ID=scheduled__2019-04-28T00:00:00+00:00
AIRFLOW_CTX_DAG_ID=play_with_python_op2
AIRFLOW_CTX_TASK_ID=touch_as_proof
[2019-04-29 10:36:19,398] {bash_operator.py:100} INFO - Temporary script location: /tmp/airflowtmp5rbr7w7m/touch_as_proofutvyjmmw
[2019-04-29 10:36:19,399] {bash_operator.py:110} INFO - Running command: touch ~/iwashere.txt
[2019-04-29 10:36:19,402] {bash_operator.py:119} INFO - Output:
[2019-04-29 10:36:19,404] {bash_operator.py:127} INFO - Command exited with return code 0
[2019-04-29 10:36:23,738] {logging_mixin.py:95} INFO - [2019-04-29 10:36:23,738] {jobs.py:2527} INFO - Task exited with return code 0
