[2019-05-01 13:22:43,364] {__init__.py:1139} INFO - Dependencies all met for <TaskInstance: Salted_Graph_Practice1.5.Sense_S3_Source 2019-05-01T17:21:36.690502+00:00 [queued]>
[2019-05-01 13:22:43,368] {__init__.py:1139} INFO - Dependencies all met for <TaskInstance: Salted_Graph_Practice1.5.Sense_S3_Source 2019-05-01T17:21:36.690502+00:00 [queued]>
[2019-05-01 13:22:43,368] {__init__.py:1353} INFO - 
--------------------------------------------------------------------------------
[2019-05-01 13:22:43,368] {__init__.py:1354} INFO - Starting attempt 1 of 1
[2019-05-01 13:22:43,368] {__init__.py:1355} INFO - 
--------------------------------------------------------------------------------
[2019-05-01 13:22:43,376] {__init__.py:1374} INFO - Executing <Task(S3KeySensor): 5.Sense_S3_Source> on 2019-05-01T17:21:36.690502+00:00
[2019-05-01 13:22:43,376] {base_task_runner.py:119} INFO - Running: ['airflow', 'run', 'Salted_Graph_Practice1', '5.Sense_S3_Source', '2019-05-01T17:21:36.690502+00:00', '--job_id', '309', '--raw', '-sd', 'DAGS_FOLDER/salted_graph.py', '--cfg_path', '/tmp/tmp_gmfpru3']
[2019-05-01 13:22:43,640] {base_task_runner.py:101} INFO - Job 309: Subtask 5.Sense_S3_Source /home/mjcarleb/anaconda3/envs/airflow4/lib/python3.7/site-packages/airflow/configuration.py:214: FutureWarning: The task_runner setting in [core] has the old default value of 'BashTaskRunner'. This value has been changed to 'StandardTaskRunner' in the running config, but please update your config before Apache Airflow 2.0.
[2019-05-01 13:22:43,640] {base_task_runner.py:101} INFO - Job 309: Subtask 5.Sense_S3_Source   FutureWarning,
[2019-05-01 13:22:43,800] {base_task_runner.py:101} INFO - Job 309: Subtask 5.Sense_S3_Source [2019-05-01 13:22:43,799] {__init__.py:51} INFO - Using executor SequentialExecutor
[2019-05-01 13:22:43,945] {base_task_runner.py:101} INFO - Job 309: Subtask 5.Sense_S3_Source [2019-05-01 13:22:43,945] {__init__.py:305} INFO - Filling up the DagBag from /home/mjcarleb/HESWork/CSCI-E29/2019sp-airflow_project-mjcarleb/dags/salted_graph.py
[2019-05-01 13:22:43,988] {base_task_runner.py:101} INFO - Job 309: Subtask 5.Sense_S3_Source [2019-05-01 13:22:43,988] {cli.py:517} INFO - Running <TaskInstance: Salted_Graph_Practice1.5.Sense_S3_Source 2019-05-01T17:21:36.690502+00:00 [running]> on host localhost.localdomain
[2019-05-01 13:22:44,026] {s3_key_sensor.py:88} INFO - Poking for key : s3://cscie29-data/pset5/yelp_data/yelp1.csv
[2019-05-01 13:22:44,042] {logging_mixin.py:95} INFO - [2019-05-01 13:22:44,042] {credentials.py:1046} INFO - Found credentials in shared credentials file: ~/.aws/credentials
[2019-05-01 13:22:44,432] {logging_mixin.py:95} INFO - [2019-05-01 13:22:44,432] {S3_hook.py:201} INFO - Not Found
[2019-05-01 13:22:49,438] {s3_key_sensor.py:88} INFO - Poking for key : s3://cscie29-data/pset5/yelp_data/yelp1.csv
[2019-05-01 13:22:49,452] {logging_mixin.py:95} INFO - [2019-05-01 13:22:49,452] {credentials.py:1046} INFO - Found credentials in shared credentials file: ~/.aws/credentials
[2019-05-01 13:22:49,856] {logging_mixin.py:95} INFO - [2019-05-01 13:22:49,856] {S3_hook.py:201} INFO - Not Found
[2019-05-01 13:22:49,860] {__init__.py:1580} ERROR - Snap. Time is OUT.
Traceback (most recent call last):
  File "/home/mjcarleb/anaconda3/envs/airflow4/lib/python3.7/site-packages/airflow/models/__init__.py", line 1441, in _run_raw_task
    result = task_copy.execute(context=context)
  File "/home/mjcarleb/anaconda3/envs/airflow4/lib/python3.7/site-packages/airflow/sensors/base_sensor_operator.py", line 117, in execute
    raise AirflowSensorTimeout('Snap. Time is OUT.')
airflow.exceptions.AirflowSensorTimeout: Snap. Time is OUT.
[2019-05-01 13:22:49,861] {__init__.py:1611} INFO - Marking task as FAILED.
[2019-05-01 13:22:49,884] {base_task_runner.py:101} INFO - Job 309: Subtask 5.Sense_S3_Source Traceback (most recent call last):
[2019-05-01 13:22:49,884] {base_task_runner.py:101} INFO - Job 309: Subtask 5.Sense_S3_Source   File "/home/mjcarleb/anaconda3/envs/airflow4/bin/airflow", line 32, in <module>
[2019-05-01 13:22:49,884] {base_task_runner.py:101} INFO - Job 309: Subtask 5.Sense_S3_Source     args.func(args)
[2019-05-01 13:22:49,884] {base_task_runner.py:101} INFO - Job 309: Subtask 5.Sense_S3_Source   File "/home/mjcarleb/anaconda3/envs/airflow4/lib/python3.7/site-packages/airflow/utils/cli.py", line 74, in wrapper
[2019-05-01 13:22:49,885] {base_task_runner.py:101} INFO - Job 309: Subtask 5.Sense_S3_Source     return f(*args, **kwargs)
[2019-05-01 13:22:49,885] {base_task_runner.py:101} INFO - Job 309: Subtask 5.Sense_S3_Source   File "/home/mjcarleb/anaconda3/envs/airflow4/lib/python3.7/site-packages/airflow/bin/cli.py", line 523, in run
[2019-05-01 13:22:49,885] {base_task_runner.py:101} INFO - Job 309: Subtask 5.Sense_S3_Source     _run(args, dag, ti)
[2019-05-01 13:22:49,885] {base_task_runner.py:101} INFO - Job 309: Subtask 5.Sense_S3_Source   File "/home/mjcarleb/anaconda3/envs/airflow4/lib/python3.7/site-packages/airflow/bin/cli.py", line 442, in _run
[2019-05-01 13:22:49,885] {base_task_runner.py:101} INFO - Job 309: Subtask 5.Sense_S3_Source     pool=args.pool,
[2019-05-01 13:22:49,885] {base_task_runner.py:101} INFO - Job 309: Subtask 5.Sense_S3_Source   File "/home/mjcarleb/anaconda3/envs/airflow4/lib/python3.7/site-packages/airflow/utils/db.py", line 73, in wrapper
[2019-05-01 13:22:49,885] {base_task_runner.py:101} INFO - Job 309: Subtask 5.Sense_S3_Source     return func(*args, **kwargs)
[2019-05-01 13:22:49,885] {base_task_runner.py:101} INFO - Job 309: Subtask 5.Sense_S3_Source   File "/home/mjcarleb/anaconda3/envs/airflow4/lib/python3.7/site-packages/airflow/models/__init__.py", line 1441, in _run_raw_task
[2019-05-01 13:22:49,886] {base_task_runner.py:101} INFO - Job 309: Subtask 5.Sense_S3_Source     result = task_copy.execute(context=context)
[2019-05-01 13:22:49,886] {base_task_runner.py:101} INFO - Job 309: Subtask 5.Sense_S3_Source   File "/home/mjcarleb/anaconda3/envs/airflow4/lib/python3.7/site-packages/airflow/sensors/base_sensor_operator.py", line 117, in execute
[2019-05-01 13:22:49,886] {base_task_runner.py:101} INFO - Job 309: Subtask 5.Sense_S3_Source     raise AirflowSensorTimeout('Snap. Time is OUT.')
[2019-05-01 13:22:49,886] {base_task_runner.py:101} INFO - Job 309: Subtask 5.Sense_S3_Source airflow.exceptions.AirflowSensorTimeout: Snap. Time is OUT.
[2019-05-01 13:22:53,390] {logging_mixin.py:95} INFO - [2019-05-01 13:22:53,390] {jobs.py:2562} INFO - Task exited with return code 1
