[2019-04-29 13:07:22,749] {__init__.py:1139} INFO - Dependencies all met for <TaskInstance: pass_arg_print_name.pandas_python_operator 2019-04-28T00:00:00+00:00 [queued]>
[2019-04-29 13:07:22,754] {__init__.py:1139} INFO - Dependencies all met for <TaskInstance: pass_arg_print_name.pandas_python_operator 2019-04-28T00:00:00+00:00 [queued]>
[2019-04-29 13:07:22,754] {__init__.py:1353} INFO - 
--------------------------------------------------------------------------------
[2019-04-29 13:07:22,754] {__init__.py:1354} INFO - Starting attempt 1 of 1
[2019-04-29 13:07:22,754] {__init__.py:1355} INFO - 
--------------------------------------------------------------------------------
[2019-04-29 13:07:22,767] {__init__.py:1374} INFO - Executing <Task(PythonOperator): pandas_python_operator> on 2019-04-28T00:00:00+00:00
[2019-04-29 13:07:22,767] {base_task_runner.py:119} INFO - Running: ['airflow', 'run', 'pass_arg_print_name', 'pandas_python_operator', '2019-04-28T00:00:00+00:00', '--job_id', '164', '--raw', '-sd', 'DAGS_FOLDER/arg_passing.py', '--cfg_path', '/tmp/tmp_i8asq43']
[2019-04-29 13:07:23,058] {base_task_runner.py:101} INFO - Job 164: Subtask pandas_python_operator /home/mjcarleb/anaconda3/envs/airflow4/lib/python3.7/site-packages/airflow/configuration.py:214: FutureWarning: The task_runner setting in [core] has the old default value of 'BashTaskRunner'. This value has been changed to 'StandardTaskRunner' in the running config, but please update your config before Apache Airflow 2.0.
[2019-04-29 13:07:23,058] {base_task_runner.py:101} INFO - Job 164: Subtask pandas_python_operator   FutureWarning,
[2019-04-29 13:07:23,226] {base_task_runner.py:101} INFO - Job 164: Subtask pandas_python_operator [2019-04-29 13:07:23,225] {__init__.py:51} INFO - Using executor SequentialExecutor
[2019-04-29 13:07:23,381] {base_task_runner.py:101} INFO - Job 164: Subtask pandas_python_operator [2019-04-29 13:07:23,381] {__init__.py:305} INFO - Filling up the DagBag from /home/mjcarleb/HESWork/CSCI-E29/2019sp-airflow_project-mjcarleb/dags/arg_passing.py
[2019-04-29 13:07:23,533] {base_task_runner.py:101} INFO - Job 164: Subtask pandas_python_operator [2019-04-29 13:07:23,533] {cli.py:517} INFO - Running <TaskInstance: pass_arg_print_name.pandas_python_operator 2019-04-28T00:00:00+00:00 [running]> on host localhost.localdomain
[2019-04-29 13:07:23,539] {python_operator.py:104} INFO - Exporting the following env vars:
AIRFLOW_CTX_DAG_ID=pass_arg_print_name
AIRFLOW_CTX_TASK_ID=pandas_python_operator
AIRFLOW_CTX_EXECUTION_DATE=2019-04-28T00:00:00+00:00
AIRFLOW_CTX_DAG_RUN_ID=scheduled__2019-04-28T00:00:00+00:00
[2019-04-29 13:07:23,539] {logging_mixin.py:95} INFO - hello,
[2019-04-29 13:07:23,611] {logging_mixin.py:95} INFO - (10000, 9)
[2019-04-29 13:07:23,612] {python_operator.py:113} INFO - Done. Returned value was: Whatever you return gets printed in logs
[2019-04-29 13:07:27,756] {logging_mixin.py:95} INFO - [2019-04-29 13:07:27,755] {jobs.py:2562} INFO - Task exited with return code 0
