[2019-04-30 15:19:32,767] {__init__.py:1139} INFO - Dependencies all met for <TaskInstance: Salted_Graph_Practice1.Check_Copied_Hashes_Match 2019-04-30T19:19:07.088369+00:00 [queued]>
[2019-04-30 15:19:32,770] {__init__.py:1139} INFO - Dependencies all met for <TaskInstance: Salted_Graph_Practice1.Check_Copied_Hashes_Match 2019-04-30T19:19:07.088369+00:00 [queued]>
[2019-04-30 15:19:32,770] {__init__.py:1353} INFO - 
--------------------------------------------------------------------------------
[2019-04-30 15:19:32,770] {__init__.py:1354} INFO - Starting attempt 1 of 1
[2019-04-30 15:19:32,770] {__init__.py:1355} INFO - 
--------------------------------------------------------------------------------
[2019-04-30 15:19:32,778] {__init__.py:1374} INFO - Executing <Task(PythonOperator): Check_Copied_Hashes_Match> on 2019-04-30T19:19:07.088369+00:00
[2019-04-30 15:19:32,779] {base_task_runner.py:119} INFO - Running: ['airflow', 'run', 'Salted_Graph_Practice1', 'Check_Copied_Hashes_Match', '2019-04-30T19:19:07.088369+00:00', '--job_id', '215', '--raw', '-sd', 'DAGS_FOLDER/salted_graph.py', '--cfg_path', '/tmp/tmpnw3fzivw']
[2019-04-30 15:19:33,045] {base_task_runner.py:101} INFO - Job 215: Subtask Check_Copied_Hashes_Match /home/mjcarleb/anaconda3/envs/airflow4/lib/python3.7/site-packages/airflow/configuration.py:214: FutureWarning: The task_runner setting in [core] has the old default value of 'BashTaskRunner'. This value has been changed to 'StandardTaskRunner' in the running config, but please update your config before Apache Airflow 2.0.
[2019-04-30 15:19:33,045] {base_task_runner.py:101} INFO - Job 215: Subtask Check_Copied_Hashes_Match   FutureWarning,
[2019-04-30 15:19:33,192] {base_task_runner.py:101} INFO - Job 215: Subtask Check_Copied_Hashes_Match [2019-04-30 15:19:33,192] {__init__.py:51} INFO - Using executor SequentialExecutor
[2019-04-30 15:19:33,332] {base_task_runner.py:101} INFO - Job 215: Subtask Check_Copied_Hashes_Match [2019-04-30 15:19:33,332] {__init__.py:305} INFO - Filling up the DagBag from /home/mjcarleb/HESWork/CSCI-E29/2019sp-airflow_project-mjcarleb/dags/salted_graph.py
[2019-04-30 15:19:33,352] {base_task_runner.py:101} INFO - Job 215: Subtask Check_Copied_Hashes_Match [2019-04-30 15:19:33,352] {cli.py:517} INFO - Running <TaskInstance: Salted_Graph_Practice1.Check_Copied_Hashes_Match 2019-04-30T19:19:07.088369+00:00 [running]> on host localhost.localdomain
[2019-04-30 15:19:33,357] {python_operator.py:104} INFO - Exporting the following env vars:
AIRFLOW_CTX_DAG_ID=Salted_Graph_Practice1
AIRFLOW_CTX_TASK_ID=Check_Copied_Hashes_Match
AIRFLOW_CTX_EXECUTION_DATE=2019-04-30T19:19:07.088369+00:00
AIRFLOW_CTX_DAG_RUN_ID=manual__2019-04-30T19:19:07.088369+00:00
[2019-04-30 15:19:33,478] {__init__.py:1580} ERROR - No columns to parse from file
Traceback (most recent call last):
  File "/home/mjcarleb/anaconda3/envs/airflow4/lib/python3.7/site-packages/airflow/models/__init__.py", line 1441, in _run_raw_task
    result = task_copy.execute(context=context)
  File "/home/mjcarleb/anaconda3/envs/airflow4/lib/python3.7/site-packages/airflow/operators/python_operator.py", line 112, in execute
    return_value = self.execute_callable()
  File "/home/mjcarleb/anaconda3/envs/airflow4/lib/python3.7/site-packages/airflow/operators/python_operator.py", line 117, in execute_callable
    return self.python_callable(*self.op_args, **self.op_kwargs)
  File "/home/mjcarleb/HESWork/CSCI-E29/2019sp-airflow_project-mjcarleb/dags/salted_graph.py", line 132, in check_copied_hashes_match
    df = pd.read_csv("copied/yelp_subset_1.csv")
  File "/home/mjcarleb/anaconda3/envs/airflow4/lib/python3.7/site-packages/pandas/io/parsers.py", line 702, in parser_f
    return _read(filepath_or_buffer, kwds)
  File "/home/mjcarleb/anaconda3/envs/airflow4/lib/python3.7/site-packages/pandas/io/parsers.py", line 429, in _read
    parser = TextFileReader(filepath_or_buffer, **kwds)
  File "/home/mjcarleb/anaconda3/envs/airflow4/lib/python3.7/site-packages/pandas/io/parsers.py", line 895, in __init__
    self._make_engine(self.engine)
  File "/home/mjcarleb/anaconda3/envs/airflow4/lib/python3.7/site-packages/pandas/io/parsers.py", line 1122, in _make_engine
    self._engine = CParserWrapper(self.f, **self.options)
  File "/home/mjcarleb/anaconda3/envs/airflow4/lib/python3.7/site-packages/pandas/io/parsers.py", line 1853, in __init__
    self._reader = parsers.TextReader(src, **kwds)
  File "pandas/_libs/parsers.pyx", line 545, in pandas._libs.parsers.TextReader.__cinit__
pandas.errors.EmptyDataError: No columns to parse from file
[2019-04-30 15:19:33,479] {__init__.py:1611} INFO - Marking task as FAILED.
[2019-04-30 15:19:33,496] {base_task_runner.py:101} INFO - Job 215: Subtask Check_Copied_Hashes_Match Traceback (most recent call last):
[2019-04-30 15:19:33,497] {base_task_runner.py:101} INFO - Job 215: Subtask Check_Copied_Hashes_Match   File "/home/mjcarleb/anaconda3/envs/airflow4/bin/airflow", line 32, in <module>
[2019-04-30 15:19:33,497] {base_task_runner.py:101} INFO - Job 215: Subtask Check_Copied_Hashes_Match     args.func(args)
[2019-04-30 15:19:33,497] {base_task_runner.py:101} INFO - Job 215: Subtask Check_Copied_Hashes_Match   File "/home/mjcarleb/anaconda3/envs/airflow4/lib/python3.7/site-packages/airflow/utils/cli.py", line 74, in wrapper
[2019-04-30 15:19:33,497] {base_task_runner.py:101} INFO - Job 215: Subtask Check_Copied_Hashes_Match     return f(*args, **kwargs)
[2019-04-30 15:19:33,497] {base_task_runner.py:101} INFO - Job 215: Subtask Check_Copied_Hashes_Match   File "/home/mjcarleb/anaconda3/envs/airflow4/lib/python3.7/site-packages/airflow/bin/cli.py", line 523, in run
[2019-04-30 15:19:33,497] {base_task_runner.py:101} INFO - Job 215: Subtask Check_Copied_Hashes_Match     _run(args, dag, ti)
[2019-04-30 15:19:33,497] {base_task_runner.py:101} INFO - Job 215: Subtask Check_Copied_Hashes_Match   File "/home/mjcarleb/anaconda3/envs/airflow4/lib/python3.7/site-packages/airflow/bin/cli.py", line 442, in _run
[2019-04-30 15:19:33,497] {base_task_runner.py:101} INFO - Job 215: Subtask Check_Copied_Hashes_Match     pool=args.pool,
[2019-04-30 15:19:33,497] {base_task_runner.py:101} INFO - Job 215: Subtask Check_Copied_Hashes_Match   File "/home/mjcarleb/anaconda3/envs/airflow4/lib/python3.7/site-packages/airflow/utils/db.py", line 73, in wrapper
[2019-04-30 15:19:33,497] {base_task_runner.py:101} INFO - Job 215: Subtask Check_Copied_Hashes_Match     return func(*args, **kwargs)
[2019-04-30 15:19:33,497] {base_task_runner.py:101} INFO - Job 215: Subtask Check_Copied_Hashes_Match   File "/home/mjcarleb/anaconda3/envs/airflow4/lib/python3.7/site-packages/airflow/models/__init__.py", line 1441, in _run_raw_task
[2019-04-30 15:19:33,497] {base_task_runner.py:101} INFO - Job 215: Subtask Check_Copied_Hashes_Match     result = task_copy.execute(context=context)
[2019-04-30 15:19:33,497] {base_task_runner.py:101} INFO - Job 215: Subtask Check_Copied_Hashes_Match   File "/home/mjcarleb/anaconda3/envs/airflow4/lib/python3.7/site-packages/airflow/operators/python_operator.py", line 112, in execute
[2019-04-30 15:19:33,497] {base_task_runner.py:101} INFO - Job 215: Subtask Check_Copied_Hashes_Match     return_value = self.execute_callable()
[2019-04-30 15:19:33,497] {base_task_runner.py:101} INFO - Job 215: Subtask Check_Copied_Hashes_Match   File "/home/mjcarleb/anaconda3/envs/airflow4/lib/python3.7/site-packages/airflow/operators/python_operator.py", line 117, in execute_callable
[2019-04-30 15:19:33,497] {base_task_runner.py:101} INFO - Job 215: Subtask Check_Copied_Hashes_Match     return self.python_callable(*self.op_args, **self.op_kwargs)
[2019-04-30 15:19:33,497] {base_task_runner.py:101} INFO - Job 215: Subtask Check_Copied_Hashes_Match   File "/home/mjcarleb/HESWork/CSCI-E29/2019sp-airflow_project-mjcarleb/dags/salted_graph.py", line 132, in check_copied_hashes_match
[2019-04-30 15:19:33,497] {base_task_runner.py:101} INFO - Job 215: Subtask Check_Copied_Hashes_Match     df = pd.read_csv("copied/yelp_subset_1.csv")
[2019-04-30 15:19:33,497] {base_task_runner.py:101} INFO - Job 215: Subtask Check_Copied_Hashes_Match   File "/home/mjcarleb/anaconda3/envs/airflow4/lib/python3.7/site-packages/pandas/io/parsers.py", line 702, in parser_f
[2019-04-30 15:19:33,497] {base_task_runner.py:101} INFO - Job 215: Subtask Check_Copied_Hashes_Match     return _read(filepath_or_buffer, kwds)
[2019-04-30 15:19:33,497] {base_task_runner.py:101} INFO - Job 215: Subtask Check_Copied_Hashes_Match   File "/home/mjcarleb/anaconda3/envs/airflow4/lib/python3.7/site-packages/pandas/io/parsers.py", line 429, in _read
[2019-04-30 15:19:33,497] {base_task_runner.py:101} INFO - Job 215: Subtask Check_Copied_Hashes_Match     parser = TextFileReader(filepath_or_buffer, **kwds)
[2019-04-30 15:19:33,497] {base_task_runner.py:101} INFO - Job 215: Subtask Check_Copied_Hashes_Match   File "/home/mjcarleb/anaconda3/envs/airflow4/lib/python3.7/site-packages/pandas/io/parsers.py", line 895, in __init__
[2019-04-30 15:19:33,497] {base_task_runner.py:101} INFO - Job 215: Subtask Check_Copied_Hashes_Match     self._make_engine(self.engine)
[2019-04-30 15:19:33,497] {base_task_runner.py:101} INFO - Job 215: Subtask Check_Copied_Hashes_Match   File "/home/mjcarleb/anaconda3/envs/airflow4/lib/python3.7/site-packages/pandas/io/parsers.py", line 1122, in _make_engine
[2019-04-30 15:19:33,497] {base_task_runner.py:101} INFO - Job 215: Subtask Check_Copied_Hashes_Match     self._engine = CParserWrapper(self.f, **self.options)
[2019-04-30 15:19:33,498] {base_task_runner.py:101} INFO - Job 215: Subtask Check_Copied_Hashes_Match   File "/home/mjcarleb/anaconda3/envs/airflow4/lib/python3.7/site-packages/pandas/io/parsers.py", line 1853, in __init__
[2019-04-30 15:19:33,498] {base_task_runner.py:101} INFO - Job 215: Subtask Check_Copied_Hashes_Match     self._reader = parsers.TextReader(src, **kwds)
[2019-04-30 15:19:33,498] {base_task_runner.py:101} INFO - Job 215: Subtask Check_Copied_Hashes_Match   File "pandas/_libs/parsers.pyx", line 545, in pandas._libs.parsers.TextReader.__cinit__
[2019-04-30 15:19:33,498] {base_task_runner.py:101} INFO - Job 215: Subtask Check_Copied_Hashes_Match pandas.errors.EmptyDataError: No columns to parse from file
[2019-04-30 15:19:37,781] {logging_mixin.py:95} INFO - [2019-04-30 15:19:37,781] {jobs.py:2562} INFO - Task exited with return code 1
