[2019-05-01 12:06:48,429] {__init__.py:1139} INFO - Dependencies all met for <TaskInstance: Salted_Graph_Practice1.Sense_Report.hash 2019-05-01T16:06:29.815765+00:00 [queued]>
[2019-05-01 12:06:48,433] {__init__.py:1139} INFO - Dependencies all met for <TaskInstance: Salted_Graph_Practice1.Sense_Report.hash 2019-05-01T16:06:29.815765+00:00 [queued]>
[2019-05-01 12:06:48,433] {__init__.py:1353} INFO - 
--------------------------------------------------------------------------------
[2019-05-01 12:06:48,433] {__init__.py:1354} INFO - Starting attempt 1 of 1
[2019-05-01 12:06:48,433] {__init__.py:1355} INFO - 
--------------------------------------------------------------------------------
[2019-05-01 12:06:48,441] {__init__.py:1374} INFO - Executing <Task(FileSensor): Sense_Report.hash> on 2019-05-01T16:06:29.815765+00:00
[2019-05-01 12:06:48,442] {base_task_runner.py:119} INFO - Running: ['airflow', 'run', 'Salted_Graph_Practice1', 'Sense_Report.hash', '2019-05-01T16:06:29.815765+00:00', '--job_id', '289', '--raw', '-sd', 'DAGS_FOLDER/salted_graph.py', '--cfg_path', '/tmp/tmpi8as3m3x']
[2019-05-01 12:06:48,728] {base_task_runner.py:101} INFO - Job 289: Subtask Sense_Report.hash /home/mjcarleb/anaconda3/envs/airflow4/lib/python3.7/site-packages/airflow/configuration.py:214: FutureWarning: The task_runner setting in [core] has the old default value of 'BashTaskRunner'. This value has been changed to 'StandardTaskRunner' in the running config, but please update your config before Apache Airflow 2.0.
[2019-05-01 12:06:48,729] {base_task_runner.py:101} INFO - Job 289: Subtask Sense_Report.hash   FutureWarning,
[2019-05-01 12:06:48,884] {base_task_runner.py:101} INFO - Job 289: Subtask Sense_Report.hash [2019-05-01 12:06:48,883] {__init__.py:51} INFO - Using executor SequentialExecutor
[2019-05-01 12:06:49,024] {base_task_runner.py:101} INFO - Job 289: Subtask Sense_Report.hash [2019-05-01 12:06:49,024] {__init__.py:305} INFO - Filling up the DagBag from /home/mjcarleb/HESWork/CSCI-E29/2019sp-airflow_project-mjcarleb/dags/salted_graph.py
[2019-05-01 12:06:49,044] {base_task_runner.py:101} INFO - Job 289: Subtask Sense_Report.hash [2019-05-01 12:06:49,044] {cli.py:517} INFO - Running <TaskInstance: Salted_Graph_Practice1.Sense_Report.hash 2019-05-01T16:06:29.815765+00:00 [running]> on host localhost.localdomain
[2019-05-01 12:06:49,051] {__init__.py:1580} ERROR - unexpected ')'
Traceback (most recent call last):
  File "/home/mjcarleb/anaconda3/envs/airflow4/lib/python3.7/site-packages/airflow/models/__init__.py", line 1426, in _run_raw_task
    self.render_templates()
  File "/home/mjcarleb/anaconda3/envs/airflow4/lib/python3.7/site-packages/airflow/models/__init__.py", line 1790, in render_templates
    rendered_content = rt(attr, content, jinja_context)
  File "/home/mjcarleb/anaconda3/envs/airflow4/lib/python3.7/site-packages/airflow/models/__init__.py", line 2538, in render_template
    return self.render_template_from_field(attr, content, context, jinja_env)
  File "/home/mjcarleb/anaconda3/envs/airflow4/lib/python3.7/site-packages/airflow/models/__init__.py", line 2514, in render_template_from_field
    result = jinja_env.from_string(content).render(**context)
  File "/home/mjcarleb/anaconda3/envs/airflow4/lib/python3.7/site-packages/jinja2/environment.py", line 880, in from_string
    return cls.from_code(self, self.compile(source), globals, None)
  File "/home/mjcarleb/anaconda3/envs/airflow4/lib/python3.7/site-packages/jinja2/environment.py", line 591, in compile
    self.handle_exception(exc_info, source_hint=source_hint)
  File "/home/mjcarleb/anaconda3/envs/airflow4/lib/python3.7/site-packages/jinja2/environment.py", line 780, in handle_exception
    reraise(exc_type, exc_value, tb)
  File "/home/mjcarleb/anaconda3/envs/airflow4/lib/python3.7/site-packages/jinja2/_compat.py", line 37, in reraise
    raise value.with_traceback(tb)
  File "<unknown>", line 1, in template
  File "/home/mjcarleb/anaconda3/envs/airflow4/lib/python3.7/site-packages/jinja2/environment.py", line 497, in _parse
    return Parser(self, source, name, encode_filename(filename)).parse()
  File "/home/mjcarleb/anaconda3/envs/airflow4/lib/python3.7/site-packages/jinja2/parser.py", line 901, in parse
    result = nodes.Template(self.subparse(), lineno=1)
  File "/home/mjcarleb/anaconda3/envs/airflow4/lib/python3.7/site-packages/jinja2/parser.py", line 875, in subparse
    add_data(self.parse_tuple(with_condexpr=True))
  File "/home/mjcarleb/anaconda3/envs/airflow4/lib/python3.7/site-packages/jinja2/parser.py", line 620, in parse_tuple
    args.append(parse())
  File "/home/mjcarleb/anaconda3/envs/airflow4/lib/python3.7/site-packages/jinja2/parser.py", line 432, in parse_expression
    return self.parse_condexpr()
  File "/home/mjcarleb/anaconda3/envs/airflow4/lib/python3.7/site-packages/jinja2/parser.py", line 437, in parse_condexpr
    expr1 = self.parse_or()
  File "/home/mjcarleb/anaconda3/envs/airflow4/lib/python3.7/site-packages/jinja2/parser.py", line 450, in parse_or
    left = self.parse_and()
  File "/home/mjcarleb/anaconda3/envs/airflow4/lib/python3.7/site-packages/jinja2/parser.py", line 459, in parse_and
    left = self.parse_not()
  File "/home/mjcarleb/anaconda3/envs/airflow4/lib/python3.7/site-packages/jinja2/parser.py", line 470, in parse_not
    return self.parse_compare()
  File "/home/mjcarleb/anaconda3/envs/airflow4/lib/python3.7/site-packages/jinja2/parser.py", line 474, in parse_compare
    expr = self.parse_math1()
  File "/home/mjcarleb/anaconda3/envs/airflow4/lib/python3.7/site-packages/jinja2/parser.py", line 496, in parse_math1
    left = self.parse_concat()
  File "/home/mjcarleb/anaconda3/envs/airflow4/lib/python3.7/site-packages/jinja2/parser.py", line 507, in parse_concat
    args = [self.parse_math2()]
  File "/home/mjcarleb/anaconda3/envs/airflow4/lib/python3.7/site-packages/jinja2/parser.py", line 517, in parse_math2
    left = self.parse_pow()
  File "/home/mjcarleb/anaconda3/envs/airflow4/lib/python3.7/site-packages/jinja2/parser.py", line 528, in parse_pow
    left = self.parse_unary()
  File "/home/mjcarleb/anaconda3/envs/airflow4/lib/python3.7/site-packages/jinja2/parser.py", line 547, in parse_unary
    node = self.parse_postfix(node)
  File "/home/mjcarleb/anaconda3/envs/airflow4/lib/python3.7/site-packages/jinja2/parser.py", line 676, in parse_postfix
    node = self.parse_call(node)
  File "/home/mjcarleb/anaconda3/envs/airflow4/lib/python3.7/site-packages/jinja2/parser.py", line 793, in parse_call
    self.stream.expect('rparen')
  File "/home/mjcarleb/anaconda3/envs/airflow4/lib/python3.7/site-packages/jinja2/lexer.py", line 388, in expect
    next(self)
  File "/home/mjcarleb/anaconda3/envs/airflow4/lib/python3.7/site-packages/jinja2/lexer.py", line 359, in __next__
    self.current = next(self._iter)
  File "/home/mjcarleb/anaconda3/envs/airflow4/lib/python3.7/site-packages/jinja2/lexer.py", line 562, in wrap
    for lineno, token, value in stream:
  File "/home/mjcarleb/anaconda3/envs/airflow4/lib/python3.7/site-packages/jinja2/lexer.py", line 683, in tokeniter
    filename)
jinja2.exceptions.TemplateSyntaxError: unexpected ')'
[2019-05-01 12:06:49,052] {__init__.py:1611} INFO - Marking task as FAILED.
[2019-05-01 12:06:49,067] {base_task_runner.py:101} INFO - Job 289: Subtask Sense_Report.hash Traceback (most recent call last):
[2019-05-01 12:06:49,067] {base_task_runner.py:101} INFO - Job 289: Subtask Sense_Report.hash   File "/home/mjcarleb/anaconda3/envs/airflow4/bin/airflow", line 32, in <module>
[2019-05-01 12:06:49,067] {base_task_runner.py:101} INFO - Job 289: Subtask Sense_Report.hash     args.func(args)
[2019-05-01 12:06:49,067] {base_task_runner.py:101} INFO - Job 289: Subtask Sense_Report.hash   File "/home/mjcarleb/anaconda3/envs/airflow4/lib/python3.7/site-packages/airflow/utils/cli.py", line 74, in wrapper
[2019-05-01 12:06:49,067] {base_task_runner.py:101} INFO - Job 289: Subtask Sense_Report.hash     return f(*args, **kwargs)
[2019-05-01 12:06:49,067] {base_task_runner.py:101} INFO - Job 289: Subtask Sense_Report.hash   File "/home/mjcarleb/anaconda3/envs/airflow4/lib/python3.7/site-packages/airflow/bin/cli.py", line 523, in run
[2019-05-01 12:06:49,067] {base_task_runner.py:101} INFO - Job 289: Subtask Sense_Report.hash     _run(args, dag, ti)
[2019-05-01 12:06:49,067] {base_task_runner.py:101} INFO - Job 289: Subtask Sense_Report.hash   File "/home/mjcarleb/anaconda3/envs/airflow4/lib/python3.7/site-packages/airflow/bin/cli.py", line 442, in _run
[2019-05-01 12:06:49,067] {base_task_runner.py:101} INFO - Job 289: Subtask Sense_Report.hash     pool=args.pool,
[2019-05-01 12:06:49,067] {base_task_runner.py:101} INFO - Job 289: Subtask Sense_Report.hash   File "/home/mjcarleb/anaconda3/envs/airflow4/lib/python3.7/site-packages/airflow/utils/db.py", line 73, in wrapper
[2019-05-01 12:06:49,067] {base_task_runner.py:101} INFO - Job 289: Subtask Sense_Report.hash     return func(*args, **kwargs)
[2019-05-01 12:06:49,067] {base_task_runner.py:101} INFO - Job 289: Subtask Sense_Report.hash   File "/home/mjcarleb/anaconda3/envs/airflow4/lib/python3.7/site-packages/airflow/models/__init__.py", line 1426, in _run_raw_task
[2019-05-01 12:06:49,068] {base_task_runner.py:101} INFO - Job 289: Subtask Sense_Report.hash     self.render_templates()
[2019-05-01 12:06:49,068] {base_task_runner.py:101} INFO - Job 289: Subtask Sense_Report.hash   File "/home/mjcarleb/anaconda3/envs/airflow4/lib/python3.7/site-packages/airflow/models/__init__.py", line 1790, in render_templates
[2019-05-01 12:06:49,068] {base_task_runner.py:101} INFO - Job 289: Subtask Sense_Report.hash     rendered_content = rt(attr, content, jinja_context)
[2019-05-01 12:06:49,068] {base_task_runner.py:101} INFO - Job 289: Subtask Sense_Report.hash   File "/home/mjcarleb/anaconda3/envs/airflow4/lib/python3.7/site-packages/airflow/models/__init__.py", line 2538, in render_template
[2019-05-01 12:06:49,068] {base_task_runner.py:101} INFO - Job 289: Subtask Sense_Report.hash     return self.render_template_from_field(attr, content, context, jinja_env)
[2019-05-01 12:06:49,068] {base_task_runner.py:101} INFO - Job 289: Subtask Sense_Report.hash   File "/home/mjcarleb/anaconda3/envs/airflow4/lib/python3.7/site-packages/airflow/models/__init__.py", line 2514, in render_template_from_field
[2019-05-01 12:06:49,068] {base_task_runner.py:101} INFO - Job 289: Subtask Sense_Report.hash     result = jinja_env.from_string(content).render(**context)
[2019-05-01 12:06:49,068] {base_task_runner.py:101} INFO - Job 289: Subtask Sense_Report.hash   File "/home/mjcarleb/anaconda3/envs/airflow4/lib/python3.7/site-packages/jinja2/environment.py", line 880, in from_string
[2019-05-01 12:06:49,068] {base_task_runner.py:101} INFO - Job 289: Subtask Sense_Report.hash     return cls.from_code(self, self.compile(source), globals, None)
[2019-05-01 12:06:49,068] {base_task_runner.py:101} INFO - Job 289: Subtask Sense_Report.hash   File "/home/mjcarleb/anaconda3/envs/airflow4/lib/python3.7/site-packages/jinja2/environment.py", line 591, in compile
[2019-05-01 12:06:49,068] {base_task_runner.py:101} INFO - Job 289: Subtask Sense_Report.hash     self.handle_exception(exc_info, source_hint=source_hint)
[2019-05-01 12:06:49,068] {base_task_runner.py:101} INFO - Job 289: Subtask Sense_Report.hash   File "/home/mjcarleb/anaconda3/envs/airflow4/lib/python3.7/site-packages/jinja2/environment.py", line 780, in handle_exception
[2019-05-01 12:06:49,068] {base_task_runner.py:101} INFO - Job 289: Subtask Sense_Report.hash     reraise(exc_type, exc_value, tb)
[2019-05-01 12:06:49,068] {base_task_runner.py:101} INFO - Job 289: Subtask Sense_Report.hash   File "/home/mjcarleb/anaconda3/envs/airflow4/lib/python3.7/site-packages/jinja2/_compat.py", line 37, in reraise
[2019-05-01 12:06:49,068] {base_task_runner.py:101} INFO - Job 289: Subtask Sense_Report.hash     raise value.with_traceback(tb)
[2019-05-01 12:06:49,068] {base_task_runner.py:101} INFO - Job 289: Subtask Sense_Report.hash   File "<unknown>", line 1, in template
[2019-05-01 12:06:49,068] {base_task_runner.py:101} INFO - Job 289: Subtask Sense_Report.hash   File "/home/mjcarleb/anaconda3/envs/airflow4/lib/python3.7/site-packages/jinja2/environment.py", line 497, in _parse
[2019-05-01 12:06:49,068] {base_task_runner.py:101} INFO - Job 289: Subtask Sense_Report.hash     return Parser(self, source, name, encode_filename(filename)).parse()
[2019-05-01 12:06:49,068] {base_task_runner.py:101} INFO - Job 289: Subtask Sense_Report.hash   File "/home/mjcarleb/anaconda3/envs/airflow4/lib/python3.7/site-packages/jinja2/parser.py", line 901, in parse
[2019-05-01 12:06:49,068] {base_task_runner.py:101} INFO - Job 289: Subtask Sense_Report.hash     result = nodes.Template(self.subparse(), lineno=1)
[2019-05-01 12:06:49,068] {base_task_runner.py:101} INFO - Job 289: Subtask Sense_Report.hash   File "/home/mjcarleb/anaconda3/envs/airflow4/lib/python3.7/site-packages/jinja2/parser.py", line 875, in subparse
[2019-05-01 12:06:49,068] {base_task_runner.py:101} INFO - Job 289: Subtask Sense_Report.hash     add_data(self.parse_tuple(with_condexpr=True))
[2019-05-01 12:06:49,068] {base_task_runner.py:101} INFO - Job 289: Subtask Sense_Report.hash   File "/home/mjcarleb/anaconda3/envs/airflow4/lib/python3.7/site-packages/jinja2/parser.py", line 620, in parse_tuple
[2019-05-01 12:06:49,068] {base_task_runner.py:101} INFO - Job 289: Subtask Sense_Report.hash     args.append(parse())
[2019-05-01 12:06:49,069] {base_task_runner.py:101} INFO - Job 289: Subtask Sense_Report.hash   File "/home/mjcarleb/anaconda3/envs/airflow4/lib/python3.7/site-packages/jinja2/parser.py", line 432, in parse_expression
[2019-05-01 12:06:49,069] {base_task_runner.py:101} INFO - Job 289: Subtask Sense_Report.hash     return self.parse_condexpr()
[2019-05-01 12:06:49,069] {base_task_runner.py:101} INFO - Job 289: Subtask Sense_Report.hash   File "/home/mjcarleb/anaconda3/envs/airflow4/lib/python3.7/site-packages/jinja2/parser.py", line 437, in parse_condexpr
[2019-05-01 12:06:49,069] {base_task_runner.py:101} INFO - Job 289: Subtask Sense_Report.hash     expr1 = self.parse_or()
[2019-05-01 12:06:49,069] {base_task_runner.py:101} INFO - Job 289: Subtask Sense_Report.hash   File "/home/mjcarleb/anaconda3/envs/airflow4/lib/python3.7/site-packages/jinja2/parser.py", line 450, in parse_or
[2019-05-01 12:06:49,069] {base_task_runner.py:101} INFO - Job 289: Subtask Sense_Report.hash     left = self.parse_and()
[2019-05-01 12:06:49,069] {base_task_runner.py:101} INFO - Job 289: Subtask Sense_Report.hash   File "/home/mjcarleb/anaconda3/envs/airflow4/lib/python3.7/site-packages/jinja2/parser.py", line 459, in parse_and
[2019-05-01 12:06:49,069] {base_task_runner.py:101} INFO - Job 289: Subtask Sense_Report.hash     left = self.parse_not()
[2019-05-01 12:06:49,069] {base_task_runner.py:101} INFO - Job 289: Subtask Sense_Report.hash   File "/home/mjcarleb/anaconda3/envs/airflow4/lib/python3.7/site-packages/jinja2/parser.py", line 470, in parse_not
[2019-05-01 12:06:49,069] {base_task_runner.py:101} INFO - Job 289: Subtask Sense_Report.hash     return self.parse_compare()
[2019-05-01 12:06:49,069] {base_task_runner.py:101} INFO - Job 289: Subtask Sense_Report.hash   File "/home/mjcarleb/anaconda3/envs/airflow4/lib/python3.7/site-packages/jinja2/parser.py", line 474, in parse_compare
[2019-05-01 12:06:49,069] {base_task_runner.py:101} INFO - Job 289: Subtask Sense_Report.hash     expr = self.parse_math1()
[2019-05-01 12:06:49,069] {base_task_runner.py:101} INFO - Job 289: Subtask Sense_Report.hash   File "/home/mjcarleb/anaconda3/envs/airflow4/lib/python3.7/site-packages/jinja2/parser.py", line 496, in parse_math1
[2019-05-01 12:06:49,069] {base_task_runner.py:101} INFO - Job 289: Subtask Sense_Report.hash     left = self.parse_concat()
[2019-05-01 12:06:49,069] {base_task_runner.py:101} INFO - Job 289: Subtask Sense_Report.hash   File "/home/mjcarleb/anaconda3/envs/airflow4/lib/python3.7/site-packages/jinja2/parser.py", line 507, in parse_concat
[2019-05-01 12:06:49,069] {base_task_runner.py:101} INFO - Job 289: Subtask Sense_Report.hash     args = [self.parse_math2()]
[2019-05-01 12:06:49,069] {base_task_runner.py:101} INFO - Job 289: Subtask Sense_Report.hash   File "/home/mjcarleb/anaconda3/envs/airflow4/lib/python3.7/site-packages/jinja2/parser.py", line 517, in parse_math2
[2019-05-01 12:06:49,069] {base_task_runner.py:101} INFO - Job 289: Subtask Sense_Report.hash     left = self.parse_pow()
[2019-05-01 12:06:49,069] {base_task_runner.py:101} INFO - Job 289: Subtask Sense_Report.hash   File "/home/mjcarleb/anaconda3/envs/airflow4/lib/python3.7/site-packages/jinja2/parser.py", line 528, in parse_pow
[2019-05-01 12:06:49,069] {base_task_runner.py:101} INFO - Job 289: Subtask Sense_Report.hash     left = self.parse_unary()
[2019-05-01 12:06:49,069] {base_task_runner.py:101} INFO - Job 289: Subtask Sense_Report.hash   File "/home/mjcarleb/anaconda3/envs/airflow4/lib/python3.7/site-packages/jinja2/parser.py", line 547, in parse_unary
[2019-05-01 12:06:49,069] {base_task_runner.py:101} INFO - Job 289: Subtask Sense_Report.hash     node = self.parse_postfix(node)
[2019-05-01 12:06:49,069] {base_task_runner.py:101} INFO - Job 289: Subtask Sense_Report.hash   File "/home/mjcarleb/anaconda3/envs/airflow4/lib/python3.7/site-packages/jinja2/parser.py", line 676, in parse_postfix
[2019-05-01 12:06:49,069] {base_task_runner.py:101} INFO - Job 289: Subtask Sense_Report.hash     node = self.parse_call(node)
[2019-05-01 12:06:49,069] {base_task_runner.py:101} INFO - Job 289: Subtask Sense_Report.hash   File "/home/mjcarleb/anaconda3/envs/airflow4/lib/python3.7/site-packages/jinja2/parser.py", line 793, in parse_call
[2019-05-01 12:06:49,070] {base_task_runner.py:101} INFO - Job 289: Subtask Sense_Report.hash     self.stream.expect('rparen')
[2019-05-01 12:06:49,070] {base_task_runner.py:101} INFO - Job 289: Subtask Sense_Report.hash   File "/home/mjcarleb/anaconda3/envs/airflow4/lib/python3.7/site-packages/jinja2/lexer.py", line 388, in expect
[2019-05-01 12:06:49,070] {base_task_runner.py:101} INFO - Job 289: Subtask Sense_Report.hash     next(self)
[2019-05-01 12:06:49,070] {base_task_runner.py:101} INFO - Job 289: Subtask Sense_Report.hash   File "/home/mjcarleb/anaconda3/envs/airflow4/lib/python3.7/site-packages/jinja2/lexer.py", line 359, in __next__
[2019-05-01 12:06:49,070] {base_task_runner.py:101} INFO - Job 289: Subtask Sense_Report.hash     self.current = next(self._iter)
[2019-05-01 12:06:49,070] {base_task_runner.py:101} INFO - Job 289: Subtask Sense_Report.hash   File "/home/mjcarleb/anaconda3/envs/airflow4/lib/python3.7/site-packages/jinja2/lexer.py", line 562, in wrap
[2019-05-01 12:06:49,070] {base_task_runner.py:101} INFO - Job 289: Subtask Sense_Report.hash     for lineno, token, value in stream:
[2019-05-01 12:06:49,070] {base_task_runner.py:101} INFO - Job 289: Subtask Sense_Report.hash   File "/home/mjcarleb/anaconda3/envs/airflow4/lib/python3.7/site-packages/jinja2/lexer.py", line 683, in tokeniter
[2019-05-01 12:06:49,070] {base_task_runner.py:101} INFO - Job 289: Subtask Sense_Report.hash     filename)
[2019-05-01 12:06:49,070] {base_task_runner.py:101} INFO - Job 289: Subtask Sense_Report.hash jinja2.exceptions.TemplateSyntaxError: unexpected ')'
[2019-05-01 12:06:53,438] {logging_mixin.py:95} INFO - [2019-05-01 12:06:53,438] {jobs.py:2562} INFO - Task exited with return code 1
