[2019-04-29 10:36:03,783] {models.py:1359} INFO - Dependencies all met for <TaskInstance: play_with_python_op2.change_dir 2019-04-28T00:00:00+00:00 [queued]>
[2019-04-29 10:36:03,786] {models.py:1359} INFO - Dependencies all met for <TaskInstance: play_with_python_op2.change_dir 2019-04-28T00:00:00+00:00 [queued]>
[2019-04-29 10:36:03,786] {models.py:1571} INFO - 
--------------------------------------------------------------------------------
Starting attempt 1 of 1
--------------------------------------------------------------------------------

[2019-04-29 10:36:03,796] {models.py:1593} INFO - Executing <Task(BashOperator): change_dir> on 2019-04-28T00:00:00+00:00
[2019-04-29 10:36:03,796] {base_task_runner.py:118} INFO - Running: ['bash', '-c', 'airflow run play_with_python_op2 change_dir 2019-04-28T00:00:00+00:00 --job_id 126 --raw -sd DAGS_FOLDER/python_operator_challenge.py --cfg_path /tmp/tmpw9539gp3']
[2019-04-29 10:36:04,252] {base_task_runner.py:101} INFO - Job 126: Subtask change_dir [2019-04-29 10:36:04,252] {__init__.py:51} INFO - Using executor SequentialExecutor
[2019-04-29 10:36:04,398] {base_task_runner.py:101} INFO - Job 126: Subtask change_dir [2019-04-29 10:36:04,397] {models.py:273} INFO - Filling up the DagBag from /home/mjcarleb/HESWork/CSCI-E29/2019sp-airflow_project-mjcarleb/dags/python_operator_challenge.py
[2019-04-29 10:36:04,431] {base_task_runner.py:101} INFO - Job 126: Subtask change_dir [2019-04-29 10:36:04,431] {cli.py:520} INFO - Running <TaskInstance: play_with_python_op2.change_dir 2019-04-28T00:00:00+00:00 [running]> on host localhost.localdomain
[2019-04-29 10:36:04,438] {bash_operator.py:77} INFO - Tmp dir root location: 
 /tmp
[2019-04-29 10:36:04,438] {bash_operator.py:86} INFO - Exporting the following env vars:
AIRFLOW_CTX_DAG_RUN_ID=scheduled__2019-04-28T00:00:00+00:00
AIRFLOW_CTX_TASK_ID=change_dir
AIRFLOW_CTX_DAG_ID=play_with_python_op2
AIRFLOW_CTX_EXECUTION_DATE=2019-04-28T00:00:00+00:00
[2019-04-29 10:36:04,439] {bash_operator.py:100} INFO - Temporary script location: /tmp/airflowtmp4nmnq02j/change_dirb4rzc_j4
[2019-04-29 10:36:04,439] {bash_operator.py:110} INFO - Running command: cd $AIRFLOW_HOME
[2019-04-29 10:36:04,442] {bash_operator.py:119} INFO - Output:
[2019-04-29 10:36:04,443] {bash_operator.py:127} INFO - Command exited with return code 0
[2019-04-29 10:36:08,788] {logging_mixin.py:95} INFO - [2019-04-29 10:36:08,787] {jobs.py:2527} INFO - Task exited with return code 0
