[2019-05-01 14:02:30,989] {__init__.py:1139} INFO - Dependencies all met for <TaskInstance: Salted_Graph_Practice1.7.Generate_Transform.hash 2019-05-01T18:02:22.545065+00:00 [queued]>
[2019-05-01 14:02:30,992] {__init__.py:1139} INFO - Dependencies all met for <TaskInstance: Salted_Graph_Practice1.7.Generate_Transform.hash 2019-05-01T18:02:22.545065+00:00 [queued]>
[2019-05-01 14:02:30,992] {__init__.py:1353} INFO - 
--------------------------------------------------------------------------------
[2019-05-01 14:02:30,992] {__init__.py:1354} INFO - Starting attempt 1 of 1
[2019-05-01 14:02:30,992] {__init__.py:1355} INFO - 
--------------------------------------------------------------------------------
[2019-05-01 14:02:31,001] {__init__.py:1374} INFO - Executing <Task(PythonOperator): 7.Generate_Transform.hash> on 2019-05-01T18:02:22.545065+00:00
[2019-05-01 14:02:31,001] {base_task_runner.py:119} INFO - Running: ['airflow', 'run', 'Salted_Graph_Practice1', '7.Generate_Transform.hash', '2019-05-01T18:02:22.545065+00:00', '--job_id', '330', '--raw', '-sd', 'DAGS_FOLDER/salted_graph.py', '--cfg_path', '/tmp/tmpt4h1794m']
[2019-05-01 14:02:31,260] {base_task_runner.py:101} INFO - Job 330: Subtask 7.Generate_Transform.hash /home/mjcarleb/anaconda3/envs/airflow4/lib/python3.7/site-packages/airflow/configuration.py:214: FutureWarning: The task_runner setting in [core] has the old default value of 'BashTaskRunner'. This value has been changed to 'StandardTaskRunner' in the running config, but please update your config before Apache Airflow 2.0.
[2019-05-01 14:02:31,260] {base_task_runner.py:101} INFO - Job 330: Subtask 7.Generate_Transform.hash   FutureWarning,
[2019-05-01 14:02:31,406] {base_task_runner.py:101} INFO - Job 330: Subtask 7.Generate_Transform.hash [2019-05-01 14:02:31,406] {__init__.py:51} INFO - Using executor SequentialExecutor
[2019-05-01 14:02:31,546] {base_task_runner.py:101} INFO - Job 330: Subtask 7.Generate_Transform.hash [2019-05-01 14:02:31,546] {__init__.py:305} INFO - Filling up the DagBag from /home/mjcarleb/HESWork/CSCI-E29/2019sp-airflow_project-mjcarleb/dags/salted_graph.py
[2019-05-01 14:02:31,567] {base_task_runner.py:101} INFO - Job 330: Subtask 7.Generate_Transform.hash [2019-05-01 14:02:31,567] {cli.py:517} INFO - Running <TaskInstance: Salted_Graph_Practice1.7.Generate_Transform.hash 2019-05-01T18:02:22.545065+00:00 [running]> on host localhost.localdomain
[2019-05-01 14:02:31,572] {python_operator.py:104} INFO - Exporting the following env vars:
AIRFLOW_CTX_DAG_ID=Salted_Graph_Practice1
AIRFLOW_CTX_TASK_ID=7.Generate_Transform.hash
AIRFLOW_CTX_EXECUTION_DATE=2019-05-01T18:02:22.545065+00:00
AIRFLOW_CTX_DAG_RUN_ID=manual__2019-05-01T18:02:22.545065+00:00
[2019-05-01 14:02:31,572] {python_operator.py:113} INFO - Done. Returned value was: Transformed copied data with hash = 6
[2019-05-01 14:02:36,014] {logging_mixin.py:95} INFO - [2019-05-01 14:02:36,013] {jobs.py:2562} INFO - Task exited with return code 0
