[2019-04-30 23:09:32,533] {__init__.py:1139} INFO - Dependencies all met for <TaskInstance: bash_xcom_pull_POC.push_and_return_xcom_values 2019-04-30T23:09:29.829249+00:00 [queued]>
[2019-04-30 23:09:32,536] {__init__.py:1139} INFO - Dependencies all met for <TaskInstance: bash_xcom_pull_POC.push_and_return_xcom_values 2019-04-30T23:09:29.829249+00:00 [queued]>
[2019-04-30 23:09:32,536] {__init__.py:1353} INFO - 
--------------------------------------------------------------------------------
[2019-04-30 23:09:32,536] {__init__.py:1354} INFO - Starting attempt 1 of 1
[2019-04-30 23:09:32,536] {__init__.py:1355} INFO - 
--------------------------------------------------------------------------------
[2019-04-30 23:09:32,545] {__init__.py:1374} INFO - Executing <Task(PythonOperator): push_and_return_xcom_values> on 2019-04-30T23:09:29.829249+00:00
[2019-04-30 23:09:32,545] {base_task_runner.py:119} INFO - Running: ['airflow', 'run', 'bash_xcom_pull_POC', 'push_and_return_xcom_values', '2019-04-30T23:09:29.829249+00:00', '--job_id', '250', '--raw', '-sd', 'DAGS_FOLDER/get_xcom_values.py', '--cfg_path', '/tmp/tmptmcjbuy7']
[2019-04-30 23:09:32,823] {base_task_runner.py:101} INFO - Job 250: Subtask push_and_return_xcom_values /home/mjcarleb/anaconda3/envs/airflow4/lib/python3.7/site-packages/airflow/configuration.py:214: FutureWarning: The task_runner setting in [core] has the old default value of 'BashTaskRunner'. This value has been changed to 'StandardTaskRunner' in the running config, but please update your config before Apache Airflow 2.0.
[2019-04-30 23:09:32,823] {base_task_runner.py:101} INFO - Job 250: Subtask push_and_return_xcom_values   FutureWarning,
[2019-04-30 23:09:32,977] {base_task_runner.py:101} INFO - Job 250: Subtask push_and_return_xcom_values [2019-04-30 23:09:32,977] {__init__.py:51} INFO - Using executor SequentialExecutor
[2019-04-30 23:09:33,115] {base_task_runner.py:101} INFO - Job 250: Subtask push_and_return_xcom_values [2019-04-30 23:09:33,115] {__init__.py:305} INFO - Filling up the DagBag from /home/mjcarleb/HESWork/CSCI-E29/2019sp-airflow_project-mjcarleb/dags/get_xcom_values.py
[2019-04-30 23:09:33,135] {base_task_runner.py:101} INFO - Job 250: Subtask push_and_return_xcom_values [2019-04-30 23:09:33,135] {cli.py:517} INFO - Running <TaskInstance: bash_xcom_pull_POC.push_and_return_xcom_values 2019-04-30T23:09:29.829249+00:00 [running]> on host localhost.localdomain
[2019-04-30 23:09:33,140] {python_operator.py:104} INFO - Exporting the following env vars:
AIRFLOW_CTX_DAG_ID=bash_xcom_pull_POC
AIRFLOW_CTX_TASK_ID=push_and_return_xcom_values
AIRFLOW_CTX_EXECUTION_DATE=2019-04-30T23:09:29.829249+00:00
AIRFLOW_CTX_DAG_RUN_ID=scheduled__2019-04-30T23:09:29.829249+00:00
[2019-04-30 23:09:33,149] {python_operator.py:113} INFO - Done. Returned value was: returning phone hash=27
[2019-04-30 23:09:37,551] {logging_mixin.py:95} INFO - [2019-04-30 23:09:37,551] {jobs.py:2562} INFO - Task exited with return code 0
