[2019-04-29 20:00:13,464] {jobs.py:398} INFO - Started process (PID=11319) to work on /home/mjcarleb/HESWork/CSCI-E29/2019sp-airflow_project-mjcarleb/dags/python_operator_challenge.py
[2019-04-29 20:00:13,465] {jobs.py:1711} INFO - Processing file /home/mjcarleb/HESWork/CSCI-E29/2019sp-airflow_project-mjcarleb/dags/python_operator_challenge.py for tasks to queue
[2019-04-29 20:00:13,465] {logging_mixin.py:95} INFO - [2019-04-29 20:00:13,465] {__init__.py:305} INFO - Filling up the DagBag from /home/mjcarleb/HESWork/CSCI-E29/2019sp-airflow_project-mjcarleb/dags/python_operator_challenge.py
[2019-04-29 20:00:13,465] {jobs.py:1725} WARNING - No viable dags retrieved from /home/mjcarleb/HESWork/CSCI-E29/2019sp-airflow_project-mjcarleb/dags/python_operator_challenge.py
[2019-04-29 20:00:13,466] {jobs.py:406} INFO - Processing /home/mjcarleb/HESWork/CSCI-E29/2019sp-airflow_project-mjcarleb/dags/python_operator_challenge.py took 0.002 seconds
[2019-04-29 20:00:27,477] {jobs.py:398} INFO - Started process (PID=12357) to work on /home/mjcarleb/HESWork/CSCI-E29/2019sp-airflow_project-mjcarleb/dags/python_operator_challenge.py
[2019-04-29 20:00:27,479] {jobs.py:1711} INFO - Processing file /home/mjcarleb/HESWork/CSCI-E29/2019sp-airflow_project-mjcarleb/dags/python_operator_challenge.py for tasks to queue
[2019-04-29 20:00:27,479] {logging_mixin.py:95} INFO - [2019-04-29 20:00:27,479] {__init__.py:305} INFO - Filling up the DagBag from /home/mjcarleb/HESWork/CSCI-E29/2019sp-airflow_project-mjcarleb/dags/python_operator_challenge.py
[2019-04-29 20:00:27,480] {jobs.py:1725} WARNING - No viable dags retrieved from /home/mjcarleb/HESWork/CSCI-E29/2019sp-airflow_project-mjcarleb/dags/python_operator_challenge.py
[2019-04-29 20:00:27,480] {jobs.py:406} INFO - Processing /home/mjcarleb/HESWork/CSCI-E29/2019sp-airflow_project-mjcarleb/dags/python_operator_challenge.py took 0.003 seconds
[2019-04-29 20:00:41,492] {jobs.py:398} INFO - Started process (PID=13320) to work on /home/mjcarleb/HESWork/CSCI-E29/2019sp-airflow_project-mjcarleb/dags/python_operator_challenge.py
[2019-04-29 20:00:41,493] {jobs.py:1711} INFO - Processing file /home/mjcarleb/HESWork/CSCI-E29/2019sp-airflow_project-mjcarleb/dags/python_operator_challenge.py for tasks to queue
[2019-04-29 20:00:41,493] {logging_mixin.py:95} INFO - [2019-04-29 20:00:41,493] {__init__.py:305} INFO - Filling up the DagBag from /home/mjcarleb/HESWork/CSCI-E29/2019sp-airflow_project-mjcarleb/dags/python_operator_challenge.py
[2019-04-29 20:00:41,494] {jobs.py:1725} WARNING - No viable dags retrieved from /home/mjcarleb/HESWork/CSCI-E29/2019sp-airflow_project-mjcarleb/dags/python_operator_challenge.py
[2019-04-29 20:00:41,494] {jobs.py:406} INFO - Processing /home/mjcarleb/HESWork/CSCI-E29/2019sp-airflow_project-mjcarleb/dags/python_operator_challenge.py took 0.002 seconds
[2019-04-29 20:00:55,506] {jobs.py:398} INFO - Started process (PID=14147) to work on /home/mjcarleb/HESWork/CSCI-E29/2019sp-airflow_project-mjcarleb/dags/python_operator_challenge.py
[2019-04-29 20:00:55,508] {jobs.py:1711} INFO - Processing file /home/mjcarleb/HESWork/CSCI-E29/2019sp-airflow_project-mjcarleb/dags/python_operator_challenge.py for tasks to queue
[2019-04-29 20:00:55,508] {logging_mixin.py:95} INFO - [2019-04-29 20:00:55,508] {__init__.py:305} INFO - Filling up the DagBag from /home/mjcarleb/HESWork/CSCI-E29/2019sp-airflow_project-mjcarleb/dags/python_operator_challenge.py
[2019-04-29 20:00:55,508] {jobs.py:1725} WARNING - No viable dags retrieved from /home/mjcarleb/HESWork/CSCI-E29/2019sp-airflow_project-mjcarleb/dags/python_operator_challenge.py
[2019-04-29 20:00:55,509] {jobs.py:406} INFO - Processing /home/mjcarleb/HESWork/CSCI-E29/2019sp-airflow_project-mjcarleb/dags/python_operator_challenge.py took 0.003 seconds
[2019-04-29 20:01:09,519] {jobs.py:398} INFO - Started process (PID=14939) to work on /home/mjcarleb/HESWork/CSCI-E29/2019sp-airflow_project-mjcarleb/dags/python_operator_challenge.py
[2019-04-29 20:01:09,520] {jobs.py:1711} INFO - Processing file /home/mjcarleb/HESWork/CSCI-E29/2019sp-airflow_project-mjcarleb/dags/python_operator_challenge.py for tasks to queue
[2019-04-29 20:01:09,521] {logging_mixin.py:95} INFO - [2019-04-29 20:01:09,521] {__init__.py:305} INFO - Filling up the DagBag from /home/mjcarleb/HESWork/CSCI-E29/2019sp-airflow_project-mjcarleb/dags/python_operator_challenge.py
[2019-04-29 20:01:09,521] {jobs.py:1725} WARNING - No viable dags retrieved from /home/mjcarleb/HESWork/CSCI-E29/2019sp-airflow_project-mjcarleb/dags/python_operator_challenge.py
[2019-04-29 20:01:09,521] {jobs.py:406} INFO - Processing /home/mjcarleb/HESWork/CSCI-E29/2019sp-airflow_project-mjcarleb/dags/python_operator_challenge.py took 0.002 seconds
[2019-04-29 20:01:23,536] {jobs.py:398} INFO - Started process (PID=15710) to work on /home/mjcarleb/HESWork/CSCI-E29/2019sp-airflow_project-mjcarleb/dags/python_operator_challenge.py
[2019-04-29 20:01:23,538] {jobs.py:1711} INFO - Processing file /home/mjcarleb/HESWork/CSCI-E29/2019sp-airflow_project-mjcarleb/dags/python_operator_challenge.py for tasks to queue
[2019-04-29 20:01:23,538] {logging_mixin.py:95} INFO - [2019-04-29 20:01:23,538] {__init__.py:305} INFO - Filling up the DagBag from /home/mjcarleb/HESWork/CSCI-E29/2019sp-airflow_project-mjcarleb/dags/python_operator_challenge.py
[2019-04-29 20:01:23,539] {jobs.py:1725} WARNING - No viable dags retrieved from /home/mjcarleb/HESWork/CSCI-E29/2019sp-airflow_project-mjcarleb/dags/python_operator_challenge.py
[2019-04-29 20:01:23,539] {jobs.py:406} INFO - Processing /home/mjcarleb/HESWork/CSCI-E29/2019sp-airflow_project-mjcarleb/dags/python_operator_challenge.py took 0.003 seconds
[2019-04-29 20:01:37,547] {jobs.py:398} INFO - Started process (PID=16611) to work on /home/mjcarleb/HESWork/CSCI-E29/2019sp-airflow_project-mjcarleb/dags/python_operator_challenge.py
[2019-04-29 20:01:37,548] {jobs.py:1711} INFO - Processing file /home/mjcarleb/HESWork/CSCI-E29/2019sp-airflow_project-mjcarleb/dags/python_operator_challenge.py for tasks to queue
[2019-04-29 20:01:37,548] {logging_mixin.py:95} INFO - [2019-04-29 20:01:37,548] {__init__.py:305} INFO - Filling up the DagBag from /home/mjcarleb/HESWork/CSCI-E29/2019sp-airflow_project-mjcarleb/dags/python_operator_challenge.py
[2019-04-29 20:01:37,549] {jobs.py:1725} WARNING - No viable dags retrieved from /home/mjcarleb/HESWork/CSCI-E29/2019sp-airflow_project-mjcarleb/dags/python_operator_challenge.py
[2019-04-29 20:01:37,549] {jobs.py:406} INFO - Processing /home/mjcarleb/HESWork/CSCI-E29/2019sp-airflow_project-mjcarleb/dags/python_operator_challenge.py took 0.002 seconds
[2019-04-29 20:01:51,563] {jobs.py:398} INFO - Started process (PID=17211) to work on /home/mjcarleb/HESWork/CSCI-E29/2019sp-airflow_project-mjcarleb/dags/python_operator_challenge.py
[2019-04-29 20:01:51,565] {jobs.py:1711} INFO - Processing file /home/mjcarleb/HESWork/CSCI-E29/2019sp-airflow_project-mjcarleb/dags/python_operator_challenge.py for tasks to queue
[2019-04-29 20:01:51,565] {logging_mixin.py:95} INFO - [2019-04-29 20:01:51,565] {__init__.py:305} INFO - Filling up the DagBag from /home/mjcarleb/HESWork/CSCI-E29/2019sp-airflow_project-mjcarleb/dags/python_operator_challenge.py
[2019-04-29 20:01:51,565] {jobs.py:1725} WARNING - No viable dags retrieved from /home/mjcarleb/HESWork/CSCI-E29/2019sp-airflow_project-mjcarleb/dags/python_operator_challenge.py
[2019-04-29 20:01:51,566] {jobs.py:406} INFO - Processing /home/mjcarleb/HESWork/CSCI-E29/2019sp-airflow_project-mjcarleb/dags/python_operator_challenge.py took 0.002 seconds
[2019-04-29 20:02:05,566] {jobs.py:398} INFO - Started process (PID=18207) to work on /home/mjcarleb/HESWork/CSCI-E29/2019sp-airflow_project-mjcarleb/dags/python_operator_challenge.py
[2019-04-29 20:02:05,568] {jobs.py:1711} INFO - Processing file /home/mjcarleb/HESWork/CSCI-E29/2019sp-airflow_project-mjcarleb/dags/python_operator_challenge.py for tasks to queue
[2019-04-29 20:02:05,568] {logging_mixin.py:95} INFO - [2019-04-29 20:02:05,568] {__init__.py:305} INFO - Filling up the DagBag from /home/mjcarleb/HESWork/CSCI-E29/2019sp-airflow_project-mjcarleb/dags/python_operator_challenge.py
[2019-04-29 20:02:05,568] {jobs.py:1725} WARNING - No viable dags retrieved from /home/mjcarleb/HESWork/CSCI-E29/2019sp-airflow_project-mjcarleb/dags/python_operator_challenge.py
[2019-04-29 20:02:05,569] {jobs.py:406} INFO - Processing /home/mjcarleb/HESWork/CSCI-E29/2019sp-airflow_project-mjcarleb/dags/python_operator_challenge.py took 0.002 seconds
[2019-04-29 20:02:19,581] {jobs.py:398} INFO - Started process (PID=19161) to work on /home/mjcarleb/HESWork/CSCI-E29/2019sp-airflow_project-mjcarleb/dags/python_operator_challenge.py
[2019-04-29 20:02:19,583] {jobs.py:1711} INFO - Processing file /home/mjcarleb/HESWork/CSCI-E29/2019sp-airflow_project-mjcarleb/dags/python_operator_challenge.py for tasks to queue
[2019-04-29 20:02:19,583] {logging_mixin.py:95} INFO - [2019-04-29 20:02:19,583] {__init__.py:305} INFO - Filling up the DagBag from /home/mjcarleb/HESWork/CSCI-E29/2019sp-airflow_project-mjcarleb/dags/python_operator_challenge.py
[2019-04-29 20:02:19,584] {jobs.py:1725} WARNING - No viable dags retrieved from /home/mjcarleb/HESWork/CSCI-E29/2019sp-airflow_project-mjcarleb/dags/python_operator_challenge.py
[2019-04-29 20:02:19,584] {jobs.py:406} INFO - Processing /home/mjcarleb/HESWork/CSCI-E29/2019sp-airflow_project-mjcarleb/dags/python_operator_challenge.py took 0.003 seconds
[2019-04-29 20:02:33,588] {jobs.py:398} INFO - Started process (PID=20015) to work on /home/mjcarleb/HESWork/CSCI-E29/2019sp-airflow_project-mjcarleb/dags/python_operator_challenge.py
[2019-04-29 20:02:33,590] {jobs.py:1711} INFO - Processing file /home/mjcarleb/HESWork/CSCI-E29/2019sp-airflow_project-mjcarleb/dags/python_operator_challenge.py for tasks to queue
[2019-04-29 20:02:33,590] {logging_mixin.py:95} INFO - [2019-04-29 20:02:33,590] {__init__.py:305} INFO - Filling up the DagBag from /home/mjcarleb/HESWork/CSCI-E29/2019sp-airflow_project-mjcarleb/dags/python_operator_challenge.py
[2019-04-29 20:02:33,590] {jobs.py:1725} WARNING - No viable dags retrieved from /home/mjcarleb/HESWork/CSCI-E29/2019sp-airflow_project-mjcarleb/dags/python_operator_challenge.py
[2019-04-29 20:02:33,591] {jobs.py:406} INFO - Processing /home/mjcarleb/HESWork/CSCI-E29/2019sp-airflow_project-mjcarleb/dags/python_operator_challenge.py took 0.002 seconds
[2019-04-29 20:02:47,605] {jobs.py:398} INFO - Started process (PID=21221) to work on /home/mjcarleb/HESWork/CSCI-E29/2019sp-airflow_project-mjcarleb/dags/python_operator_challenge.py
[2019-04-29 20:02:47,607] {jobs.py:1711} INFO - Processing file /home/mjcarleb/HESWork/CSCI-E29/2019sp-airflow_project-mjcarleb/dags/python_operator_challenge.py for tasks to queue
[2019-04-29 20:02:47,607] {logging_mixin.py:95} INFO - [2019-04-29 20:02:47,607] {__init__.py:305} INFO - Filling up the DagBag from /home/mjcarleb/HESWork/CSCI-E29/2019sp-airflow_project-mjcarleb/dags/python_operator_challenge.py
[2019-04-29 20:02:47,607] {jobs.py:1725} WARNING - No viable dags retrieved from /home/mjcarleb/HESWork/CSCI-E29/2019sp-airflow_project-mjcarleb/dags/python_operator_challenge.py
[2019-04-29 20:02:47,608] {jobs.py:406} INFO - Processing /home/mjcarleb/HESWork/CSCI-E29/2019sp-airflow_project-mjcarleb/dags/python_operator_challenge.py took 0.003 seconds
[2019-04-29 20:03:01,616] {jobs.py:398} INFO - Started process (PID=21973) to work on /home/mjcarleb/HESWork/CSCI-E29/2019sp-airflow_project-mjcarleb/dags/python_operator_challenge.py
[2019-04-29 20:03:01,617] {jobs.py:1711} INFO - Processing file /home/mjcarleb/HESWork/CSCI-E29/2019sp-airflow_project-mjcarleb/dags/python_operator_challenge.py for tasks to queue
[2019-04-29 20:03:01,618] {logging_mixin.py:95} INFO - [2019-04-29 20:03:01,618] {__init__.py:305} INFO - Filling up the DagBag from /home/mjcarleb/HESWork/CSCI-E29/2019sp-airflow_project-mjcarleb/dags/python_operator_challenge.py
[2019-04-29 20:03:01,618] {jobs.py:1725} WARNING - No viable dags retrieved from /home/mjcarleb/HESWork/CSCI-E29/2019sp-airflow_project-mjcarleb/dags/python_operator_challenge.py
[2019-04-29 20:03:01,618] {jobs.py:406} INFO - Processing /home/mjcarleb/HESWork/CSCI-E29/2019sp-airflow_project-mjcarleb/dags/python_operator_challenge.py took 0.003 seconds
[2019-04-29 20:03:15,624] {jobs.py:398} INFO - Started process (PID=22835) to work on /home/mjcarleb/HESWork/CSCI-E29/2019sp-airflow_project-mjcarleb/dags/python_operator_challenge.py
[2019-04-29 20:03:15,626] {jobs.py:1711} INFO - Processing file /home/mjcarleb/HESWork/CSCI-E29/2019sp-airflow_project-mjcarleb/dags/python_operator_challenge.py for tasks to queue
[2019-04-29 20:03:15,627] {logging_mixin.py:95} INFO - [2019-04-29 20:03:15,627] {__init__.py:305} INFO - Filling up the DagBag from /home/mjcarleb/HESWork/CSCI-E29/2019sp-airflow_project-mjcarleb/dags/python_operator_challenge.py
[2019-04-29 20:03:15,627] {jobs.py:1725} WARNING - No viable dags retrieved from /home/mjcarleb/HESWork/CSCI-E29/2019sp-airflow_project-mjcarleb/dags/python_operator_challenge.py
[2019-04-29 20:03:15,628] {jobs.py:406} INFO - Processing /home/mjcarleb/HESWork/CSCI-E29/2019sp-airflow_project-mjcarleb/dags/python_operator_challenge.py took 0.004 seconds
[2019-04-29 20:03:29,635] {jobs.py:398} INFO - Started process (PID=23660) to work on /home/mjcarleb/HESWork/CSCI-E29/2019sp-airflow_project-mjcarleb/dags/python_operator_challenge.py
[2019-04-29 20:03:29,637] {jobs.py:1711} INFO - Processing file /home/mjcarleb/HESWork/CSCI-E29/2019sp-airflow_project-mjcarleb/dags/python_operator_challenge.py for tasks to queue
[2019-04-29 20:03:29,637] {logging_mixin.py:95} INFO - [2019-04-29 20:03:29,637] {__init__.py:305} INFO - Filling up the DagBag from /home/mjcarleb/HESWork/CSCI-E29/2019sp-airflow_project-mjcarleb/dags/python_operator_challenge.py
[2019-04-29 20:03:29,637] {jobs.py:1725} WARNING - No viable dags retrieved from /home/mjcarleb/HESWork/CSCI-E29/2019sp-airflow_project-mjcarleb/dags/python_operator_challenge.py
[2019-04-29 20:03:29,638] {jobs.py:406} INFO - Processing /home/mjcarleb/HESWork/CSCI-E29/2019sp-airflow_project-mjcarleb/dags/python_operator_challenge.py took 0.002 seconds
[2019-04-29 20:03:43,664] {jobs.py:398} INFO - Started process (PID=24420) to work on /home/mjcarleb/HESWork/CSCI-E29/2019sp-airflow_project-mjcarleb/dags/python_operator_challenge.py
[2019-04-29 20:03:43,670] {jobs.py:1711} INFO - Processing file /home/mjcarleb/HESWork/CSCI-E29/2019sp-airflow_project-mjcarleb/dags/python_operator_challenge.py for tasks to queue
[2019-04-29 20:03:43,671] {logging_mixin.py:95} INFO - [2019-04-29 20:03:43,670] {__init__.py:305} INFO - Filling up the DagBag from /home/mjcarleb/HESWork/CSCI-E29/2019sp-airflow_project-mjcarleb/dags/python_operator_challenge.py
[2019-04-29 20:03:43,671] {jobs.py:1725} WARNING - No viable dags retrieved from /home/mjcarleb/HESWork/CSCI-E29/2019sp-airflow_project-mjcarleb/dags/python_operator_challenge.py
[2019-04-29 20:03:43,672] {jobs.py:406} INFO - Processing /home/mjcarleb/HESWork/CSCI-E29/2019sp-airflow_project-mjcarleb/dags/python_operator_challenge.py took 0.009 seconds
