[2019-04-29 20:00:07,458] {jobs.py:398} INFO - Started process (PID=10893) to work on /home/mjcarleb/HESWork/CSCI-E29/2019sp-airflow_project-mjcarleb/dags/second_challenge.py
[2019-04-29 20:00:07,459] {jobs.py:1711} INFO - Processing file /home/mjcarleb/HESWork/CSCI-E29/2019sp-airflow_project-mjcarleb/dags/second_challenge.py for tasks to queue
[2019-04-29 20:00:07,459] {logging_mixin.py:95} INFO - [2019-04-29 20:00:07,459] {__init__.py:305} INFO - Filling up the DagBag from /home/mjcarleb/HESWork/CSCI-E29/2019sp-airflow_project-mjcarleb/dags/second_challenge.py
[2019-04-29 20:00:07,460] {jobs.py:1725} WARNING - No viable dags retrieved from /home/mjcarleb/HESWork/CSCI-E29/2019sp-airflow_project-mjcarleb/dags/second_challenge.py
[2019-04-29 20:00:07,460] {jobs.py:406} INFO - Processing /home/mjcarleb/HESWork/CSCI-E29/2019sp-airflow_project-mjcarleb/dags/second_challenge.py took 0.002 seconds
[2019-04-29 20:00:21,475] {jobs.py:398} INFO - Started process (PID=11914) to work on /home/mjcarleb/HESWork/CSCI-E29/2019sp-airflow_project-mjcarleb/dags/second_challenge.py
[2019-04-29 20:00:21,478] {jobs.py:1711} INFO - Processing file /home/mjcarleb/HESWork/CSCI-E29/2019sp-airflow_project-mjcarleb/dags/second_challenge.py for tasks to queue
[2019-04-29 20:00:21,478] {logging_mixin.py:95} INFO - [2019-04-29 20:00:21,478] {__init__.py:305} INFO - Filling up the DagBag from /home/mjcarleb/HESWork/CSCI-E29/2019sp-airflow_project-mjcarleb/dags/second_challenge.py
[2019-04-29 20:00:21,479] {jobs.py:1725} WARNING - No viable dags retrieved from /home/mjcarleb/HESWork/CSCI-E29/2019sp-airflow_project-mjcarleb/dags/second_challenge.py
[2019-04-29 20:00:21,479] {jobs.py:406} INFO - Processing /home/mjcarleb/HESWork/CSCI-E29/2019sp-airflow_project-mjcarleb/dags/second_challenge.py took 0.004 seconds
[2019-04-29 20:00:35,484] {jobs.py:398} INFO - Started process (PID=12917) to work on /home/mjcarleb/HESWork/CSCI-E29/2019sp-airflow_project-mjcarleb/dags/second_challenge.py
[2019-04-29 20:00:35,485] {jobs.py:1711} INFO - Processing file /home/mjcarleb/HESWork/CSCI-E29/2019sp-airflow_project-mjcarleb/dags/second_challenge.py for tasks to queue
[2019-04-29 20:00:35,485] {logging_mixin.py:95} INFO - [2019-04-29 20:00:35,485] {__init__.py:305} INFO - Filling up the DagBag from /home/mjcarleb/HESWork/CSCI-E29/2019sp-airflow_project-mjcarleb/dags/second_challenge.py
[2019-04-29 20:00:35,486] {jobs.py:1725} WARNING - No viable dags retrieved from /home/mjcarleb/HESWork/CSCI-E29/2019sp-airflow_project-mjcarleb/dags/second_challenge.py
[2019-04-29 20:00:35,486] {jobs.py:406} INFO - Processing /home/mjcarleb/HESWork/CSCI-E29/2019sp-airflow_project-mjcarleb/dags/second_challenge.py took 0.002 seconds
[2019-04-29 20:00:49,514] {jobs.py:398} INFO - Started process (PID=13755) to work on /home/mjcarleb/HESWork/CSCI-E29/2019sp-airflow_project-mjcarleb/dags/second_challenge.py
[2019-04-29 20:00:49,521] {jobs.py:1711} INFO - Processing file /home/mjcarleb/HESWork/CSCI-E29/2019sp-airflow_project-mjcarleb/dags/second_challenge.py for tasks to queue
[2019-04-29 20:00:49,522] {logging_mixin.py:95} INFO - [2019-04-29 20:00:49,521] {__init__.py:305} INFO - Filling up the DagBag from /home/mjcarleb/HESWork/CSCI-E29/2019sp-airflow_project-mjcarleb/dags/second_challenge.py
[2019-04-29 20:00:49,523] {jobs.py:1725} WARNING - No viable dags retrieved from /home/mjcarleb/HESWork/CSCI-E29/2019sp-airflow_project-mjcarleb/dags/second_challenge.py
[2019-04-29 20:00:49,524] {jobs.py:406} INFO - Processing /home/mjcarleb/HESWork/CSCI-E29/2019sp-airflow_project-mjcarleb/dags/second_challenge.py took 0.010 seconds
[2019-04-29 20:01:03,514] {jobs.py:398} INFO - Started process (PID=14599) to work on /home/mjcarleb/HESWork/CSCI-E29/2019sp-airflow_project-mjcarleb/dags/second_challenge.py
[2019-04-29 20:01:03,515] {jobs.py:1711} INFO - Processing file /home/mjcarleb/HESWork/CSCI-E29/2019sp-airflow_project-mjcarleb/dags/second_challenge.py for tasks to queue
[2019-04-29 20:01:03,516] {logging_mixin.py:95} INFO - [2019-04-29 20:01:03,516] {__init__.py:305} INFO - Filling up the DagBag from /home/mjcarleb/HESWork/CSCI-E29/2019sp-airflow_project-mjcarleb/dags/second_challenge.py
[2019-04-29 20:01:03,516] {jobs.py:1725} WARNING - No viable dags retrieved from /home/mjcarleb/HESWork/CSCI-E29/2019sp-airflow_project-mjcarleb/dags/second_challenge.py
[2019-04-29 20:01:03,516] {jobs.py:406} INFO - Processing /home/mjcarleb/HESWork/CSCI-E29/2019sp-airflow_project-mjcarleb/dags/second_challenge.py took 0.002 seconds
[2019-04-29 20:01:17,526] {jobs.py:398} INFO - Started process (PID=15393) to work on /home/mjcarleb/HESWork/CSCI-E29/2019sp-airflow_project-mjcarleb/dags/second_challenge.py
[2019-04-29 20:01:17,528] {jobs.py:1711} INFO - Processing file /home/mjcarleb/HESWork/CSCI-E29/2019sp-airflow_project-mjcarleb/dags/second_challenge.py for tasks to queue
[2019-04-29 20:01:17,528] {logging_mixin.py:95} INFO - [2019-04-29 20:01:17,528] {__init__.py:305} INFO - Filling up the DagBag from /home/mjcarleb/HESWork/CSCI-E29/2019sp-airflow_project-mjcarleb/dags/second_challenge.py
[2019-04-29 20:01:17,528] {jobs.py:1725} WARNING - No viable dags retrieved from /home/mjcarleb/HESWork/CSCI-E29/2019sp-airflow_project-mjcarleb/dags/second_challenge.py
[2019-04-29 20:01:17,529] {jobs.py:406} INFO - Processing /home/mjcarleb/HESWork/CSCI-E29/2019sp-airflow_project-mjcarleb/dags/second_challenge.py took 0.003 seconds
[2019-04-29 20:01:31,544] {jobs.py:398} INFO - Started process (PID=16317) to work on /home/mjcarleb/HESWork/CSCI-E29/2019sp-airflow_project-mjcarleb/dags/second_challenge.py
[2019-04-29 20:01:31,545] {jobs.py:1711} INFO - Processing file /home/mjcarleb/HESWork/CSCI-E29/2019sp-airflow_project-mjcarleb/dags/second_challenge.py for tasks to queue
[2019-04-29 20:01:31,545] {logging_mixin.py:95} INFO - [2019-04-29 20:01:31,545] {__init__.py:305} INFO - Filling up the DagBag from /home/mjcarleb/HESWork/CSCI-E29/2019sp-airflow_project-mjcarleb/dags/second_challenge.py
[2019-04-29 20:01:31,546] {jobs.py:1725} WARNING - No viable dags retrieved from /home/mjcarleb/HESWork/CSCI-E29/2019sp-airflow_project-mjcarleb/dags/second_challenge.py
[2019-04-29 20:01:31,546] {jobs.py:406} INFO - Processing /home/mjcarleb/HESWork/CSCI-E29/2019sp-airflow_project-mjcarleb/dags/second_challenge.py took 0.002 seconds
[2019-04-29 20:01:45,554] {jobs.py:398} INFO - Started process (PID=16979) to work on /home/mjcarleb/HESWork/CSCI-E29/2019sp-airflow_project-mjcarleb/dags/second_challenge.py
[2019-04-29 20:01:45,556] {jobs.py:1711} INFO - Processing file /home/mjcarleb/HESWork/CSCI-E29/2019sp-airflow_project-mjcarleb/dags/second_challenge.py for tasks to queue
[2019-04-29 20:01:45,556] {logging_mixin.py:95} INFO - [2019-04-29 20:01:45,556] {__init__.py:305} INFO - Filling up the DagBag from /home/mjcarleb/HESWork/CSCI-E29/2019sp-airflow_project-mjcarleb/dags/second_challenge.py
[2019-04-29 20:01:45,556] {jobs.py:1725} WARNING - No viable dags retrieved from /home/mjcarleb/HESWork/CSCI-E29/2019sp-airflow_project-mjcarleb/dags/second_challenge.py
[2019-04-29 20:01:45,557] {jobs.py:406} INFO - Processing /home/mjcarleb/HESWork/CSCI-E29/2019sp-airflow_project-mjcarleb/dags/second_challenge.py took 0.002 seconds
[2019-04-29 20:01:59,564] {jobs.py:398} INFO - Started process (PID=17761) to work on /home/mjcarleb/HESWork/CSCI-E29/2019sp-airflow_project-mjcarleb/dags/second_challenge.py
[2019-04-29 20:01:59,565] {jobs.py:1711} INFO - Processing file /home/mjcarleb/HESWork/CSCI-E29/2019sp-airflow_project-mjcarleb/dags/second_challenge.py for tasks to queue
[2019-04-29 20:01:59,566] {logging_mixin.py:95} INFO - [2019-04-29 20:01:59,565] {__init__.py:305} INFO - Filling up the DagBag from /home/mjcarleb/HESWork/CSCI-E29/2019sp-airflow_project-mjcarleb/dags/second_challenge.py
[2019-04-29 20:01:59,566] {jobs.py:1725} WARNING - No viable dags retrieved from /home/mjcarleb/HESWork/CSCI-E29/2019sp-airflow_project-mjcarleb/dags/second_challenge.py
[2019-04-29 20:01:59,566] {jobs.py:406} INFO - Processing /home/mjcarleb/HESWork/CSCI-E29/2019sp-airflow_project-mjcarleb/dags/second_challenge.py took 0.003 seconds
[2019-04-29 20:02:13,575] {jobs.py:398} INFO - Started process (PID=18793) to work on /home/mjcarleb/HESWork/CSCI-E29/2019sp-airflow_project-mjcarleb/dags/second_challenge.py
[2019-04-29 20:02:13,578] {jobs.py:1711} INFO - Processing file /home/mjcarleb/HESWork/CSCI-E29/2019sp-airflow_project-mjcarleb/dags/second_challenge.py for tasks to queue
[2019-04-29 20:02:13,578] {logging_mixin.py:95} INFO - [2019-04-29 20:02:13,578] {__init__.py:305} INFO - Filling up the DagBag from /home/mjcarleb/HESWork/CSCI-E29/2019sp-airflow_project-mjcarleb/dags/second_challenge.py
[2019-04-29 20:02:13,578] {jobs.py:1725} WARNING - No viable dags retrieved from /home/mjcarleb/HESWork/CSCI-E29/2019sp-airflow_project-mjcarleb/dags/second_challenge.py
[2019-04-29 20:02:13,578] {jobs.py:406} INFO - Processing /home/mjcarleb/HESWork/CSCI-E29/2019sp-airflow_project-mjcarleb/dags/second_challenge.py took 0.003 seconds
[2019-04-29 20:02:27,593] {jobs.py:398} INFO - Started process (PID=19623) to work on /home/mjcarleb/HESWork/CSCI-E29/2019sp-airflow_project-mjcarleb/dags/second_challenge.py
[2019-04-29 20:02:27,595] {jobs.py:1711} INFO - Processing file /home/mjcarleb/HESWork/CSCI-E29/2019sp-airflow_project-mjcarleb/dags/second_challenge.py for tasks to queue
[2019-04-29 20:02:27,595] {logging_mixin.py:95} INFO - [2019-04-29 20:02:27,595] {__init__.py:305} INFO - Filling up the DagBag from /home/mjcarleb/HESWork/CSCI-E29/2019sp-airflow_project-mjcarleb/dags/second_challenge.py
[2019-04-29 20:02:27,596] {jobs.py:1725} WARNING - No viable dags retrieved from /home/mjcarleb/HESWork/CSCI-E29/2019sp-airflow_project-mjcarleb/dags/second_challenge.py
[2019-04-29 20:02:27,596] {jobs.py:406} INFO - Processing /home/mjcarleb/HESWork/CSCI-E29/2019sp-airflow_project-mjcarleb/dags/second_challenge.py took 0.003 seconds
[2019-04-29 20:02:41,599] {jobs.py:398} INFO - Started process (PID=20815) to work on /home/mjcarleb/HESWork/CSCI-E29/2019sp-airflow_project-mjcarleb/dags/second_challenge.py
[2019-04-29 20:02:41,601] {jobs.py:1711} INFO - Processing file /home/mjcarleb/HESWork/CSCI-E29/2019sp-airflow_project-mjcarleb/dags/second_challenge.py for tasks to queue
[2019-04-29 20:02:41,601] {logging_mixin.py:95} INFO - [2019-04-29 20:02:41,601] {__init__.py:305} INFO - Filling up the DagBag from /home/mjcarleb/HESWork/CSCI-E29/2019sp-airflow_project-mjcarleb/dags/second_challenge.py
[2019-04-29 20:02:41,601] {jobs.py:1725} WARNING - No viable dags retrieved from /home/mjcarleb/HESWork/CSCI-E29/2019sp-airflow_project-mjcarleb/dags/second_challenge.py
[2019-04-29 20:02:41,602] {jobs.py:406} INFO - Processing /home/mjcarleb/HESWork/CSCI-E29/2019sp-airflow_project-mjcarleb/dags/second_challenge.py took 0.003 seconds
[2019-04-29 20:02:55,612] {jobs.py:398} INFO - Started process (PID=21663) to work on /home/mjcarleb/HESWork/CSCI-E29/2019sp-airflow_project-mjcarleb/dags/second_challenge.py
[2019-04-29 20:02:55,613] {jobs.py:1711} INFO - Processing file /home/mjcarleb/HESWork/CSCI-E29/2019sp-airflow_project-mjcarleb/dags/second_challenge.py for tasks to queue
[2019-04-29 20:02:55,614] {logging_mixin.py:95} INFO - [2019-04-29 20:02:55,614] {__init__.py:305} INFO - Filling up the DagBag from /home/mjcarleb/HESWork/CSCI-E29/2019sp-airflow_project-mjcarleb/dags/second_challenge.py
[2019-04-29 20:02:55,614] {jobs.py:1725} WARNING - No viable dags retrieved from /home/mjcarleb/HESWork/CSCI-E29/2019sp-airflow_project-mjcarleb/dags/second_challenge.py
[2019-04-29 20:02:55,615] {jobs.py:406} INFO - Processing /home/mjcarleb/HESWork/CSCI-E29/2019sp-airflow_project-mjcarleb/dags/second_challenge.py took 0.003 seconds
[2019-04-29 20:03:09,620] {jobs.py:398} INFO - Started process (PID=22408) to work on /home/mjcarleb/HESWork/CSCI-E29/2019sp-airflow_project-mjcarleb/dags/second_challenge.py
[2019-04-29 20:03:09,621] {jobs.py:1711} INFO - Processing file /home/mjcarleb/HESWork/CSCI-E29/2019sp-airflow_project-mjcarleb/dags/second_challenge.py for tasks to queue
[2019-04-29 20:03:09,621] {logging_mixin.py:95} INFO - [2019-04-29 20:03:09,621] {__init__.py:305} INFO - Filling up the DagBag from /home/mjcarleb/HESWork/CSCI-E29/2019sp-airflow_project-mjcarleb/dags/second_challenge.py
[2019-04-29 20:03:09,622] {jobs.py:1725} WARNING - No viable dags retrieved from /home/mjcarleb/HESWork/CSCI-E29/2019sp-airflow_project-mjcarleb/dags/second_challenge.py
[2019-04-29 20:03:09,622] {jobs.py:406} INFO - Processing /home/mjcarleb/HESWork/CSCI-E29/2019sp-airflow_project-mjcarleb/dags/second_challenge.py took 0.002 seconds
[2019-04-29 20:03:23,634] {jobs.py:398} INFO - Started process (PID=23336) to work on /home/mjcarleb/HESWork/CSCI-E29/2019sp-airflow_project-mjcarleb/dags/second_challenge.py
[2019-04-29 20:03:23,637] {jobs.py:1711} INFO - Processing file /home/mjcarleb/HESWork/CSCI-E29/2019sp-airflow_project-mjcarleb/dags/second_challenge.py for tasks to queue
[2019-04-29 20:03:23,637] {logging_mixin.py:95} INFO - [2019-04-29 20:03:23,637] {__init__.py:305} INFO - Filling up the DagBag from /home/mjcarleb/HESWork/CSCI-E29/2019sp-airflow_project-mjcarleb/dags/second_challenge.py
[2019-04-29 20:03:23,637] {jobs.py:1725} WARNING - No viable dags retrieved from /home/mjcarleb/HESWork/CSCI-E29/2019sp-airflow_project-mjcarleb/dags/second_challenge.py
[2019-04-29 20:03:23,638] {jobs.py:406} INFO - Processing /home/mjcarleb/HESWork/CSCI-E29/2019sp-airflow_project-mjcarleb/dags/second_challenge.py took 0.003 seconds
[2019-04-29 20:03:37,641] {jobs.py:398} INFO - Started process (PID=24038) to work on /home/mjcarleb/HESWork/CSCI-E29/2019sp-airflow_project-mjcarleb/dags/second_challenge.py
[2019-04-29 20:03:37,643] {jobs.py:1711} INFO - Processing file /home/mjcarleb/HESWork/CSCI-E29/2019sp-airflow_project-mjcarleb/dags/second_challenge.py for tasks to queue
[2019-04-29 20:03:37,643] {logging_mixin.py:95} INFO - [2019-04-29 20:03:37,643] {__init__.py:305} INFO - Filling up the DagBag from /home/mjcarleb/HESWork/CSCI-E29/2019sp-airflow_project-mjcarleb/dags/second_challenge.py
[2019-04-29 20:03:37,643] {jobs.py:1725} WARNING - No viable dags retrieved from /home/mjcarleb/HESWork/CSCI-E29/2019sp-airflow_project-mjcarleb/dags/second_challenge.py
[2019-04-29 20:03:37,644] {jobs.py:406} INFO - Processing /home/mjcarleb/HESWork/CSCI-E29/2019sp-airflow_project-mjcarleb/dags/second_challenge.py took 0.002 seconds
[2019-04-29 20:03:51,658] {jobs.py:398} INFO - Started process (PID=24739) to work on /home/mjcarleb/HESWork/CSCI-E29/2019sp-airflow_project-mjcarleb/dags/second_challenge.py
[2019-04-29 20:03:51,660] {jobs.py:1711} INFO - Processing file /home/mjcarleb/HESWork/CSCI-E29/2019sp-airflow_project-mjcarleb/dags/second_challenge.py for tasks to queue
[2019-04-29 20:03:51,660] {logging_mixin.py:95} INFO - [2019-04-29 20:03:51,660] {__init__.py:305} INFO - Filling up the DagBag from /home/mjcarleb/HESWork/CSCI-E29/2019sp-airflow_project-mjcarleb/dags/second_challenge.py
[2019-04-29 20:03:51,661] {jobs.py:1725} WARNING - No viable dags retrieved from /home/mjcarleb/HESWork/CSCI-E29/2019sp-airflow_project-mjcarleb/dags/second_challenge.py
[2019-04-29 20:03:51,661] {jobs.py:406} INFO - Processing /home/mjcarleb/HESWork/CSCI-E29/2019sp-airflow_project-mjcarleb/dags/second_challenge.py took 0.003 seconds
