[2019-04-30 18:27:33,283] {__init__.py:1139} INFO - Dependencies all met for <TaskInstance: Salted_Graph_Practice2.read_some_xcom_values 2019-04-30T22:27:26.322970+00:00 [queued]>
[2019-04-30 18:27:33,285] {__init__.py:1139} INFO - Dependencies all met for <TaskInstance: Salted_Graph_Practice2.read_some_xcom_values 2019-04-30T22:27:26.322970+00:00 [queued]>
[2019-04-30 18:27:33,285] {__init__.py:1353} INFO - 
--------------------------------------------------------------------------------
[2019-04-30 18:27:33,285] {__init__.py:1354} INFO - Starting attempt 1 of 1
[2019-04-30 18:27:33,285] {__init__.py:1355} INFO - 
--------------------------------------------------------------------------------
[2019-04-30 18:27:33,297] {__init__.py:1374} INFO - Executing <Task(PythonOperator): read_some_xcom_values> on 2019-04-30T22:27:26.322970+00:00
[2019-04-30 18:27:33,297] {base_task_runner.py:119} INFO - Running: ['airflow', 'run', 'Salted_Graph_Practice2', 'read_some_xcom_values', '2019-04-30T22:27:26.322970+00:00', '--job_id', '246', '--raw', '-sd', 'DAGS_FOLDER/get_xcom_values.py', '--cfg_path', '/tmp/tmpjl4j26n2']
[2019-04-30 18:27:33,565] {base_task_runner.py:101} INFO - Job 246: Subtask read_some_xcom_values /home/mjcarleb/anaconda3/envs/airflow4/lib/python3.7/site-packages/airflow/configuration.py:214: FutureWarning: The task_runner setting in [core] has the old default value of 'BashTaskRunner'. This value has been changed to 'StandardTaskRunner' in the running config, but please update your config before Apache Airflow 2.0.
[2019-04-30 18:27:33,565] {base_task_runner.py:101} INFO - Job 246: Subtask read_some_xcom_values   FutureWarning,
[2019-04-30 18:27:33,729] {base_task_runner.py:101} INFO - Job 246: Subtask read_some_xcom_values [2019-04-30 18:27:33,728] {__init__.py:51} INFO - Using executor SequentialExecutor
[2019-04-30 18:27:33,887] {base_task_runner.py:101} INFO - Job 246: Subtask read_some_xcom_values [2019-04-30 18:27:33,887] {__init__.py:305} INFO - Filling up the DagBag from /home/mjcarleb/HESWork/CSCI-E29/2019sp-airflow_project-mjcarleb/dags/get_xcom_values.py
[2019-04-30 18:27:33,908] {base_task_runner.py:101} INFO - Job 246: Subtask read_some_xcom_values [2019-04-30 18:27:33,908] {cli.py:517} INFO - Running <TaskInstance: Salted_Graph_Practice2.read_some_xcom_values 2019-04-30T22:27:26.322970+00:00 [running]> on host localhost.localdomain
[2019-04-30 18:27:33,913] {python_operator.py:104} INFO - Exporting the following env vars:
AIRFLOW_CTX_DAG_ID=Salted_Graph_Practice2
AIRFLOW_CTX_TASK_ID=read_some_xcom_values
AIRFLOW_CTX_EXECUTION_DATE=2019-04-30T22:27:26.322970+00:00
AIRFLOW_CTX_DAG_RUN_ID=manual__2019-04-30T22:27:26.322970+00:00
[2019-04-30 18:27:33,923] {python_operator.py:113} INFO - Done. Returned value was: copied_return=None
[2019-04-30 18:27:38,299] {logging_mixin.py:95} INFO - [2019-04-30 18:27:38,299] {jobs.py:2562} INFO - Task exited with return code 0
