[2019-04-30 15:38:05,481] {__init__.py:1139} INFO - Dependencies all met for <TaskInstance: Salted_Graph_Practice1.Check_Copied_Hashes_Match 2019-04-30T19:37:40.371215+00:00 [queued]>
[2019-04-30 15:38:05,483] {__init__.py:1139} INFO - Dependencies all met for <TaskInstance: Salted_Graph_Practice1.Check_Copied_Hashes_Match 2019-04-30T19:37:40.371215+00:00 [queued]>
[2019-04-30 15:38:05,483] {__init__.py:1353} INFO - 
--------------------------------------------------------------------------------
[2019-04-30 15:38:05,483] {__init__.py:1354} INFO - Starting attempt 1 of 1
[2019-04-30 15:38:05,483] {__init__.py:1355} INFO - 
--------------------------------------------------------------------------------
[2019-04-30 15:38:05,491] {__init__.py:1374} INFO - Executing <Task(PythonOperator): Check_Copied_Hashes_Match> on 2019-04-30T19:37:40.371215+00:00
[2019-04-30 15:38:05,492] {base_task_runner.py:119} INFO - Running: ['airflow', 'run', 'Salted_Graph_Practice1', 'Check_Copied_Hashes_Match', '2019-04-30T19:37:40.371215+00:00', '--job_id', '225', '--raw', '-sd', 'DAGS_FOLDER/salted_graph.py', '--cfg_path', '/tmp/tmpbhs8cg_x']
[2019-04-30 15:38:05,769] {base_task_runner.py:101} INFO - Job 225: Subtask Check_Copied_Hashes_Match /home/mjcarleb/anaconda3/envs/airflow4/lib/python3.7/site-packages/airflow/configuration.py:214: FutureWarning: The task_runner setting in [core] has the old default value of 'BashTaskRunner'. This value has been changed to 'StandardTaskRunner' in the running config, but please update your config before Apache Airflow 2.0.
[2019-04-30 15:38:05,769] {base_task_runner.py:101} INFO - Job 225: Subtask Check_Copied_Hashes_Match   FutureWarning,
[2019-04-30 15:38:05,925] {base_task_runner.py:101} INFO - Job 225: Subtask Check_Copied_Hashes_Match [2019-04-30 15:38:05,925] {__init__.py:51} INFO - Using executor SequentialExecutor
[2019-04-30 15:38:06,063] {base_task_runner.py:101} INFO - Job 225: Subtask Check_Copied_Hashes_Match [2019-04-30 15:38:06,063] {__init__.py:305} INFO - Filling up the DagBag from /home/mjcarleb/HESWork/CSCI-E29/2019sp-airflow_project-mjcarleb/dags/salted_graph.py
[2019-04-30 15:38:06,083] {base_task_runner.py:101} INFO - Job 225: Subtask Check_Copied_Hashes_Match [2019-04-30 15:38:06,083] {cli.py:517} INFO - Running <TaskInstance: Salted_Graph_Practice1.Check_Copied_Hashes_Match 2019-04-30T19:37:40.371215+00:00 [running]> on host localhost.localdomain
[2019-04-30 15:38:06,088] {python_operator.py:104} INFO - Exporting the following env vars:
AIRFLOW_CTX_DAG_ID=Salted_Graph_Practice1
AIRFLOW_CTX_TASK_ID=Check_Copied_Hashes_Match
AIRFLOW_CTX_EXECUTION_DATE=2019-04-30T19:37:40.371215+00:00
AIRFLOW_CTX_DAG_RUN_ID=manual__2019-04-30T19:37:40.371215+00:00
[2019-04-30 15:38:06,238] {python_operator.py:113} INFO - Done. Returned value was: hashes did match
[2019-04-30 15:38:10,507] {logging_mixin.py:95} INFO - [2019-04-30 15:38:10,506] {jobs.py:2562} INFO - Task exited with return code 0
