[2019-04-30 23:31:32,872] {__init__.py:1139} INFO - Dependencies all met for <TaskInstance: bash_xcom_pull_POC.push_and_return_xcom_values 2019-05-01T03:31:29.293542+00:00 [queued]>
[2019-04-30 23:31:32,874] {__init__.py:1139} INFO - Dependencies all met for <TaskInstance: bash_xcom_pull_POC.push_and_return_xcom_values 2019-05-01T03:31:29.293542+00:00 [queued]>
[2019-04-30 23:31:32,874] {__init__.py:1353} INFO - 
--------------------------------------------------------------------------------
[2019-04-30 23:31:32,874] {__init__.py:1354} INFO - Starting attempt 1 of 1
[2019-04-30 23:31:32,874] {__init__.py:1355} INFO - 
--------------------------------------------------------------------------------
[2019-04-30 23:31:32,883] {__init__.py:1374} INFO - Executing <Task(PythonOperator): push_and_return_xcom_values> on 2019-05-01T03:31:29.293542+00:00
[2019-04-30 23:31:32,883] {base_task_runner.py:119} INFO - Running: ['airflow', 'run', 'bash_xcom_pull_POC', 'push_and_return_xcom_values', '2019-05-01T03:31:29.293542+00:00', '--job_id', '268', '--raw', '-sd', 'DAGS_FOLDER/get_xcom_values.py', '--cfg_path', '/tmp/tmpebxudqcd']
[2019-04-30 23:31:33,140] {base_task_runner.py:101} INFO - Job 268: Subtask push_and_return_xcom_values /home/mjcarleb/anaconda3/envs/airflow4/lib/python3.7/site-packages/airflow/configuration.py:214: FutureWarning: The task_runner setting in [core] has the old default value of 'BashTaskRunner'. This value has been changed to 'StandardTaskRunner' in the running config, but please update your config before Apache Airflow 2.0.
[2019-04-30 23:31:33,140] {base_task_runner.py:101} INFO - Job 268: Subtask push_and_return_xcom_values   FutureWarning,
[2019-04-30 23:31:33,286] {base_task_runner.py:101} INFO - Job 268: Subtask push_and_return_xcom_values [2019-04-30 23:31:33,286] {__init__.py:51} INFO - Using executor SequentialExecutor
[2019-04-30 23:31:33,424] {base_task_runner.py:101} INFO - Job 268: Subtask push_and_return_xcom_values [2019-04-30 23:31:33,423] {__init__.py:305} INFO - Filling up the DagBag from /home/mjcarleb/HESWork/CSCI-E29/2019sp-airflow_project-mjcarleb/dags/get_xcom_values.py
[2019-04-30 23:31:33,445] {base_task_runner.py:101} INFO - Job 268: Subtask push_and_return_xcom_values [2019-04-30 23:31:33,445] {cli.py:517} INFO - Running <TaskInstance: bash_xcom_pull_POC.push_and_return_xcom_values 2019-05-01T03:31:29.293542+00:00 [running]> on host localhost.localdomain
[2019-04-30 23:31:33,450] {python_operator.py:104} INFO - Exporting the following env vars:
AIRFLOW_CTX_DAG_ID=bash_xcom_pull_POC
AIRFLOW_CTX_TASK_ID=push_and_return_xcom_values
AIRFLOW_CTX_EXECUTION_DATE=2019-05-01T03:31:29.293542+00:00
AIRFLOW_CTX_DAG_RUN_ID=manual__2019-05-01T03:31:29.293542+00:00
[2019-04-30 23:31:33,459] {python_operator.py:113} INFO - Done. Returned value was: I am not sure xcom on return!!!!
[2019-04-30 23:31:33,482] {base_task_runner.py:101} INFO - Job 268: Subtask push_and_return_xcom_values /home/mjcarleb/anaconda3/envs/airflow4/lib/python3.7/site-packages/airflow/operators/bash_operator.py:70: PendingDeprecationWarning: Invalid arguments were passed to BashOperator (task_id: pull_from_bash). Support for passing such arguments will be dropped in Airflow 2.0. Invalid arguments were:
[2019-04-30 23:31:33,482] {base_task_runner.py:101} INFO - Job 268: Subtask push_and_return_xcom_values *args: ()
[2019-04-30 23:31:33,482] {base_task_runner.py:101} INFO - Job 268: Subtask push_and_return_xcom_values **kwargs: {'provide_context': True}
[2019-04-30 23:31:33,483] {base_task_runner.py:101} INFO - Job 268: Subtask push_and_return_xcom_values   super(BashOperator, self).__init__(*args, **kwargs)
[2019-04-30 23:31:37,877] {logging_mixin.py:95} INFO - [2019-04-30 23:31:37,877] {jobs.py:2562} INFO - Task exited with return code 0
