[2019-05-01 11:23:36,726] {__init__.py:1139} INFO - Dependencies all met for <TaskInstance: Salted_Graph_Practice1.Sense_Copied_Data 2019-05-01T15:22:59.213890+00:00 [queued]>
[2019-05-01 11:23:36,730] {__init__.py:1139} INFO - Dependencies all met for <TaskInstance: Salted_Graph_Practice1.Sense_Copied_Data 2019-05-01T15:22:59.213890+00:00 [queued]>
[2019-05-01 11:23:36,730] {__init__.py:1353} INFO - 
--------------------------------------------------------------------------------
[2019-05-01 11:23:36,730] {__init__.py:1354} INFO - Starting attempt 1 of 1
[2019-05-01 11:23:36,730] {__init__.py:1355} INFO - 
--------------------------------------------------------------------------------
[2019-05-01 11:23:36,739] {__init__.py:1374} INFO - Executing <Task(FileSensor): Sense_Copied_Data> on 2019-05-01T15:22:59.213890+00:00
[2019-05-01 11:23:36,739] {base_task_runner.py:119} INFO - Running: ['airflow', 'run', 'Salted_Graph_Practice1', 'Sense_Copied_Data', '2019-05-01T15:22:59.213890+00:00', '--job_id', '283', '--raw', '-sd', 'DAGS_FOLDER/salted_graph.py', '--cfg_path', '/tmp/tmpi604ejok']
[2019-05-01 11:23:37,003] {base_task_runner.py:101} INFO - Job 283: Subtask Sense_Copied_Data /home/mjcarleb/anaconda3/envs/airflow4/lib/python3.7/site-packages/airflow/configuration.py:214: FutureWarning: The task_runner setting in [core] has the old default value of 'BashTaskRunner'. This value has been changed to 'StandardTaskRunner' in the running config, but please update your config before Apache Airflow 2.0.
[2019-05-01 11:23:37,004] {base_task_runner.py:101} INFO - Job 283: Subtask Sense_Copied_Data   FutureWarning,
[2019-05-01 11:23:37,152] {base_task_runner.py:101} INFO - Job 283: Subtask Sense_Copied_Data [2019-05-01 11:23:37,152] {__init__.py:51} INFO - Using executor SequentialExecutor
[2019-05-01 11:23:37,295] {base_task_runner.py:101} INFO - Job 283: Subtask Sense_Copied_Data [2019-05-01 11:23:37,295] {__init__.py:305} INFO - Filling up the DagBag from /home/mjcarleb/HESWork/CSCI-E29/2019sp-airflow_project-mjcarleb/dags/salted_graph.py
[2019-05-01 11:23:37,316] {base_task_runner.py:101} INFO - Job 283: Subtask Sense_Copied_Data [2019-05-01 11:23:37,315] {cli.py:517} INFO - Running <TaskInstance: Salted_Graph_Practice1.Sense_Copied_Data 2019-05-01T15:22:59.213890+00:00 [running]> on host localhost.localdomain
[2019-05-01 11:23:37,323] {file_sensor.py:60} INFO - Poking for file /home/mjcarleb/HESWork/CSCI-E29/2019sp-airflow_project-mjcarleb/copied/yelp_subset_1.csv
[2019-05-01 11:23:47,339] {file_sensor.py:60} INFO - Poking for file /home/mjcarleb/HESWork/CSCI-E29/2019sp-airflow_project-mjcarleb/copied/yelp_subset_1.csv
[2019-05-01 11:23:57,353] {file_sensor.py:60} INFO - Poking for file /home/mjcarleb/HESWork/CSCI-E29/2019sp-airflow_project-mjcarleb/copied/yelp_subset_1.csv
[2019-05-01 11:23:57,354] {__init__.py:1580} ERROR - Snap. Time is OUT.
Traceback (most recent call last):
  File "/home/mjcarleb/anaconda3/envs/airflow4/lib/python3.7/site-packages/airflow/models/__init__.py", line 1441, in _run_raw_task
    result = task_copy.execute(context=context)
  File "/home/mjcarleb/anaconda3/envs/airflow4/lib/python3.7/site-packages/airflow/sensors/base_sensor_operator.py", line 117, in execute
    raise AirflowSensorTimeout('Snap. Time is OUT.')
airflow.exceptions.AirflowSensorTimeout: Snap. Time is OUT.
[2019-05-01 11:23:57,355] {__init__.py:1611} INFO - Marking task as FAILED.
[2019-05-01 11:23:57,376] {base_task_runner.py:101} INFO - Job 283: Subtask Sense_Copied_Data Traceback (most recent call last):
[2019-05-01 11:23:57,376] {base_task_runner.py:101} INFO - Job 283: Subtask Sense_Copied_Data   File "/home/mjcarleb/anaconda3/envs/airflow4/bin/airflow", line 32, in <module>
[2019-05-01 11:23:57,376] {base_task_runner.py:101} INFO - Job 283: Subtask Sense_Copied_Data     args.func(args)
[2019-05-01 11:23:57,376] {base_task_runner.py:101} INFO - Job 283: Subtask Sense_Copied_Data   File "/home/mjcarleb/anaconda3/envs/airflow4/lib/python3.7/site-packages/airflow/utils/cli.py", line 74, in wrapper
[2019-05-01 11:23:57,376] {base_task_runner.py:101} INFO - Job 283: Subtask Sense_Copied_Data     return f(*args, **kwargs)
[2019-05-01 11:23:57,376] {base_task_runner.py:101} INFO - Job 283: Subtask Sense_Copied_Data   File "/home/mjcarleb/anaconda3/envs/airflow4/lib/python3.7/site-packages/airflow/bin/cli.py", line 523, in run
[2019-05-01 11:23:57,376] {base_task_runner.py:101} INFO - Job 283: Subtask Sense_Copied_Data     _run(args, dag, ti)
[2019-05-01 11:23:57,376] {base_task_runner.py:101} INFO - Job 283: Subtask Sense_Copied_Data   File "/home/mjcarleb/anaconda3/envs/airflow4/lib/python3.7/site-packages/airflow/bin/cli.py", line 442, in _run
[2019-05-01 11:23:57,376] {base_task_runner.py:101} INFO - Job 283: Subtask Sense_Copied_Data     pool=args.pool,
[2019-05-01 11:23:57,376] {base_task_runner.py:101} INFO - Job 283: Subtask Sense_Copied_Data   File "/home/mjcarleb/anaconda3/envs/airflow4/lib/python3.7/site-packages/airflow/utils/db.py", line 73, in wrapper
[2019-05-01 11:23:57,376] {base_task_runner.py:101} INFO - Job 283: Subtask Sense_Copied_Data     return func(*args, **kwargs)
[2019-05-01 11:23:57,376] {base_task_runner.py:101} INFO - Job 283: Subtask Sense_Copied_Data   File "/home/mjcarleb/anaconda3/envs/airflow4/lib/python3.7/site-packages/airflow/models/__init__.py", line 1441, in _run_raw_task
[2019-05-01 11:23:57,376] {base_task_runner.py:101} INFO - Job 283: Subtask Sense_Copied_Data     result = task_copy.execute(context=context)
[2019-05-01 11:23:57,376] {base_task_runner.py:101} INFO - Job 283: Subtask Sense_Copied_Data   File "/home/mjcarleb/anaconda3/envs/airflow4/lib/python3.7/site-packages/airflow/sensors/base_sensor_operator.py", line 117, in execute
[2019-05-01 11:23:57,376] {base_task_runner.py:101} INFO - Job 283: Subtask Sense_Copied_Data     raise AirflowSensorTimeout('Snap. Time is OUT.')
[2019-05-01 11:23:57,376] {base_task_runner.py:101} INFO - Job 283: Subtask Sense_Copied_Data airflow.exceptions.AirflowSensorTimeout: Snap. Time is OUT.
[2019-05-01 11:24:01,760] {logging_mixin.py:95} INFO - [2019-05-01 11:24:01,759] {jobs.py:2562} INFO - Task exited with return code 1
