[2019-05-02 20:31:08,378] {__init__.py:1139} INFO - Dependencies all met for <TaskInstance: Content_Addressable_DAG.1.Generate_DAG_hash 2019-05-03T00:31:07.466698+00:00 [queued]>
[2019-05-02 20:31:08,380] {__init__.py:1139} INFO - Dependencies all met for <TaskInstance: Content_Addressable_DAG.1.Generate_DAG_hash 2019-05-03T00:31:07.466698+00:00 [queued]>
[2019-05-02 20:31:08,380] {__init__.py:1353} INFO - 
--------------------------------------------------------------------------------
[2019-05-02 20:31:08,380] {__init__.py:1354} INFO - Starting attempt 1 of 1
[2019-05-02 20:31:08,380] {__init__.py:1355} INFO - 
--------------------------------------------------------------------------------
[2019-05-02 20:31:08,389] {__init__.py:1374} INFO - Executing <Task(PythonOperator): 1.Generate_DAG_hash> on 2019-05-03T00:31:07.466698+00:00
[2019-05-02 20:31:08,389] {base_task_runner.py:119} INFO - Running: ['airflow', 'run', 'Content_Addressable_DAG', '1.Generate_DAG_hash', '2019-05-03T00:31:07.466698+00:00', '--job_id', '433', '--raw', '-sd', 'DAGS_FOLDER/content_addressable_dag.py', '--cfg_path', '/tmp/tmpwv5f_agm']
[2019-05-02 20:31:08,661] {base_task_runner.py:101} INFO - Job 433: Subtask 1.Generate_DAG_hash /home/mjcarleb/anaconda3/envs/airflow5/lib/python3.7/site-packages/airflow/configuration.py:214: FutureWarning: The task_runner setting in [core] has the old default value of 'BashTaskRunner'. This value has been changed to 'StandardTaskRunner' in the running config, but please update your config before Apache Airflow 2.0.
[2019-05-02 20:31:08,661] {base_task_runner.py:101} INFO - Job 433: Subtask 1.Generate_DAG_hash   FutureWarning,
[2019-05-02 20:31:08,819] {base_task_runner.py:101} INFO - Job 433: Subtask 1.Generate_DAG_hash [2019-05-02 20:31:08,819] {__init__.py:51} INFO - Using executor SequentialExecutor
[2019-05-02 20:31:08,967] {base_task_runner.py:101} INFO - Job 433: Subtask 1.Generate_DAG_hash [2019-05-02 20:31:08,966] {__init__.py:305} INFO - Filling up the DagBag from /home/mjcarleb/HESWork/CSCI-E29/2019sp-airflow_project-mjcarleb/dags/content_addressable_dag.py
[2019-05-02 20:31:09,132] {base_task_runner.py:101} INFO - Job 433: Subtask 1.Generate_DAG_hash [2019-05-02 20:31:09,132] {cli.py:517} INFO - Running <TaskInstance: Content_Addressable_DAG.1.Generate_DAG_hash 2019-05-03T00:31:07.466698+00:00 [running]> on host localhost.localdomain
[2019-05-02 20:31:09,137] {python_operator.py:104} INFO - Exporting the following env vars:
AIRFLOW_CTX_DAG_ID=Content_Addressable_DAG
AIRFLOW_CTX_TASK_ID=1.Generate_DAG_hash
AIRFLOW_CTX_EXECUTION_DATE=2019-05-03T00:31:07.466698+00:00
AIRFLOW_CTX_DAG_RUN_ID=manual__2019-05-03T00:31:07.466698+00:00
[2019-05-02 20:31:09,146] {python_operator.py:113} INFO - Done. Returned value was: Pushed DAG_hash to XCOM f1330a4e
[2019-05-02 20:31:13,393] {logging_mixin.py:95} INFO - [2019-05-02 20:31:13,393] {jobs.py:2562} INFO - Task exited with return code 0
