[2019-04-29 10:40:59,932] {models.py:1359} INFO - Dependencies all met for <TaskInstance: play_with_python_op3.touch_as_proof 2019-04-28T00:00:00+00:00 [queued]>
[2019-04-29 10:40:59,935] {models.py:1359} INFO - Dependencies all met for <TaskInstance: play_with_python_op3.touch_as_proof 2019-04-28T00:00:00+00:00 [queued]>
[2019-04-29 10:40:59,935] {models.py:1571} INFO - 
--------------------------------------------------------------------------------
Starting attempt 1 of 1
--------------------------------------------------------------------------------

[2019-04-29 10:40:59,943] {models.py:1593} INFO - Executing <Task(BashOperator): touch_as_proof> on 2019-04-28T00:00:00+00:00
[2019-04-29 10:40:59,943] {base_task_runner.py:118} INFO - Running: ['bash', '-c', 'airflow run play_with_python_op3 touch_as_proof 2019-04-28T00:00:00+00:00 --job_id 132 --raw -sd DAGS_FOLDER/python_operator_challenge.py --cfg_path /tmp/tmpi21xt2l9']
[2019-04-29 10:41:00,387] {base_task_runner.py:101} INFO - Job 132: Subtask touch_as_proof [2019-04-29 10:41:00,386] {__init__.py:51} INFO - Using executor SequentialExecutor
[2019-04-29 10:41:00,535] {base_task_runner.py:101} INFO - Job 132: Subtask touch_as_proof [2019-04-29 10:41:00,534] {models.py:273} INFO - Filling up the DagBag from /home/mjcarleb/HESWork/CSCI-E29/2019sp-airflow_project-mjcarleb/dags/python_operator_challenge.py
[2019-04-29 10:41:00,569] {base_task_runner.py:101} INFO - Job 132: Subtask touch_as_proof [2019-04-29 10:41:00,569] {cli.py:520} INFO - Running <TaskInstance: play_with_python_op3.touch_as_proof 2019-04-28T00:00:00+00:00 [running]> on host localhost.localdomain
[2019-04-29 10:41:00,576] {bash_operator.py:77} INFO - Tmp dir root location: 
 /tmp
[2019-04-29 10:41:00,576] {bash_operator.py:86} INFO - Exporting the following env vars:
AIRFLOW_CTX_DAG_RUN_ID=scheduled__2019-04-28T00:00:00+00:00
AIRFLOW_CTX_EXECUTION_DATE=2019-04-28T00:00:00+00:00
AIRFLOW_CTX_TASK_ID=touch_as_proof
AIRFLOW_CTX_DAG_ID=play_with_python_op3
[2019-04-29 10:41:00,577] {bash_operator.py:100} INFO - Temporary script location: /tmp/airflowtmp0iylb54g/touch_as_proofibrwnbt5
[2019-04-29 10:41:00,577] {bash_operator.py:110} INFO - Running command: touch ~/iwashere.txt
[2019-04-29 10:41:00,580] {bash_operator.py:119} INFO - Output:
[2019-04-29 10:41:00,582] {bash_operator.py:127} INFO - Command exited with return code 0
[2019-04-29 10:41:04,940] {logging_mixin.py:95} INFO - [2019-04-29 10:41:04,940] {jobs.py:2527} INFO - Task exited with return code 0
