[2019-05-01 16:42:05,715] {__init__.py:1139} INFO - Dependencies all met for <TaskInstance: Salted_Graph_Practice1.8.Generate_Report.hash 2019-05-01T20:40:28.653819+00:00 [queued]>
[2019-05-01 16:42:05,719] {__init__.py:1139} INFO - Dependencies all met for <TaskInstance: Salted_Graph_Practice1.8.Generate_Report.hash 2019-05-01T20:40:28.653819+00:00 [queued]>
[2019-05-01 16:42:05,719] {__init__.py:1353} INFO - 
--------------------------------------------------------------------------------
[2019-05-01 16:42:05,719] {__init__.py:1354} INFO - Starting attempt 1 of 1
[2019-05-01 16:42:05,719] {__init__.py:1355} INFO - 
--------------------------------------------------------------------------------
[2019-05-01 16:42:05,728] {__init__.py:1374} INFO - Executing <Task(PythonOperator): 8.Generate_Report.hash> on 2019-05-01T20:40:28.653819+00:00
[2019-05-01 16:42:05,728] {base_task_runner.py:119} INFO - Running: ['airflow', 'run', 'Salted_Graph_Practice1', '8.Generate_Report.hash', '2019-05-01T20:40:28.653819+00:00', '--job_id', '378', '--raw', '-sd', 'DAGS_FOLDER/salted_graph.py', '--cfg_path', '/tmp/tmpye8o6hre']
[2019-05-01 16:42:06,007] {base_task_runner.py:101} INFO - Job 378: Subtask 8.Generate_Report.hash /home/mjcarleb/anaconda3/envs/airflow5/lib/python3.7/site-packages/airflow/configuration.py:214: FutureWarning: The task_runner setting in [core] has the old default value of 'BashTaskRunner'. This value has been changed to 'StandardTaskRunner' in the running config, but please update your config before Apache Airflow 2.0.
[2019-05-01 16:42:06,007] {base_task_runner.py:101} INFO - Job 378: Subtask 8.Generate_Report.hash   FutureWarning,
[2019-05-01 16:42:06,152] {base_task_runner.py:101} INFO - Job 378: Subtask 8.Generate_Report.hash [2019-05-01 16:42:06,152] {__init__.py:51} INFO - Using executor SequentialExecutor
[2019-05-01 16:42:06,289] {base_task_runner.py:101} INFO - Job 378: Subtask 8.Generate_Report.hash [2019-05-01 16:42:06,289] {__init__.py:305} INFO - Filling up the DagBag from /home/mjcarleb/HESWork/CSCI-E29/2019sp-airflow_project-mjcarleb/dags/salted_graph.py
[2019-05-01 16:42:06,429] {base_task_runner.py:101} INFO - Job 378: Subtask 8.Generate_Report.hash [2019-05-01 16:42:06,429] {cli.py:517} INFO - Running <TaskInstance: Salted_Graph_Practice1.8.Generate_Report.hash 2019-05-01T20:40:28.653819+00:00 [running]> on host localhost.localdomain
[2019-05-01 16:42:06,435] {python_operator.py:104} INFO - Exporting the following env vars:
AIRFLOW_CTX_DAG_ID=Salted_Graph_Practice1
AIRFLOW_CTX_TASK_ID=8.Generate_Report.hash
AIRFLOW_CTX_EXECUTION_DATE=2019-05-01T20:40:28.653819+00:00
AIRFLOW_CTX_DAG_RUN_ID=manual__2019-05-01T20:40:28.653819+00:00
[2019-05-01 16:42:06,499] {logging_mixin.py:95} WARNING - /home/mjcarleb/anaconda3/envs/airflow5/lib/python3.7/site-packages/pyarrow/pandas_compat.py:708: FutureWarning: .labels was deprecated in version 0.24.0. Use .codes instead.
  labels = getattr(columns, 'labels', None) or [
[2019-05-01 16:42:06,499] {logging_mixin.py:95} WARNING - /home/mjcarleb/anaconda3/envs/airflow5/lib/python3.7/site-packages/pyarrow/pandas_compat.py:735: FutureWarning: the 'labels' keyword is deprecated, use 'codes' instead
  return pd.MultiIndex(levels=new_levels, labels=labels, names=columns.names)
[2019-05-01 16:42:06,500] {logging_mixin.py:95} WARNING - /home/mjcarleb/anaconda3/envs/airflow5/lib/python3.7/site-packages/pyarrow/pandas_compat.py:752: FutureWarning: .labels was deprecated in version 0.24.0. Use .codes instead.
  labels, = index.labels
[2019-05-01 16:42:06,500] {__init__.py:1580} ERROR - 'numpy.ndarray' object has no attribute 'to_list'
Traceback (most recent call last):
  File "/home/mjcarleb/anaconda3/envs/airflow5/lib/python3.7/site-packages/airflow/models/__init__.py", line 1441, in _run_raw_task
    result = task_copy.execute(context=context)
  File "/home/mjcarleb/anaconda3/envs/airflow5/lib/python3.7/site-packages/airflow/operators/python_operator.py", line 112, in execute
    return_value = self.execute_callable()
  File "/home/mjcarleb/anaconda3/envs/airflow5/lib/python3.7/site-packages/airflow/operators/python_operator.py", line 117, in execute_callable
    return self.python_callable(*self.op_args, **self.op_kwargs)
  File "/home/mjcarleb/HESWork/CSCI-E29/2019sp-airflow_project-mjcarleb/dags/salted_graph.py", line 299, in generate_report
    textlines = df.text.values.to_list()
AttributeError: 'numpy.ndarray' object has no attribute 'to_list'
[2019-05-01 16:42:06,501] {__init__.py:1611} INFO - Marking task as FAILED.
[2019-05-01 16:42:06,515] {base_task_runner.py:101} INFO - Job 378: Subtask 8.Generate_Report.hash Traceback (most recent call last):
[2019-05-01 16:42:06,515] {base_task_runner.py:101} INFO - Job 378: Subtask 8.Generate_Report.hash   File "/home/mjcarleb/anaconda3/envs/airflow5/bin/airflow", line 32, in <module>
[2019-05-01 16:42:06,515] {base_task_runner.py:101} INFO - Job 378: Subtask 8.Generate_Report.hash     args.func(args)
[2019-05-01 16:42:06,515] {base_task_runner.py:101} INFO - Job 378: Subtask 8.Generate_Report.hash   File "/home/mjcarleb/anaconda3/envs/airflow5/lib/python3.7/site-packages/airflow/utils/cli.py", line 74, in wrapper
[2019-05-01 16:42:06,515] {base_task_runner.py:101} INFO - Job 378: Subtask 8.Generate_Report.hash     return f(*args, **kwargs)
[2019-05-01 16:42:06,515] {base_task_runner.py:101} INFO - Job 378: Subtask 8.Generate_Report.hash   File "/home/mjcarleb/anaconda3/envs/airflow5/lib/python3.7/site-packages/airflow/bin/cli.py", line 523, in run
[2019-05-01 16:42:06,515] {base_task_runner.py:101} INFO - Job 378: Subtask 8.Generate_Report.hash     _run(args, dag, ti)
[2019-05-01 16:42:06,515] {base_task_runner.py:101} INFO - Job 378: Subtask 8.Generate_Report.hash   File "/home/mjcarleb/anaconda3/envs/airflow5/lib/python3.7/site-packages/airflow/bin/cli.py", line 442, in _run
[2019-05-01 16:42:06,515] {base_task_runner.py:101} INFO - Job 378: Subtask 8.Generate_Report.hash     pool=args.pool,
[2019-05-01 16:42:06,515] {base_task_runner.py:101} INFO - Job 378: Subtask 8.Generate_Report.hash   File "/home/mjcarleb/anaconda3/envs/airflow5/lib/python3.7/site-packages/airflow/utils/db.py", line 73, in wrapper
[2019-05-01 16:42:06,515] {base_task_runner.py:101} INFO - Job 378: Subtask 8.Generate_Report.hash     return func(*args, **kwargs)
[2019-05-01 16:42:06,515] {base_task_runner.py:101} INFO - Job 378: Subtask 8.Generate_Report.hash   File "/home/mjcarleb/anaconda3/envs/airflow5/lib/python3.7/site-packages/airflow/models/__init__.py", line 1441, in _run_raw_task
[2019-05-01 16:42:06,515] {base_task_runner.py:101} INFO - Job 378: Subtask 8.Generate_Report.hash     result = task_copy.execute(context=context)
[2019-05-01 16:42:06,515] {base_task_runner.py:101} INFO - Job 378: Subtask 8.Generate_Report.hash   File "/home/mjcarleb/anaconda3/envs/airflow5/lib/python3.7/site-packages/airflow/operators/python_operator.py", line 112, in execute
[2019-05-01 16:42:06,515] {base_task_runner.py:101} INFO - Job 378: Subtask 8.Generate_Report.hash     return_value = self.execute_callable()
[2019-05-01 16:42:06,515] {base_task_runner.py:101} INFO - Job 378: Subtask 8.Generate_Report.hash   File "/home/mjcarleb/anaconda3/envs/airflow5/lib/python3.7/site-packages/airflow/operators/python_operator.py", line 117, in execute_callable
[2019-05-01 16:42:06,515] {base_task_runner.py:101} INFO - Job 378: Subtask 8.Generate_Report.hash     return self.python_callable(*self.op_args, **self.op_kwargs)
[2019-05-01 16:42:06,515] {base_task_runner.py:101} INFO - Job 378: Subtask 8.Generate_Report.hash   File "/home/mjcarleb/HESWork/CSCI-E29/2019sp-airflow_project-mjcarleb/dags/salted_graph.py", line 299, in generate_report
[2019-05-01 16:42:06,515] {base_task_runner.py:101} INFO - Job 378: Subtask 8.Generate_Report.hash     textlines = df.text.values.to_list()
[2019-05-01 16:42:06,515] {base_task_runner.py:101} INFO - Job 378: Subtask 8.Generate_Report.hash AttributeError: 'numpy.ndarray' object has no attribute 'to_list'
[2019-05-01 16:42:10,727] {logging_mixin.py:95} INFO - [2019-05-01 16:42:10,727] {jobs.py:2562} INFO - Task exited with return code 1
