[2019-04-29 07:29:44,447] {models.py:1359} INFO - Dependencies all met for <TaskInstance: s3_file_sensor3.task2 2019-04-28T00:00:00+00:00 [queued]>
[2019-04-29 07:29:44,450] {models.py:1359} INFO - Dependencies all met for <TaskInstance: s3_file_sensor3.task2 2019-04-28T00:00:00+00:00 [queued]>
[2019-04-29 07:29:44,451] {models.py:1571} INFO - 
--------------------------------------------------------------------------------
Starting attempt 1 of 2
--------------------------------------------------------------------------------

[2019-04-29 07:29:44,459] {models.py:1593} INFO - Executing <Task(BashOperator): task2> on 2019-04-28T00:00:00+00:00
[2019-04-29 07:29:44,459] {base_task_runner.py:118} INFO - Running: ['bash', '-c', 'airflow run s3_file_sensor3 task2 2019-04-28T00:00:00+00:00 --job_id 98 --raw -sd DAGS_FOLDER/AWS_Challenge.py --cfg_path /tmp/tmpqj9prlwh']
[2019-04-29 07:29:44,924] {base_task_runner.py:101} INFO - Job 98: Subtask task2 [2019-04-29 07:29:44,923] {__init__.py:51} INFO - Using executor SequentialExecutor
[2019-04-29 07:29:45,078] {base_task_runner.py:101} INFO - Job 98: Subtask task2 [2019-04-29 07:29:45,077] {models.py:273} INFO - Filling up the DagBag from /home/mjcarleb/HESWork/CSCI-E29/2019sp-airflow_project-mjcarleb/dags/AWS_Challenge.py
[2019-04-29 07:29:45,111] {base_task_runner.py:101} INFO - Job 98: Subtask task2 [2019-04-29 07:29:45,111] {cli.py:520} INFO - Running <TaskInstance: s3_file_sensor3.task2 2019-04-28T00:00:00+00:00 [running]> on host localhost.localdomain
[2019-04-29 07:29:45,118] {bash_operator.py:77} INFO - Tmp dir root location: 
 /tmp
[2019-04-29 07:29:45,118] {bash_operator.py:86} INFO - Exporting the following env vars:
AIRFLOW_CTX_DAG_ID=s3_file_sensor3
AIRFLOW_CTX_TASK_ID=task2
AIRFLOW_CTX_DAG_RUN_ID=scheduled__2019-04-28T00:00:00+00:00
AIRFLOW_CTX_EXECUTION_DATE=2019-04-28T00:00:00+00:00
[2019-04-29 07:29:45,119] {bash_operator.py:100} INFO - Temporary script location: /tmp/airflowtmpdaffqibr/task208cw08zr
[2019-04-29 07:29:45,119] {bash_operator.py:110} INFO - Running command: echo a big hadoop job putting files on s3
[2019-04-29 07:29:45,121] {bash_operator.py:119} INFO - Output:
[2019-04-29 07:29:45,122] {bash_operator.py:123} INFO - a big hadoop job putting files on s3
[2019-04-29 07:29:45,122] {bash_operator.py:127} INFO - Command exited with return code 0
[2019-04-29 07:29:45,135] {base_task_runner.py:101} INFO - Job 98: Subtask task2 /home/mjcarleb/anaconda3/envs/airflow/lib/python3.5/site-packages/airflow/utils/helpers.py:356: DeprecationWarning: Importing 'BashOperator' directly from 'airflow.operators' has been deprecated. Please import from 'airflow.operators.[operator_module]' instead. Support for direct imports will be dropped entirely in Airflow 2.0.
[2019-04-29 07:29:45,135] {base_task_runner.py:101} INFO - Job 98: Subtask task2   DeprecationWarning)
[2019-04-29 07:29:49,463] {logging_mixin.py:95} INFO - [2019-04-29 07:29:49,462] {jobs.py:2527} INFO - Task exited with return code 0
