[2019-04-29 10:31:49,571] {models.py:1359} INFO - Dependencies all met for <TaskInstance: play_with_python_op.touch_as_proof 2019-04-28T00:00:00+00:00 [queued]>
[2019-04-29 10:31:49,573] {models.py:1359} INFO - Dependencies all met for <TaskInstance: play_with_python_op.touch_as_proof 2019-04-28T00:00:00+00:00 [queued]>
[2019-04-29 10:31:49,573] {models.py:1571} INFO - 
--------------------------------------------------------------------------------
Starting attempt 1 of 2
--------------------------------------------------------------------------------

[2019-04-29 10:31:49,582] {models.py:1593} INFO - Executing <Task(BashOperator): touch_as_proof> on 2019-04-28T00:00:00+00:00
[2019-04-29 10:31:49,582] {base_task_runner.py:118} INFO - Running: ['bash', '-c', 'airflow run play_with_python_op touch_as_proof 2019-04-28T00:00:00+00:00 --job_id 122 --raw -sd DAGS_FOLDER/python_operator_challenge.py --cfg_path /tmp/tmp33k2ixc6']
[2019-04-29 10:31:50,052] {base_task_runner.py:101} INFO - Job 122: Subtask touch_as_proof [2019-04-29 10:31:50,052] {__init__.py:51} INFO - Using executor SequentialExecutor
[2019-04-29 10:31:50,201] {base_task_runner.py:101} INFO - Job 122: Subtask touch_as_proof [2019-04-29 10:31:50,200] {models.py:273} INFO - Filling up the DagBag from /home/mjcarleb/HESWork/CSCI-E29/2019sp-airflow_project-mjcarleb/dags/python_operator_challenge.py
[2019-04-29 10:31:50,235] {base_task_runner.py:101} INFO - Job 122: Subtask touch_as_proof [2019-04-29 10:31:50,235] {cli.py:520} INFO - Running <TaskInstance: play_with_python_op.touch_as_proof 2019-04-28T00:00:00+00:00 [running]> on host localhost.localdomain
[2019-04-29 10:31:50,242] {bash_operator.py:77} INFO - Tmp dir root location: 
 /tmp
[2019-04-29 10:31:50,242] {bash_operator.py:86} INFO - Exporting the following env vars:
AIRFLOW_CTX_TASK_ID=touch_as_proof
AIRFLOW_CTX_EXECUTION_DATE=2019-04-28T00:00:00+00:00
AIRFLOW_CTX_DAG_ID=play_with_python_op
AIRFLOW_CTX_DAG_RUN_ID=scheduled__2019-04-28T00:00:00+00:00
[2019-04-29 10:31:50,242] {bash_operator.py:100} INFO - Temporary script location: /tmp/airflowtmppgo3pyy0/touch_as_proofz5yoqy5o
[2019-04-29 10:31:50,242] {bash_operator.py:110} INFO - Running command: touch ~/iwashere.txt
[2019-04-29 10:31:50,245] {bash_operator.py:119} INFO - Output:
[2019-04-29 10:31:50,247] {bash_operator.py:127} INFO - Command exited with return code 0
[2019-04-29 10:31:54,580] {logging_mixin.py:95} INFO - [2019-04-29 10:31:54,580] {jobs.py:2527} INFO - Task exited with return code 0
