[2019-05-01 14:02:25,217] {__init__.py:1139} INFO - Dependencies all met for <TaskInstance: Salted_Graph_Practice1.1.Generate_DAG_hash 2019-05-01T18:02:22.545065+00:00 [queued]>
[2019-05-01 14:02:25,219] {__init__.py:1139} INFO - Dependencies all met for <TaskInstance: Salted_Graph_Practice1.1.Generate_DAG_hash 2019-05-01T18:02:22.545065+00:00 [queued]>
[2019-05-01 14:02:25,219] {__init__.py:1353} INFO - 
--------------------------------------------------------------------------------
[2019-05-01 14:02:25,219] {__init__.py:1354} INFO - Starting attempt 1 of 1
[2019-05-01 14:02:25,219] {__init__.py:1355} INFO - 
--------------------------------------------------------------------------------
[2019-05-01 14:02:25,227] {__init__.py:1374} INFO - Executing <Task(PythonOperator): 1.Generate_DAG_hash> on 2019-05-01T18:02:22.545065+00:00
[2019-05-01 14:02:25,228] {base_task_runner.py:119} INFO - Running: ['airflow', 'run', 'Salted_Graph_Practice1', '1.Generate_DAG_hash', '2019-05-01T18:02:22.545065+00:00', '--job_id', '329', '--raw', '-sd', 'DAGS_FOLDER/salted_graph.py', '--cfg_path', '/tmp/tmp2bobskpy']
[2019-05-01 14:02:25,482] {base_task_runner.py:101} INFO - Job 329: Subtask 1.Generate_DAG_hash /home/mjcarleb/anaconda3/envs/airflow4/lib/python3.7/site-packages/airflow/configuration.py:214: FutureWarning: The task_runner setting in [core] has the old default value of 'BashTaskRunner'. This value has been changed to 'StandardTaskRunner' in the running config, but please update your config before Apache Airflow 2.0.
[2019-05-01 14:02:25,482] {base_task_runner.py:101} INFO - Job 329: Subtask 1.Generate_DAG_hash   FutureWarning,
[2019-05-01 14:02:25,652] {base_task_runner.py:101} INFO - Job 329: Subtask 1.Generate_DAG_hash [2019-05-01 14:02:25,652] {__init__.py:51} INFO - Using executor SequentialExecutor
[2019-05-01 14:02:25,800] {base_task_runner.py:101} INFO - Job 329: Subtask 1.Generate_DAG_hash [2019-05-01 14:02:25,800] {__init__.py:305} INFO - Filling up the DagBag from /home/mjcarleb/HESWork/CSCI-E29/2019sp-airflow_project-mjcarleb/dags/salted_graph.py
[2019-05-01 14:02:25,821] {base_task_runner.py:101} INFO - Job 329: Subtask 1.Generate_DAG_hash [2019-05-01 14:02:25,821] {cli.py:517} INFO - Running <TaskInstance: Salted_Graph_Practice1.1.Generate_DAG_hash 2019-05-01T18:02:22.545065+00:00 [running]> on host localhost.localdomain
[2019-05-01 14:02:25,827] {python_operator.py:104} INFO - Exporting the following env vars:
AIRFLOW_CTX_DAG_ID=Salted_Graph_Practice1
AIRFLOW_CTX_TASK_ID=1.Generate_DAG_hash
AIRFLOW_CTX_EXECUTION_DATE=2019-05-01T18:02:22.545065+00:00
AIRFLOW_CTX_DAG_RUN_ID=manual__2019-05-01T18:02:22.545065+00:00
[2019-05-01 14:02:25,838] {python_operator.py:113} INFO - Done. Returned value was: Pushed DAG_hash to XCOM ca414b3d
[2019-05-01 14:02:30,224] {logging_mixin.py:95} INFO - [2019-05-01 14:02:30,224] {jobs.py:2562} INFO - Task exited with return code 0
