[2019-04-30 14:40:17,096] {__init__.py:1139} INFO - Dependencies all met for <TaskInstance: Salted_Graph_Practice1.Check_Copied_Hashes_Match 2019-04-30T18:39:52.107221+00:00 [queued]>
[2019-04-30 14:40:17,098] {__init__.py:1139} INFO - Dependencies all met for <TaskInstance: Salted_Graph_Practice1.Check_Copied_Hashes_Match 2019-04-30T18:39:52.107221+00:00 [queued]>
[2019-04-30 14:40:17,098] {__init__.py:1353} INFO - 
--------------------------------------------------------------------------------
[2019-04-30 14:40:17,098] {__init__.py:1354} INFO - Starting attempt 1 of 1
[2019-04-30 14:40:17,098] {__init__.py:1355} INFO - 
--------------------------------------------------------------------------------
[2019-04-30 14:40:17,106] {__init__.py:1374} INFO - Executing <Task(PythonOperator): Check_Copied_Hashes_Match> on 2019-04-30T18:39:52.107221+00:00
[2019-04-30 14:40:17,106] {base_task_runner.py:119} INFO - Running: ['airflow', 'run', 'Salted_Graph_Practice1', 'Check_Copied_Hashes_Match', '2019-04-30T18:39:52.107221+00:00', '--job_id', '200', '--raw', '-sd', 'DAGS_FOLDER/salted_graph.py', '--cfg_path', '/tmp/tmp8v3fbvjc']
[2019-04-30 14:40:17,365] {base_task_runner.py:101} INFO - Job 200: Subtask Check_Copied_Hashes_Match /home/mjcarleb/anaconda3/envs/airflow4/lib/python3.7/site-packages/airflow/configuration.py:214: FutureWarning: The task_runner setting in [core] has the old default value of 'BashTaskRunner'. This value has been changed to 'StandardTaskRunner' in the running config, but please update your config before Apache Airflow 2.0.
[2019-04-30 14:40:17,365] {base_task_runner.py:101} INFO - Job 200: Subtask Check_Copied_Hashes_Match   FutureWarning,
[2019-04-30 14:40:17,514] {base_task_runner.py:101} INFO - Job 200: Subtask Check_Copied_Hashes_Match [2019-04-30 14:40:17,514] {__init__.py:51} INFO - Using executor SequentialExecutor
[2019-04-30 14:40:17,663] {base_task_runner.py:101} INFO - Job 200: Subtask Check_Copied_Hashes_Match [2019-04-30 14:40:17,662] {__init__.py:305} INFO - Filling up the DagBag from /home/mjcarleb/HESWork/CSCI-E29/2019sp-airflow_project-mjcarleb/dags/salted_graph.py
[2019-04-30 14:40:17,685] {base_task_runner.py:101} INFO - Job 200: Subtask Check_Copied_Hashes_Match [2019-04-30 14:40:17,685] {cli.py:517} INFO - Running <TaskInstance: Salted_Graph_Practice1.Check_Copied_Hashes_Match 2019-04-30T18:39:52.107221+00:00 [running]> on host localhost.localdomain
[2019-04-30 14:40:17,691] {python_operator.py:104} INFO - Exporting the following env vars:
AIRFLOW_CTX_DAG_ID=Salted_Graph_Practice1
AIRFLOW_CTX_TASK_ID=Check_Copied_Hashes_Match
AIRFLOW_CTX_EXECUTION_DATE=2019-04-30T18:39:52.107221+00:00
AIRFLOW_CTX_DAG_RUN_ID=manual__2019-04-30T18:39:52.107221+00:00
[2019-04-30 14:40:17,827] {logging_mixin.py:95} INFO - Here is copied_hash_past = None
[2019-04-30 14:40:17,828] {logging_mixin.py:95} INFO - CAUGHT FAILED TRY BLOCK IN check_coiped_hashes_match!!!!!!!!!! (good)
[2019-04-30 14:40:17,828] {python_operator.py:113} INFO - Done. Returned value was: None
[2019-04-30 14:40:22,110] {logging_mixin.py:95} INFO - [2019-04-30 14:40:22,110] {jobs.py:2562} INFO - Task exited with return code 0
