[2019-05-01 15:40:47,030] {__init__.py:1139} INFO - Dependencies all met for <TaskInstance: Salted_Graph_Practice1.7.Generate_Transform.hash 2019-05-01T19:39:48.607654+00:00 [queued]>
[2019-05-01 15:40:47,040] {__init__.py:1139} INFO - Dependencies all met for <TaskInstance: Salted_Graph_Practice1.7.Generate_Transform.hash 2019-05-01T19:39:48.607654+00:00 [queued]>
[2019-05-01 15:40:47,040] {__init__.py:1353} INFO - 
--------------------------------------------------------------------------------
[2019-05-01 15:40:47,040] {__init__.py:1354} INFO - Starting attempt 1 of 1
[2019-05-01 15:40:47,040] {__init__.py:1355} INFO - 
--------------------------------------------------------------------------------
[2019-05-01 15:40:47,054] {__init__.py:1374} INFO - Executing <Task(PythonOperator): 7.Generate_Transform.hash> on 2019-05-01T19:39:48.607654+00:00
[2019-05-01 15:40:47,054] {base_task_runner.py:119} INFO - Running: ['airflow', 'run', 'Salted_Graph_Practice1', '7.Generate_Transform.hash', '2019-05-01T19:39:48.607654+00:00', '--job_id', '367', '--raw', '-sd', 'DAGS_FOLDER/salted_graph.py', '--cfg_path', '/tmp/tmpmpq3qfo0']
[2019-05-01 15:40:47,355] {base_task_runner.py:101} INFO - Job 367: Subtask 7.Generate_Transform.hash /home/mjcarleb/anaconda3/envs/airflow5/lib/python3.7/site-packages/airflow/configuration.py:214: FutureWarning: The task_runner setting in [core] has the old default value of 'BashTaskRunner'. This value has been changed to 'StandardTaskRunner' in the running config, but please update your config before Apache Airflow 2.0.
[2019-05-01 15:40:47,355] {base_task_runner.py:101} INFO - Job 367: Subtask 7.Generate_Transform.hash   FutureWarning,
[2019-05-01 15:40:47,501] {base_task_runner.py:101} INFO - Job 367: Subtask 7.Generate_Transform.hash [2019-05-01 15:40:47,501] {__init__.py:51} INFO - Using executor SequentialExecutor
[2019-05-01 15:40:47,644] {base_task_runner.py:101} INFO - Job 367: Subtask 7.Generate_Transform.hash [2019-05-01 15:40:47,644] {__init__.py:305} INFO - Filling up the DagBag from /home/mjcarleb/HESWork/CSCI-E29/2019sp-airflow_project-mjcarleb/dags/salted_graph.py
[2019-05-01 15:40:47,794] {base_task_runner.py:101} INFO - Job 367: Subtask 7.Generate_Transform.hash [2019-05-01 15:40:47,794] {cli.py:517} INFO - Running <TaskInstance: Salted_Graph_Practice1.7.Generate_Transform.hash 2019-05-01T19:39:48.607654+00:00 [running]> on host localhost.localdomain
[2019-05-01 15:40:47,800] {python_operator.py:104} INFO - Exporting the following env vars:
AIRFLOW_CTX_DAG_ID=Salted_Graph_Practice1
AIRFLOW_CTX_TASK_ID=7.Generate_Transform.hash
AIRFLOW_CTX_EXECUTION_DATE=2019-05-01T19:39:48.607654+00:00
AIRFLOW_CTX_DAG_RUN_ID=manual__2019-05-01T19:39:48.607654+00:00
[2019-05-01 15:40:47,920] {logging_mixin.py:95} WARNING - /home/mjcarleb/anaconda3/envs/airflow5/lib/python3.7/site-packages/pyarrow/pandas_compat.py:114: FutureWarning: A future version of pandas will default to `skipna=True`. To silence this warning, pass `skipna=True|False` explicitly.
  result = infer_dtype(pandas_collection)
[2019-05-01 15:40:47,957] {python_operator.py:113} INFO - Done. Returned value was: Transformed copied data with hash = 913814c2
[2019-05-01 15:40:52,028] {logging_mixin.py:95} INFO - [2019-05-01 15:40:52,028] {jobs.py:2562} INFO - Task exited with return code 0
