[2019-04-30 13:20:58,203] {__init__.py:1139} INFO - Dependencies all met for <TaskInstance: Salted_Graph_Practice1.Sense_Copied_Data 2019-04-30T17:20:51.273569+00:00 [queued]>
[2019-04-30 13:20:58,207] {__init__.py:1139} INFO - Dependencies all met for <TaskInstance: Salted_Graph_Practice1.Sense_Copied_Data 2019-04-30T17:20:51.273569+00:00 [queued]>
[2019-04-30 13:20:58,207] {__init__.py:1353} INFO - 
--------------------------------------------------------------------------------
[2019-04-30 13:20:58,207] {__init__.py:1354} INFO - Starting attempt 1 of 1
[2019-04-30 13:20:58,207] {__init__.py:1355} INFO - 
--------------------------------------------------------------------------------
[2019-04-30 13:20:58,219] {__init__.py:1374} INFO - Executing <Task(FileSensor): Sense_Copied_Data> on 2019-04-30T17:20:51.273569+00:00
[2019-04-30 13:20:58,219] {base_task_runner.py:119} INFO - Running: ['airflow', 'run', 'Salted_Graph_Practice1', 'Sense_Copied_Data', '2019-04-30T17:20:51.273569+00:00', '--job_id', '185', '--raw', '-sd', 'DAGS_FOLDER/salted_graph.py', '--cfg_path', '/tmp/tmp6w1mbsb0']
[2019-04-30 13:20:58,482] {base_task_runner.py:101} INFO - Job 185: Subtask Sense_Copied_Data /home/mjcarleb/anaconda3/envs/airflow4/lib/python3.7/site-packages/airflow/configuration.py:214: FutureWarning: The task_runner setting in [core] has the old default value of 'BashTaskRunner'. This value has been changed to 'StandardTaskRunner' in the running config, but please update your config before Apache Airflow 2.0.
[2019-04-30 13:20:58,482] {base_task_runner.py:101} INFO - Job 185: Subtask Sense_Copied_Data   FutureWarning,
[2019-04-30 13:20:58,638] {base_task_runner.py:101} INFO - Job 185: Subtask Sense_Copied_Data [2019-04-30 13:20:58,638] {__init__.py:51} INFO - Using executor SequentialExecutor
[2019-04-30 13:20:58,793] {base_task_runner.py:101} INFO - Job 185: Subtask Sense_Copied_Data [2019-04-30 13:20:58,793] {__init__.py:305} INFO - Filling up the DagBag from /home/mjcarleb/HESWork/CSCI-E29/2019sp-airflow_project-mjcarleb/dags/salted_graph.py
[2019-04-30 13:20:58,945] {base_task_runner.py:101} INFO - Job 185: Subtask Sense_Copied_Data [2019-04-30 13:20:58,945] {cli.py:517} INFO - Running <TaskInstance: Salted_Graph_Practice1.Sense_Copied_Data 2019-04-30T17:20:51.273569+00:00 [running]> on host localhost.localdomain
[2019-04-30 13:20:58,953] {file_sensor.py:60} INFO - Poking for file /home/mjcarleb/HESWork/CSCI-E29/2019sp-airflow_project-mjcarleb/yelp_subset_1.csv
[2019-04-30 13:21:08,961] {file_sensor.py:60} INFO - Poking for file /home/mjcarleb/HESWork/CSCI-E29/2019sp-airflow_project-mjcarleb/yelp_subset_1.csv
[2019-04-30 13:21:18,977] {file_sensor.py:60} INFO - Poking for file /home/mjcarleb/HESWork/CSCI-E29/2019sp-airflow_project-mjcarleb/yelp_subset_1.csv
[2019-04-30 13:21:18,985] {__init__.py:1580} ERROR - Snap. Time is OUT.
Traceback (most recent call last):
  File "/home/mjcarleb/anaconda3/envs/airflow4/lib/python3.7/site-packages/airflow/models/__init__.py", line 1441, in _run_raw_task
    result = task_copy.execute(context=context)
  File "/home/mjcarleb/anaconda3/envs/airflow4/lib/python3.7/site-packages/airflow/sensors/base_sensor_operator.py", line 117, in execute
    raise AirflowSensorTimeout('Snap. Time is OUT.')
airflow.exceptions.AirflowSensorTimeout: Snap. Time is OUT.
[2019-04-30 13:21:18,989] {__init__.py:1611} INFO - Marking task as FAILED.
[2019-04-30 13:21:19,023] {base_task_runner.py:101} INFO - Job 185: Subtask Sense_Copied_Data Traceback (most recent call last):
[2019-04-30 13:21:19,023] {base_task_runner.py:101} INFO - Job 185: Subtask Sense_Copied_Data   File "/home/mjcarleb/anaconda3/envs/airflow4/bin/airflow", line 32, in <module>
[2019-04-30 13:21:19,023] {base_task_runner.py:101} INFO - Job 185: Subtask Sense_Copied_Data     args.func(args)
[2019-04-30 13:21:19,023] {base_task_runner.py:101} INFO - Job 185: Subtask Sense_Copied_Data   File "/home/mjcarleb/anaconda3/envs/airflow4/lib/python3.7/site-packages/airflow/utils/cli.py", line 74, in wrapper
[2019-04-30 13:21:19,023] {base_task_runner.py:101} INFO - Job 185: Subtask Sense_Copied_Data     return f(*args, **kwargs)
[2019-04-30 13:21:19,023] {base_task_runner.py:101} INFO - Job 185: Subtask Sense_Copied_Data   File "/home/mjcarleb/anaconda3/envs/airflow4/lib/python3.7/site-packages/airflow/bin/cli.py", line 523, in run
[2019-04-30 13:21:19,023] {base_task_runner.py:101} INFO - Job 185: Subtask Sense_Copied_Data     _run(args, dag, ti)
[2019-04-30 13:21:19,023] {base_task_runner.py:101} INFO - Job 185: Subtask Sense_Copied_Data   File "/home/mjcarleb/anaconda3/envs/airflow4/lib/python3.7/site-packages/airflow/bin/cli.py", line 442, in _run
[2019-04-30 13:21:19,024] {base_task_runner.py:101} INFO - Job 185: Subtask Sense_Copied_Data     pool=args.pool,
[2019-04-30 13:21:19,024] {base_task_runner.py:101} INFO - Job 185: Subtask Sense_Copied_Data   File "/home/mjcarleb/anaconda3/envs/airflow4/lib/python3.7/site-packages/airflow/utils/db.py", line 73, in wrapper
[2019-04-30 13:21:19,024] {base_task_runner.py:101} INFO - Job 185: Subtask Sense_Copied_Data     return func(*args, **kwargs)
[2019-04-30 13:21:19,024] {base_task_runner.py:101} INFO - Job 185: Subtask Sense_Copied_Data   File "/home/mjcarleb/anaconda3/envs/airflow4/lib/python3.7/site-packages/airflow/models/__init__.py", line 1441, in _run_raw_task
[2019-04-30 13:21:19,024] {base_task_runner.py:101} INFO - Job 185: Subtask Sense_Copied_Data     result = task_copy.execute(context=context)
[2019-04-30 13:21:19,024] {base_task_runner.py:101} INFO - Job 185: Subtask Sense_Copied_Data   File "/home/mjcarleb/anaconda3/envs/airflow4/lib/python3.7/site-packages/airflow/sensors/base_sensor_operator.py", line 117, in execute
[2019-04-30 13:21:19,024] {base_task_runner.py:101} INFO - Job 185: Subtask Sense_Copied_Data     raise AirflowSensorTimeout('Snap. Time is OUT.')
[2019-04-30 13:21:19,024] {base_task_runner.py:101} INFO - Job 185: Subtask Sense_Copied_Data airflow.exceptions.AirflowSensorTimeout: Snap. Time is OUT.
[2019-04-30 13:21:23,255] {logging_mixin.py:95} INFO - [2019-04-30 13:21:23,254] {jobs.py:2562} INFO - Task exited with return code 1
