[2019-04-29 09:15:53,328] {models.py:1359} INFO - Dependencies all met for <TaskInstance: s3_read_yelp2_files.touch_as_proof 2019-04-28T00:00:00+00:00 [queued]>
[2019-04-29 09:15:53,331] {models.py:1359} INFO - Dependencies all met for <TaskInstance: s3_read_yelp2_files.touch_as_proof 2019-04-28T00:00:00+00:00 [queued]>
[2019-04-29 09:15:53,331] {models.py:1571} INFO - 
--------------------------------------------------------------------------------
Starting attempt 1 of 2
--------------------------------------------------------------------------------

[2019-04-29 09:15:53,342] {models.py:1593} INFO - Executing <Task(BashOperator): touch_as_proof> on 2019-04-28T00:00:00+00:00
[2019-04-29 09:15:53,342] {base_task_runner.py:118} INFO - Running: ['bash', '-c', 'airflow run s3_read_yelp2_files touch_as_proof 2019-04-28T00:00:00+00:00 --job_id 114 --raw -sd DAGS_FOLDER/S3_Read_Yelp_into_df.py --cfg_path /tmp/tmpl1b_ai6s']
[2019-04-29 09:15:53,808] {base_task_runner.py:101} INFO - Job 114: Subtask touch_as_proof [2019-04-29 09:15:53,808] {__init__.py:51} INFO - Using executor SequentialExecutor
[2019-04-29 09:15:53,963] {base_task_runner.py:101} INFO - Job 114: Subtask touch_as_proof [2019-04-29 09:15:53,962] {models.py:273} INFO - Filling up the DagBag from /home/mjcarleb/HESWork/CSCI-E29/2019sp-airflow_project-mjcarleb/dags/S3_Read_Yelp_into_df.py
[2019-04-29 09:15:53,997] {base_task_runner.py:101} INFO - Job 114: Subtask touch_as_proof [2019-04-29 09:15:53,997] {cli.py:520} INFO - Running <TaskInstance: s3_read_yelp2_files.touch_as_proof 2019-04-28T00:00:00+00:00 [running]> on host localhost.localdomain
[2019-04-29 09:15:54,004] {bash_operator.py:77} INFO - Tmp dir root location: 
 /tmp
[2019-04-29 09:15:54,004] {bash_operator.py:86} INFO - Exporting the following env vars:
AIRFLOW_CTX_TASK_ID=touch_as_proof
AIRFLOW_CTX_EXECUTION_DATE=2019-04-28T00:00:00+00:00
AIRFLOW_CTX_DAG_ID=s3_read_yelp2_files
AIRFLOW_CTX_DAG_RUN_ID=scheduled__2019-04-28T00:00:00+00:00
[2019-04-29 09:15:54,005] {bash_operator.py:100} INFO - Temporary script location: /tmp/airflowtmpi65eclsb/touch_as_proofmp2aiqbg
[2019-04-29 09:15:54,005] {bash_operator.py:110} INFO - Running command: touch iwashere.txt
[2019-04-29 09:15:54,008] {bash_operator.py:119} INFO - Output:
[2019-04-29 09:15:54,009] {bash_operator.py:127} INFO - Command exited with return code 0
[2019-04-29 09:15:54,022] {base_task_runner.py:101} INFO - Job 114: Subtask touch_as_proof /home/mjcarleb/anaconda3/envs/airflow/lib/python3.5/site-packages/airflow/utils/helpers.py:356: DeprecationWarning: Importing 'BashOperator' directly from 'airflow.operators' has been deprecated. Please import from 'airflow.operators.[operator_module]' instead. Support for direct imports will be dropped entirely in Airflow 2.0.
[2019-04-29 09:15:54,022] {base_task_runner.py:101} INFO - Job 114: Subtask touch_as_proof   DeprecationWarning)
[2019-04-29 09:15:58,338] {logging_mixin.py:95} INFO - [2019-04-29 09:15:58,337] {jobs.py:2527} INFO - Task exited with return code 0
