[2019-04-29 12:51:52,232] {__init__.py:1139} INFO - Dependencies all met for <TaskInstance: pass_arg_to_python_op.change_dir 2019-04-28T00:00:00+00:00 [queued]>
[2019-04-29 12:51:52,239] {__init__.py:1139} INFO - Dependencies all met for <TaskInstance: pass_arg_to_python_op.change_dir 2019-04-28T00:00:00+00:00 [queued]>
[2019-04-29 12:51:52,239] {__init__.py:1353} INFO - 
--------------------------------------------------------------------------------
[2019-04-29 12:51:52,239] {__init__.py:1354} INFO - Starting attempt 1 of 1
[2019-04-29 12:51:52,240] {__init__.py:1355} INFO - 
--------------------------------------------------------------------------------
[2019-04-29 12:51:52,252] {__init__.py:1374} INFO - Executing <Task(BashOperator): change_dir> on 2019-04-28T00:00:00+00:00
[2019-04-29 12:51:52,252] {base_task_runner.py:119} INFO - Running: ['airflow', 'run', 'pass_arg_to_python_op', 'change_dir', '2019-04-28T00:00:00+00:00', '--job_id', '151', '--raw', '-sd', 'DAGS_FOLDER/arg_passing.py', '--cfg_path', '/tmp/tmpu2gn1_wc']
[2019-04-29 12:51:52,512] {base_task_runner.py:101} INFO - Job 151: Subtask change_dir /home/mjcarleb/anaconda3/envs/airflow4/lib/python3.7/site-packages/airflow/configuration.py:214: FutureWarning: The task_runner setting in [core] has the old default value of 'BashTaskRunner'. This value has been changed to 'StandardTaskRunner' in the running config, but please update your config before Apache Airflow 2.0.
[2019-04-29 12:51:52,512] {base_task_runner.py:101} INFO - Job 151: Subtask change_dir   FutureWarning,
[2019-04-29 12:51:52,669] {base_task_runner.py:101} INFO - Job 151: Subtask change_dir [2019-04-29 12:51:52,669] {__init__.py:51} INFO - Using executor SequentialExecutor
[2019-04-29 12:51:52,825] {base_task_runner.py:101} INFO - Job 151: Subtask change_dir [2019-04-29 12:51:52,825] {__init__.py:305} INFO - Filling up the DagBag from /home/mjcarleb/HESWork/CSCI-E29/2019sp-airflow_project-mjcarleb/dags/arg_passing.py
[2019-04-29 12:51:52,967] {base_task_runner.py:101} INFO - Job 151: Subtask change_dir [2019-04-29 12:51:52,967] {cli.py:517} INFO - Running <TaskInstance: pass_arg_to_python_op.change_dir 2019-04-28T00:00:00+00:00 [running]> on host localhost.localdomain
[2019-04-29 12:51:52,973] {bash_operator.py:81} INFO - Tmp dir root location: 
 /tmp
[2019-04-29 12:51:52,973] {bash_operator.py:90} INFO - Exporting the following env vars:
AIRFLOW_CTX_DAG_ID=pass_arg_to_python_op
AIRFLOW_CTX_TASK_ID=change_dir
AIRFLOW_CTX_EXECUTION_DATE=2019-04-28T00:00:00+00:00
AIRFLOW_CTX_DAG_RUN_ID=scheduled__2019-04-28T00:00:00+00:00
[2019-04-29 12:51:52,974] {bash_operator.py:104} INFO - Temporary script location: /tmp/airflowtmpx791jn7k/change_diripw08tn5
[2019-04-29 12:51:52,974] {bash_operator.py:114} INFO - Running command: cd $AIRFLOW_HOME
[2019-04-29 12:51:52,977] {bash_operator.py:123} INFO - Output:
[2019-04-29 12:51:52,978] {bash_operator.py:131} INFO - Command exited with return code 0
[2019-04-29 12:51:57,233] {logging_mixin.py:95} INFO - [2019-04-29 12:51:57,232] {jobs.py:2562} INFO - Task exited with return code 0
