[2019-05-01 13:57:20,007] {__init__.py:1139} INFO - Dependencies all met for <TaskInstance: Salted_Graph_Practice1.6.Generate_Copied.hash 2019-05-01T17:55:57.200852+00:00 [queued]>
[2019-05-01 13:57:20,011] {__init__.py:1139} INFO - Dependencies all met for <TaskInstance: Salted_Graph_Practice1.6.Generate_Copied.hash 2019-05-01T17:55:57.200852+00:00 [queued]>
[2019-05-01 13:57:20,011] {__init__.py:1353} INFO - 
--------------------------------------------------------------------------------
[2019-05-01 13:57:20,011] {__init__.py:1354} INFO - Starting attempt 1 of 1
[2019-05-01 13:57:20,011] {__init__.py:1355} INFO - 
--------------------------------------------------------------------------------
[2019-05-01 13:57:20,019] {__init__.py:1374} INFO - Executing <Task(BashOperator): 6.Generate_Copied.hash> on 2019-05-01T17:55:57.200852+00:00
[2019-05-01 13:57:20,019] {base_task_runner.py:119} INFO - Running: ['airflow', 'run', 'Salted_Graph_Practice1', '6.Generate_Copied.hash', '2019-05-01T17:55:57.200852+00:00', '--job_id', '328', '--raw', '-sd', 'DAGS_FOLDER/salted_graph.py', '--cfg_path', '/tmp/tmp0l3hk1pd']
[2019-05-01 13:57:20,283] {base_task_runner.py:101} INFO - Job 328: Subtask 6.Generate_Copied.hash /home/mjcarleb/anaconda3/envs/airflow4/lib/python3.7/site-packages/airflow/configuration.py:214: FutureWarning: The task_runner setting in [core] has the old default value of 'BashTaskRunner'. This value has been changed to 'StandardTaskRunner' in the running config, but please update your config before Apache Airflow 2.0.
[2019-05-01 13:57:20,283] {base_task_runner.py:101} INFO - Job 328: Subtask 6.Generate_Copied.hash   FutureWarning,
[2019-05-01 13:57:20,429] {base_task_runner.py:101} INFO - Job 328: Subtask 6.Generate_Copied.hash [2019-05-01 13:57:20,429] {__init__.py:51} INFO - Using executor SequentialExecutor
[2019-05-01 13:57:20,568] {base_task_runner.py:101} INFO - Job 328: Subtask 6.Generate_Copied.hash [2019-05-01 13:57:20,568] {__init__.py:305} INFO - Filling up the DagBag from /home/mjcarleb/HESWork/CSCI-E29/2019sp-airflow_project-mjcarleb/dags/salted_graph.py
[2019-05-01 13:57:20,591] {base_task_runner.py:101} INFO - Job 328: Subtask 6.Generate_Copied.hash [2019-05-01 13:57:20,590] {cli.py:517} INFO - Running <TaskInstance: Salted_Graph_Practice1.6.Generate_Copied.hash 2019-05-01T17:55:57.200852+00:00 [running]> on host localhost.localdomain
[2019-05-01 13:57:20,598] {bash_operator.py:81} INFO - Tmp dir root location: 
 /tmp
[2019-05-01 13:57:20,598] {bash_operator.py:90} INFO - Exporting the following env vars:
AIRFLOW_CTX_DAG_ID=Salted_Graph_Practice1
AIRFLOW_CTX_TASK_ID=6.Generate_Copied.hash
AIRFLOW_CTX_EXECUTION_DATE=2019-05-01T17:55:57.200852+00:00
AIRFLOW_CTX_DAG_RUN_ID=manual__2019-05-01T17:55:57.200852+00:00
[2019-05-01 13:57:20,598] {bash_operator.py:104} INFO - Temporary script location: /tmp/airflowtmpz_9da1t3/6.Generate_Copied.hash59punvzn
[2019-05-01 13:57:20,599] {bash_operator.py:114} INFO - Running command: aws s3 cp s3://cscie29-data/pset5/yelp_data/yelp_subset_1.csv /home/mjcarleb/HESWork/CSCI-E29/2019sp-airflow_project-mjcarleb/copied_data/yelp_subset_1.{ti.xcom_pull(task_ids='1.Generate_DAG_hash', key='DAG_hash')}..csv
[2019-05-01 13:57:20,602] {bash_operator.py:123} INFO - Output:
[2019-05-01 13:57:20,603] {bash_operator.py:127} INFO - /tmp/airflowtmpz_9da1t3/6.Generate_Copied.hash59punvzn: line 1: syntax error near unexpected token `('
[2019-05-01 13:57:20,603] {bash_operator.py:127} INFO - /tmp/airflowtmpz_9da1t3/6.Generate_Copied.hash59punvzn: line 1: `aws s3 cp s3://cscie29-data/pset5/yelp_data/yelp_subset_1.csv /home/mjcarleb/HESWork/CSCI-E29/2019sp-airflow_project-mjcarleb/copied_data/yelp_subset_1.{ti.xcom_pull(task_ids='1.Generate_DAG_hash', key='DAG_hash')}..csv'
[2019-05-01 13:57:20,603] {bash_operator.py:131} INFO - Command exited with return code 2
[2019-05-01 13:57:20,607] {__init__.py:1580} ERROR - Bash command failed
Traceback (most recent call last):
  File "/home/mjcarleb/anaconda3/envs/airflow4/lib/python3.7/site-packages/airflow/models/__init__.py", line 1441, in _run_raw_task
    result = task_copy.execute(context=context)
  File "/home/mjcarleb/anaconda3/envs/airflow4/lib/python3.7/site-packages/airflow/operators/bash_operator.py", line 135, in execute
    raise AirflowException("Bash command failed")
airflow.exceptions.AirflowException: Bash command failed
[2019-05-01 13:57:20,608] {__init__.py:1611} INFO - Marking task as FAILED.
[2019-05-01 13:57:20,620] {base_task_runner.py:101} INFO - Job 328: Subtask 6.Generate_Copied.hash Traceback (most recent call last):
[2019-05-01 13:57:20,620] {base_task_runner.py:101} INFO - Job 328: Subtask 6.Generate_Copied.hash   File "/home/mjcarleb/anaconda3/envs/airflow4/bin/airflow", line 32, in <module>
[2019-05-01 13:57:20,620] {base_task_runner.py:101} INFO - Job 328: Subtask 6.Generate_Copied.hash     args.func(args)
[2019-05-01 13:57:20,620] {base_task_runner.py:101} INFO - Job 328: Subtask 6.Generate_Copied.hash   File "/home/mjcarleb/anaconda3/envs/airflow4/lib/python3.7/site-packages/airflow/utils/cli.py", line 74, in wrapper
[2019-05-01 13:57:20,620] {base_task_runner.py:101} INFO - Job 328: Subtask 6.Generate_Copied.hash     return f(*args, **kwargs)
[2019-05-01 13:57:20,620] {base_task_runner.py:101} INFO - Job 328: Subtask 6.Generate_Copied.hash   File "/home/mjcarleb/anaconda3/envs/airflow4/lib/python3.7/site-packages/airflow/bin/cli.py", line 523, in run
[2019-05-01 13:57:20,620] {base_task_runner.py:101} INFO - Job 328: Subtask 6.Generate_Copied.hash     _run(args, dag, ti)
[2019-05-01 13:57:20,620] {base_task_runner.py:101} INFO - Job 328: Subtask 6.Generate_Copied.hash   File "/home/mjcarleb/anaconda3/envs/airflow4/lib/python3.7/site-packages/airflow/bin/cli.py", line 442, in _run
[2019-05-01 13:57:20,621] {base_task_runner.py:101} INFO - Job 328: Subtask 6.Generate_Copied.hash     pool=args.pool,
[2019-05-01 13:57:20,621] {base_task_runner.py:101} INFO - Job 328: Subtask 6.Generate_Copied.hash   File "/home/mjcarleb/anaconda3/envs/airflow4/lib/python3.7/site-packages/airflow/utils/db.py", line 73, in wrapper
[2019-05-01 13:57:20,621] {base_task_runner.py:101} INFO - Job 328: Subtask 6.Generate_Copied.hash     return func(*args, **kwargs)
[2019-05-01 13:57:20,621] {base_task_runner.py:101} INFO - Job 328: Subtask 6.Generate_Copied.hash   File "/home/mjcarleb/anaconda3/envs/airflow4/lib/python3.7/site-packages/airflow/models/__init__.py", line 1441, in _run_raw_task
[2019-05-01 13:57:20,621] {base_task_runner.py:101} INFO - Job 328: Subtask 6.Generate_Copied.hash     result = task_copy.execute(context=context)
[2019-05-01 13:57:20,621] {base_task_runner.py:101} INFO - Job 328: Subtask 6.Generate_Copied.hash   File "/home/mjcarleb/anaconda3/envs/airflow4/lib/python3.7/site-packages/airflow/operators/bash_operator.py", line 135, in execute
[2019-05-01 13:57:20,621] {base_task_runner.py:101} INFO - Job 328: Subtask 6.Generate_Copied.hash     raise AirflowException("Bash command failed")
[2019-05-01 13:57:20,621] {base_task_runner.py:101} INFO - Job 328: Subtask 6.Generate_Copied.hash airflow.exceptions.AirflowException: Bash command failed
[2019-05-01 13:57:25,028] {logging_mixin.py:95} INFO - [2019-05-01 13:57:25,028] {jobs.py:2562} INFO - Task exited with return code 1
